[2023-10-30 21:48:11,793][INFO ][org.springframework.boot.StartupInfoLogger][main][51]Starting KaryawanApplication using Java 20 with PID 3748 (D:\Andika\BootCamp(SYNERGY)\Project\Testing\karyawan\target\classes started by Andika in D:\Andika\BootCamp(SYNERGY)\Project\Testing\karyawan)
[2023-10-30 21:48:11,794][INFO ][org.springframework.boot.SpringApplication][main][637]No active profile set, falling back to 1 default profile: "default"
[2023-10-30 21:48:12,246][INFO ][org.springframework.data.repository.config.RepositoryConfigurationDelegate][main][138]Bootstrapping Spring Data JPA repositories in DEFAULT mode.
[2023-10-30 21:48:12,286][INFO ][org.springframework.data.repository.config.RepositoryConfigurationDelegate][main][208]Finished Spring Data repository scanning in 32 ms. Found 2 JPA repository interfaces.
[2023-10-30 21:48:12,632][INFO ][org.springframework.boot.web.embedded.tomcat.TomcatWebServer][main][108]Tomcat initialized with port(s): 8081 (http)
[2023-10-30 21:48:12,637][INFO ][org.apache.juli.logging.DirectJDKLog][main][173]Initializing ProtocolHandler ["http-nio-8081"]
[2023-10-30 21:48:12,638][INFO ][org.apache.juli.logging.DirectJDKLog][main][173]Starting service [Tomcat]
[2023-10-30 21:48:12,639][INFO ][org.apache.juli.logging.DirectJDKLog][main][173]Starting Servlet engine: [Apache Tomcat/10.1.13]
[2023-10-30 21:48:12,693][INFO ][org.apache.juli.logging.DirectJDKLog][main][173]Initializing Spring embedded WebApplicationContext
[2023-10-30 21:48:12,693][INFO ][org.springframework.boot.web.servlet.context.ServletWebServerApplicationContext][main][291]Root WebApplicationContext: initialization completed in 873 ms
[2023-10-30 21:48:12,797][INFO ][org.hibernate.jpa.internal.util.LogHelper][main][31]HHH000204: Processing PersistenceUnitInfo [name: default]
[2023-10-30 21:48:12,831][INFO ][org.hibernate.Version][main][44]HHH000412: Hibernate ORM core version 6.2.9.Final
[2023-10-30 21:48:12,832][INFO ][org.hibernate.cfg.Environment][main][191]HHH000406: Using bytecode reflection optimizer
[2023-10-30 21:48:12,915][INFO ][org.hibernate.bytecode.internal.BytecodeProviderInitiator][main][53]HHH000021: Bytecode provider name : bytebuddy
[2023-10-30 21:48:13,004][INFO ][org.springframework.orm.jpa.persistenceunit.SpringPersistenceUnitInfo][main][87]No LoadTimeWeaver setup: ignoring JPA class transformer
[2023-10-30 21:48:13,014][INFO ][com.zaxxer.hikari.HikariDataSource][main][110]HikariPool-1 - Starting...
[2023-10-30 21:48:13,126][INFO ][com.zaxxer.hikari.pool.HikariPool][main][565]HikariPool-1 - Added connection org.postgresql.jdbc.PgConnection@6e00837f
[2023-10-30 21:48:13,127][INFO ][com.zaxxer.hikari.HikariDataSource][main][123]HikariPool-1 - Start completed.
[2023-10-30 21:48:13,350][INFO ][org.hibernate.bytecode.internal.BytecodeProviderInitiator][main][53]HHH000021: Bytecode provider name : bytebuddy
[2023-10-30 21:48:13,744][INFO ][org.hibernate.engine.transaction.jta.platform.internal.JtaPlatformInitiator][main][51]HHH000490: Using JtaPlatform implementation: [org.hibernate.engine.transaction.jta.platform.internal.NoJtaPlatform]
[2023-10-30 21:48:13,912][INFO ][org.springframework.orm.jpa.AbstractEntityManagerFactoryBean][main][437]Initialized JPA EntityManagerFactory for persistence unit 'default'
[2023-10-30 21:48:14,091][INFO ][org.springframework.data.jpa.repository.query.QueryEnhancerFactory][main][47]Hibernate is in classpath; If applicable, HQL parser will be used.
[2023-10-30 21:48:14,322][WARN ][org.springframework.boot.autoconfigure.orm.jpa.JpaBaseConfiguration$JpaWebConfiguration][main][231]spring.jpa.open-in-view is enabled by default. Therefore, database queries may be performed during view rendering. Explicitly configure spring.jpa.open-in-view to disable this warning
[2023-10-30 21:48:14,562][INFO ][org.apache.juli.logging.DirectJDKLog][main][173]Starting ProtocolHandler ["http-nio-8081"]
[2023-10-30 21:48:14,576][INFO ][org.springframework.boot.web.embedded.tomcat.TomcatWebServer][main][220]Tomcat started on port(s): 8081 (http) with context path '/api'
[2023-10-30 21:48:14,582][INFO ][org.springframework.boot.StartupInfoLogger][main][57]Started KaryawanApplication in 3.115 seconds (process running for 3.354)
[2023-10-30 21:48:18,592][INFO ][org.apache.juli.logging.DirectJDKLog][http-nio-8081-exec-1][173]Initializing Spring DispatcherServlet 'dispatcherServlet'
[2023-10-30 21:48:18,592][INFO ][org.springframework.web.servlet.FrameworkServlet][http-nio-8081-exec-1][532]Initializing Servlet 'dispatcherServlet'
[2023-10-30 21:48:18,592][INFO ][org.springframework.web.servlet.FrameworkServlet][http-nio-8081-exec-1][554]Completed initialization in 0 ms
[2023-10-30 22:01:12,440][INFO ][org.springframework.orm.jpa.AbstractEntityManagerFactoryBean][SpringApplicationShutdownHook][650]Closing JPA EntityManagerFactory for persistence unit 'default'
[2023-10-30 22:01:12,441][INFO ][com.zaxxer.hikari.HikariDataSource][SpringApplicationShutdownHook][350]HikariPool-1 - Shutdown initiated...
[2023-10-30 22:01:12,442][INFO ][com.zaxxer.hikari.HikariDataSource][SpringApplicationShutdownHook][352]HikariPool-1 - Shutdown completed.
