[2023-11-06 21:09:55,450][INFO ][org.springframework.boot.StartupInfoLogger][main][51]Starting KaryawanApplication using Java 20 with PID 37244 (D:\Andika\BootCamp(SYNERGY)\Project\Testing\karyawan\target\classes started by Andika in D:\Andika\BootCamp(SYNERGY)\Project\Testing\karyawan)
[2023-11-06 21:09:55,453][INFO ][org.springframework.boot.SpringApplication][main][637]No active profile set, falling back to 1 default profile: "default"
[2023-11-06 21:09:55,962][INFO ][org.springframework.data.repository.config.RepositoryConfigurationDelegate][main][138]Bootstrapping Spring Data JPA repositories in DEFAULT mode.
[2023-11-06 21:09:56,012][INFO ][org.springframework.data.repository.config.RepositoryConfigurationDelegate][main][208]Finished Spring Data repository scanning in 44 ms. Found 5 JPA repository interfaces.
[2023-11-06 21:09:56,428][INFO ][org.springframework.boot.web.embedded.tomcat.TomcatWebServer][main][108]Tomcat initialized with port(s): 8081 (http)
[2023-11-06 21:09:56,433][INFO ][org.apache.juli.logging.DirectJDKLog][main][173]Initializing ProtocolHandler ["http-nio-8081"]
[2023-11-06 21:09:56,435][INFO ][org.apache.juli.logging.DirectJDKLog][main][173]Starting service [Tomcat]
[2023-11-06 21:09:56,435][INFO ][org.apache.juli.logging.DirectJDKLog][main][173]Starting Servlet engine: [Apache Tomcat/10.1.13]
[2023-11-06 21:09:56,500][INFO ][org.apache.juli.logging.DirectJDKLog][main][173]Initializing Spring embedded WebApplicationContext
[2023-11-06 21:09:56,502][INFO ][org.springframework.boot.web.servlet.context.ServletWebServerApplicationContext][main][291]Root WebApplicationContext: initialization completed in 1015 ms
[2023-11-06 21:09:56,646][INFO ][org.hibernate.jpa.internal.util.LogHelper][main][31]HHH000204: Processing PersistenceUnitInfo [name: default]
[2023-11-06 21:09:56,707][INFO ][org.hibernate.Version][main][44]HHH000412: Hibernate ORM core version 6.2.9.Final
[2023-11-06 21:09:56,709][INFO ][org.hibernate.cfg.Environment][main][191]HHH000406: Using bytecode reflection optimizer
[2023-11-06 21:09:56,808][INFO ][org.hibernate.bytecode.internal.BytecodeProviderInitiator][main][53]HHH000021: Bytecode provider name : bytebuddy
[2023-11-06 21:09:56,911][INFO ][org.springframework.orm.jpa.persistenceunit.SpringPersistenceUnitInfo][main][87]No LoadTimeWeaver setup: ignoring JPA class transformer
[2023-11-06 21:09:56,924][INFO ][com.zaxxer.hikari.HikariDataSource][main][110]HikariPool-1 - Starting...
[2023-11-06 21:09:57,114][INFO ][com.zaxxer.hikari.pool.HikariPool][main][565]HikariPool-1 - Added connection org.postgresql.jdbc.PgConnection@5d767218
[2023-11-06 21:09:57,115][INFO ][com.zaxxer.hikari.HikariDataSource][main][123]HikariPool-1 - Start completed.
[2023-11-06 21:09:57,400][INFO ][org.hibernate.bytecode.internal.BytecodeProviderInitiator][main][53]HHH000021: Bytecode provider name : bytebuddy
[2023-11-06 21:09:57,833][INFO ][org.hibernate.engine.transaction.jta.platform.internal.JtaPlatformInitiator][main][51]HHH000490: Using JtaPlatform implementation: [org.hibernate.engine.transaction.jta.platform.internal.NoJtaPlatform]
[2023-11-06 21:09:57,920][INFO ][org.springframework.orm.jpa.AbstractEntityManagerFactoryBean][main][437]Initialized JPA EntityManagerFactory for persistence unit 'default'
[2023-11-06 21:09:58,129][INFO ][org.springframework.data.jpa.repository.query.QueryEnhancerFactory][main][47]Hibernate is in classpath; If applicable, HQL parser will be used.
[2023-11-06 21:09:58,475][WARN ][org.springframework.boot.autoconfigure.orm.jpa.JpaBaseConfiguration$JpaWebConfiguration][main][231]spring.jpa.open-in-view is enabled by default. Therefore, database queries may be performed during view rendering. Explicitly configure spring.jpa.open-in-view to disable this warning
[2023-11-06 21:09:59,030][INFO ][org.apache.juli.logging.DirectJDKLog][main][173]Starting ProtocolHandler ["http-nio-8081"]
[2023-11-06 21:09:59,047][INFO ][org.springframework.boot.web.embedded.tomcat.TomcatWebServer][main][220]Tomcat started on port(s): 8081 (http) with context path '/api'
[2023-11-06 21:09:59,055][INFO ][org.springframework.boot.StartupInfoLogger][main][57]Started KaryawanApplication in 3.933 seconds (process running for 4.189)
[2023-11-06 21:11:05,826][INFO ][org.apache.juli.logging.DirectJDKLog][http-nio-8081-exec-1][173]Initializing Spring DispatcherServlet 'dispatcherServlet'
[2023-11-06 21:11:05,826][INFO ][org.springframework.web.servlet.FrameworkServlet][http-nio-8081-exec-1][532]Initializing Servlet 'dispatcherServlet'
[2023-11-06 21:11:05,827][INFO ][org.springframework.web.servlet.FrameworkServlet][http-nio-8081-exec-1][554]Completed initialization in 1 ms
[2023-11-06 21:11:54,753][INFO ][org.springframework.orm.jpa.AbstractEntityManagerFactoryBean][SpringApplicationShutdownHook][650]Closing JPA EntityManagerFactory for persistence unit 'default'
[2023-11-06 21:11:54,754][INFO ][com.zaxxer.hikari.HikariDataSource][SpringApplicationShutdownHook][350]HikariPool-1 - Shutdown initiated...
[2023-11-06 21:11:54,756][INFO ][com.zaxxer.hikari.HikariDataSource][SpringApplicationShutdownHook][352]HikariPool-1 - Shutdown completed.
[2023-11-06 21:16:06,447][INFO ][org.springframework.boot.StartupInfoLogger][main][51]Starting KaryawanApplication using Java 20 with PID 10144 (D:\Andika\BootCamp(SYNERGY)\Project\Testing\karyawan\target\classes started by Andika in D:\Andika\BootCamp(SYNERGY)\Project\Testing\karyawan)
[2023-11-06 21:16:06,448][INFO ][org.springframework.boot.SpringApplication][main][637]No active profile set, falling back to 1 default profile: "default"
[2023-11-06 21:16:06,774][INFO ][org.springframework.data.repository.config.RepositoryConfigurationDelegate][main][138]Bootstrapping Spring Data JPA repositories in DEFAULT mode.
[2023-11-06 21:16:06,811][INFO ][org.springframework.data.repository.config.RepositoryConfigurationDelegate][main][208]Finished Spring Data repository scanning in 33 ms. Found 5 JPA repository interfaces.
[2023-11-06 21:16:07,133][INFO ][org.springframework.boot.web.embedded.tomcat.TomcatWebServer][main][108]Tomcat initialized with port(s): 8081 (http)
[2023-11-06 21:16:07,137][INFO ][org.apache.juli.logging.DirectJDKLog][main][173]Initializing ProtocolHandler ["http-nio-8081"]
[2023-11-06 21:16:07,139][INFO ][org.apache.juli.logging.DirectJDKLog][main][173]Starting service [Tomcat]
[2023-11-06 21:16:07,139][INFO ][org.apache.juli.logging.DirectJDKLog][main][173]Starting Servlet engine: [Apache Tomcat/10.1.13]
[2023-11-06 21:16:07,195][INFO ][org.apache.juli.logging.DirectJDKLog][main][173]Initializing Spring embedded WebApplicationContext
[2023-11-06 21:16:07,195][INFO ][org.springframework.boot.web.servlet.context.ServletWebServerApplicationContext][main][291]Root WebApplicationContext: initialization completed in 721 ms
[2023-11-06 21:16:07,292][INFO ][org.hibernate.jpa.internal.util.LogHelper][main][31]HHH000204: Processing PersistenceUnitInfo [name: default]
[2023-11-06 21:16:07,317][INFO ][org.hibernate.Version][main][44]HHH000412: Hibernate ORM core version 6.2.9.Final
[2023-11-06 21:16:07,319][INFO ][org.hibernate.cfg.Environment][main][191]HHH000406: Using bytecode reflection optimizer
[2023-11-06 21:16:07,383][INFO ][org.hibernate.bytecode.internal.BytecodeProviderInitiator][main][53]HHH000021: Bytecode provider name : bytebuddy
[2023-11-06 21:16:07,452][INFO ][org.springframework.orm.jpa.persistenceunit.SpringPersistenceUnitInfo][main][87]No LoadTimeWeaver setup: ignoring JPA class transformer
[2023-11-06 21:16:07,459][INFO ][com.zaxxer.hikari.HikariDataSource][main][110]HikariPool-1 - Starting...
[2023-11-06 21:16:07,561][INFO ][com.zaxxer.hikari.pool.HikariPool][main][565]HikariPool-1 - Added connection org.postgresql.jdbc.PgConnection@4baf997
[2023-11-06 21:16:07,562][INFO ][com.zaxxer.hikari.HikariDataSource][main][123]HikariPool-1 - Start completed.
[2023-11-06 21:16:07,738][INFO ][org.hibernate.bytecode.internal.BytecodeProviderInitiator][main][53]HHH000021: Bytecode provider name : bytebuddy
[2023-11-06 21:16:08,100][INFO ][org.hibernate.engine.transaction.jta.platform.internal.JtaPlatformInitiator][main][51]HHH000490: Using JtaPlatform implementation: [org.hibernate.engine.transaction.jta.platform.internal.NoJtaPlatform]
[2023-11-06 21:16:08,158][INFO ][org.springframework.orm.jpa.AbstractEntityManagerFactoryBean][main][437]Initialized JPA EntityManagerFactory for persistence unit 'default'
[2023-11-06 21:16:08,298][INFO ][org.springframework.data.jpa.repository.query.QueryEnhancerFactory][main][47]Hibernate is in classpath; If applicable, HQL parser will be used.
[2023-11-06 21:16:08,559][WARN ][org.springframework.boot.autoconfigure.orm.jpa.JpaBaseConfiguration$JpaWebConfiguration][main][231]spring.jpa.open-in-view is enabled by default. Therefore, database queries may be performed during view rendering. Explicitly configure spring.jpa.open-in-view to disable this warning
[2023-11-06 21:16:09,092][INFO ][org.apache.juli.logging.DirectJDKLog][main][173]Starting ProtocolHandler ["http-nio-8081"]
[2023-11-06 21:16:09,113][INFO ][org.springframework.boot.web.embedded.tomcat.TomcatWebServer][main][220]Tomcat started on port(s): 8081 (http) with context path '/api'
[2023-11-06 21:16:09,118][INFO ][org.springframework.boot.StartupInfoLogger][main][57]Started KaryawanApplication in 2.924 seconds (process running for 3.117)
[2023-11-06 21:16:09,155][INFO ][org.apache.juli.logging.DirectJDKLog][http-nio-8081-exec-1][173]Initializing Spring DispatcherServlet 'dispatcherServlet'
[2023-11-06 21:16:09,155][INFO ][org.springframework.web.servlet.FrameworkServlet][http-nio-8081-exec-1][532]Initializing Servlet 'dispatcherServlet'
[2023-11-06 21:16:09,156][INFO ][org.springframework.web.servlet.FrameworkServlet][http-nio-8081-exec-1][554]Completed initialization in 1 ms
[2023-11-06 21:26:42,774][INFO ][org.springframework.orm.jpa.AbstractEntityManagerFactoryBean][SpringApplicationShutdownHook][650]Closing JPA EntityManagerFactory for persistence unit 'default'
[2023-11-06 21:26:42,776][INFO ][com.zaxxer.hikari.HikariDataSource][SpringApplicationShutdownHook][350]HikariPool-1 - Shutdown initiated...
[2023-11-06 21:26:42,778][INFO ][com.zaxxer.hikari.HikariDataSource][SpringApplicationShutdownHook][352]HikariPool-1 - Shutdown completed.
[2023-11-06 21:26:44,716][INFO ][org.springframework.boot.StartupInfoLogger][main][51]Starting KaryawanApplication using Java 20 with PID 28928 (D:\Andika\BootCamp(SYNERGY)\Project\Testing\karyawan\target\classes started by Andika in D:\Andika\BootCamp(SYNERGY)\Project\Testing\karyawan)
[2023-11-06 21:26:44,717][INFO ][org.springframework.boot.SpringApplication][main][637]No active profile set, falling back to 1 default profile: "default"
[2023-11-06 21:26:45,072][INFO ][org.springframework.data.repository.config.RepositoryConfigurationDelegate][main][138]Bootstrapping Spring Data JPA repositories in DEFAULT mode.
[2023-11-06 21:26:45,114][INFO ][org.springframework.data.repository.config.RepositoryConfigurationDelegate][main][208]Finished Spring Data repository scanning in 37 ms. Found 5 JPA repository interfaces.
[2023-11-06 21:26:45,446][INFO ][org.springframework.boot.web.embedded.tomcat.TomcatWebServer][main][108]Tomcat initialized with port(s): 8081 (http)
[2023-11-06 21:26:45,451][INFO ][org.apache.juli.logging.DirectJDKLog][main][173]Initializing ProtocolHandler ["http-nio-8081"]
[2023-11-06 21:26:45,452][INFO ][org.apache.juli.logging.DirectJDKLog][main][173]Starting service [Tomcat]
[2023-11-06 21:26:45,452][INFO ][org.apache.juli.logging.DirectJDKLog][main][173]Starting Servlet engine: [Apache Tomcat/10.1.13]
[2023-11-06 21:26:45,504][INFO ][org.apache.juli.logging.DirectJDKLog][main][173]Initializing Spring embedded WebApplicationContext
[2023-11-06 21:26:45,505][INFO ][org.springframework.boot.web.servlet.context.ServletWebServerApplicationContext][main][291]Root WebApplicationContext: initialization completed in 761 ms
[2023-11-06 21:26:45,614][INFO ][org.hibernate.jpa.internal.util.LogHelper][main][31]HHH000204: Processing PersistenceUnitInfo [name: default]
[2023-11-06 21:26:45,645][INFO ][org.hibernate.Version][main][44]HHH000412: Hibernate ORM core version 6.2.9.Final
[2023-11-06 21:26:45,647][INFO ][org.hibernate.cfg.Environment][main][191]HHH000406: Using bytecode reflection optimizer
[2023-11-06 21:26:45,711][INFO ][org.hibernate.bytecode.internal.BytecodeProviderInitiator][main][53]HHH000021: Bytecode provider name : bytebuddy
[2023-11-06 21:26:45,780][INFO ][org.springframework.orm.jpa.persistenceunit.SpringPersistenceUnitInfo][main][87]No LoadTimeWeaver setup: ignoring JPA class transformer
[2023-11-06 21:26:45,789][INFO ][com.zaxxer.hikari.HikariDataSource][main][110]HikariPool-1 - Starting...
[2023-11-06 21:26:45,887][INFO ][com.zaxxer.hikari.pool.HikariPool][main][565]HikariPool-1 - Added connection org.postgresql.jdbc.PgConnection@7babed9e
[2023-11-06 21:26:45,888][INFO ][com.zaxxer.hikari.HikariDataSource][main][123]HikariPool-1 - Start completed.
[2023-11-06 21:26:46,095][INFO ][org.hibernate.bytecode.internal.BytecodeProviderInitiator][main][53]HHH000021: Bytecode provider name : bytebuddy
[2023-11-06 21:26:46,475][INFO ][org.hibernate.engine.transaction.jta.platform.internal.JtaPlatformInitiator][main][51]HHH000490: Using JtaPlatform implementation: [org.hibernate.engine.transaction.jta.platform.internal.NoJtaPlatform]
[2023-11-06 21:26:46,532][INFO ][org.springframework.orm.jpa.AbstractEntityManagerFactoryBean][main][437]Initialized JPA EntityManagerFactory for persistence unit 'default'
[2023-11-06 21:26:46,677][INFO ][org.springframework.data.jpa.repository.query.QueryEnhancerFactory][main][47]Hibernate is in classpath; If applicable, HQL parser will be used.
[2023-11-06 21:26:46,966][WARN ][org.springframework.boot.autoconfigure.orm.jpa.JpaBaseConfiguration$JpaWebConfiguration][main][231]spring.jpa.open-in-view is enabled by default. Therefore, database queries may be performed during view rendering. Explicitly configure spring.jpa.open-in-view to disable this warning
[2023-11-06 21:26:47,444][INFO ][org.apache.juli.logging.DirectJDKLog][main][173]Starting ProtocolHandler ["http-nio-8081"]
[2023-11-06 21:26:47,468][INFO ][org.springframework.boot.web.embedded.tomcat.TomcatWebServer][main][220]Tomcat started on port(s): 8081 (http) with context path '/api'
[2023-11-06 21:26:47,476][INFO ][org.springframework.boot.StartupInfoLogger][main][57]Started KaryawanApplication in 3.01 seconds (process running for 3.205)
[2023-11-06 21:29:09,996][INFO ][org.springframework.orm.jpa.AbstractEntityManagerFactoryBean][SpringApplicationShutdownHook][650]Closing JPA EntityManagerFactory for persistence unit 'default'
[2023-11-06 21:29:09,998][INFO ][com.zaxxer.hikari.HikariDataSource][SpringApplicationShutdownHook][350]HikariPool-1 - Shutdown initiated...
[2023-11-06 21:29:09,999][INFO ][com.zaxxer.hikari.HikariDataSource][SpringApplicationShutdownHook][352]HikariPool-1 - Shutdown completed.
[2023-11-06 21:29:14,269][INFO ][org.springframework.boot.StartupInfoLogger][main][51]Starting KaryawanApplication using Java 20 with PID 37504 (D:\Andika\BootCamp(SYNERGY)\Project\Testing\karyawan\target\classes started by Andika in D:\Andika\BootCamp(SYNERGY)\Project\Testing\karyawan)
[2023-11-06 21:29:14,271][INFO ][org.springframework.boot.SpringApplication][main][637]No active profile set, falling back to 1 default profile: "default"
[2023-11-06 21:29:14,669][INFO ][org.springframework.data.repository.config.RepositoryConfigurationDelegate][main][138]Bootstrapping Spring Data JPA repositories in DEFAULT mode.
[2023-11-06 21:29:14,709][INFO ][org.springframework.data.repository.config.RepositoryConfigurationDelegate][main][208]Finished Spring Data repository scanning in 35 ms. Found 5 JPA repository interfaces.
[2023-11-06 21:29:15,048][INFO ][org.springframework.boot.web.embedded.tomcat.TomcatWebServer][main][108]Tomcat initialized with port(s): 8081 (http)
[2023-11-06 21:29:15,053][INFO ][org.apache.juli.logging.DirectJDKLog][main][173]Initializing ProtocolHandler ["http-nio-8081"]
[2023-11-06 21:29:15,055][INFO ][org.apache.juli.logging.DirectJDKLog][main][173]Starting service [Tomcat]
[2023-11-06 21:29:15,055][INFO ][org.apache.juli.logging.DirectJDKLog][main][173]Starting Servlet engine: [Apache Tomcat/10.1.13]
[2023-11-06 21:29:15,111][INFO ][org.apache.juli.logging.DirectJDKLog][main][173]Initializing Spring embedded WebApplicationContext
[2023-11-06 21:29:15,111][INFO ][org.springframework.boot.web.servlet.context.ServletWebServerApplicationContext][main][291]Root WebApplicationContext: initialization completed in 816 ms
[2023-11-06 21:29:15,200][INFO ][org.hibernate.jpa.internal.util.LogHelper][main][31]HHH000204: Processing PersistenceUnitInfo [name: default]
[2023-11-06 21:29:15,240][INFO ][org.hibernate.Version][main][44]HHH000412: Hibernate ORM core version 6.2.9.Final
[2023-11-06 21:29:15,242][INFO ][org.hibernate.cfg.Environment][main][191]HHH000406: Using bytecode reflection optimizer
[2023-11-06 21:29:15,307][INFO ][org.hibernate.bytecode.internal.BytecodeProviderInitiator][main][53]HHH000021: Bytecode provider name : bytebuddy
[2023-11-06 21:29:15,379][INFO ][org.springframework.orm.jpa.persistenceunit.SpringPersistenceUnitInfo][main][87]No LoadTimeWeaver setup: ignoring JPA class transformer
[2023-11-06 21:29:15,389][INFO ][com.zaxxer.hikari.HikariDataSource][main][110]HikariPool-1 - Starting...
[2023-11-06 21:29:15,508][INFO ][com.zaxxer.hikari.pool.HikariPool][main][565]HikariPool-1 - Added connection org.postgresql.jdbc.PgConnection@49190ed6
[2023-11-06 21:29:15,509][INFO ][com.zaxxer.hikari.HikariDataSource][main][123]HikariPool-1 - Start completed.
[2023-11-06 21:29:15,708][INFO ][org.hibernate.bytecode.internal.BytecodeProviderInitiator][main][53]HHH000021: Bytecode provider name : bytebuddy
[2023-11-06 21:29:16,071][INFO ][org.hibernate.engine.transaction.jta.platform.internal.JtaPlatformInitiator][main][51]HHH000490: Using JtaPlatform implementation: [org.hibernate.engine.transaction.jta.platform.internal.NoJtaPlatform]
[2023-11-06 21:29:16,129][INFO ][org.springframework.orm.jpa.AbstractEntityManagerFactoryBean][main][437]Initialized JPA EntityManagerFactory for persistence unit 'default'
[2023-11-06 21:29:16,285][INFO ][org.springframework.data.jpa.repository.query.QueryEnhancerFactory][main][47]Hibernate is in classpath; If applicable, HQL parser will be used.
[2023-11-06 21:29:16,640][WARN ][org.springframework.boot.autoconfigure.orm.jpa.JpaBaseConfiguration$JpaWebConfiguration][main][231]spring.jpa.open-in-view is enabled by default. Therefore, database queries may be performed during view rendering. Explicitly configure spring.jpa.open-in-view to disable this warning
[2023-11-06 21:29:16,939][INFO ][org.apache.juli.logging.DirectJDKLog][main][173]Starting ProtocolHandler ["http-nio-8081"]
[2023-11-06 21:29:16,953][INFO ][org.springframework.boot.web.embedded.tomcat.TomcatWebServer][main][220]Tomcat started on port(s): 8081 (http) with context path '/api'
[2023-11-06 21:29:16,958][INFO ][org.springframework.boot.StartupInfoLogger][main][57]Started KaryawanApplication in 2.972 seconds (process running for 3.163)
[2023-11-06 21:29:32,952][INFO ][org.apache.juli.logging.DirectJDKLog][http-nio-8081-exec-1][173]Initializing Spring DispatcherServlet 'dispatcherServlet'
[2023-11-06 21:29:32,952][INFO ][org.springframework.web.servlet.FrameworkServlet][http-nio-8081-exec-1][532]Initializing Servlet 'dispatcherServlet'
[2023-11-06 21:29:32,953][INFO ][org.springframework.web.servlet.FrameworkServlet][http-nio-8081-exec-1][554]Completed initialization in 1 ms
[2023-11-06 21:29:33,592][INFO ][org.springdoc.api.AbstractOpenApiResource][http-nio-8081-exec-10][387]Init duration for springdoc-openapi is: 263 ms
[2023-11-06 21:30:11,268][INFO ][org.springframework.orm.jpa.AbstractEntityManagerFactoryBean][SpringApplicationShutdownHook][650]Closing JPA EntityManagerFactory for persistence unit 'default'
[2023-11-06 21:30:11,269][INFO ][com.zaxxer.hikari.HikariDataSource][SpringApplicationShutdownHook][350]HikariPool-1 - Shutdown initiated...
[2023-11-06 21:30:11,271][INFO ][com.zaxxer.hikari.HikariDataSource][SpringApplicationShutdownHook][352]HikariPool-1 - Shutdown completed.
[2023-11-06 21:30:13,637][INFO ][org.springframework.boot.StartupInfoLogger][main][51]Starting KaryawanApplication using Java 20 with PID 32936 (D:\Andika\BootCamp(SYNERGY)\Project\Testing\karyawan\target\classes started by Andika in D:\Andika\BootCamp(SYNERGY)\Project\Testing\karyawan)
[2023-11-06 21:30:13,638][INFO ][org.springframework.boot.SpringApplication][main][637]No active profile set, falling back to 1 default profile: "default"
[2023-11-06 21:30:14,029][INFO ][org.springframework.data.repository.config.RepositoryConfigurationDelegate][main][138]Bootstrapping Spring Data JPA repositories in DEFAULT mode.
[2023-11-06 21:30:14,073][INFO ][org.springframework.data.repository.config.RepositoryConfigurationDelegate][main][208]Finished Spring Data repository scanning in 40 ms. Found 5 JPA repository interfaces.
[2023-11-06 21:30:14,419][INFO ][org.springframework.boot.web.embedded.tomcat.TomcatWebServer][main][108]Tomcat initialized with port(s): 8081 (http)
[2023-11-06 21:30:14,424][INFO ][org.apache.juli.logging.DirectJDKLog][main][173]Initializing ProtocolHandler ["http-nio-8081"]
[2023-11-06 21:30:14,425][INFO ][org.apache.juli.logging.DirectJDKLog][main][173]Starting service [Tomcat]
[2023-11-06 21:30:14,426][INFO ][org.apache.juli.logging.DirectJDKLog][main][173]Starting Servlet engine: [Apache Tomcat/10.1.13]
[2023-11-06 21:30:14,477][INFO ][org.apache.juli.logging.DirectJDKLog][main][173]Initializing Spring embedded WebApplicationContext
[2023-11-06 21:30:14,477][INFO ][org.springframework.boot.web.servlet.context.ServletWebServerApplicationContext][main][291]Root WebApplicationContext: initialization completed in 811 ms
[2023-11-06 21:30:14,574][INFO ][org.hibernate.jpa.internal.util.LogHelper][main][31]HHH000204: Processing PersistenceUnitInfo [name: default]
[2023-11-06 21:30:14,604][INFO ][org.hibernate.Version][main][44]HHH000412: Hibernate ORM core version 6.2.9.Final
[2023-11-06 21:30:14,606][INFO ][org.hibernate.cfg.Environment][main][191]HHH000406: Using bytecode reflection optimizer
[2023-11-06 21:30:14,668][INFO ][org.hibernate.bytecode.internal.BytecodeProviderInitiator][main][53]HHH000021: Bytecode provider name : bytebuddy
[2023-11-06 21:30:14,738][INFO ][org.springframework.orm.jpa.persistenceunit.SpringPersistenceUnitInfo][main][87]No LoadTimeWeaver setup: ignoring JPA class transformer
[2023-11-06 21:30:14,747][INFO ][com.zaxxer.hikari.HikariDataSource][main][110]HikariPool-1 - Starting...
[2023-11-06 21:30:14,843][INFO ][com.zaxxer.hikari.pool.HikariPool][main][565]HikariPool-1 - Added connection org.postgresql.jdbc.PgConnection@15d65fcf
[2023-11-06 21:30:14,844][INFO ][com.zaxxer.hikari.HikariDataSource][main][123]HikariPool-1 - Start completed.
[2023-11-06 21:30:15,036][INFO ][org.hibernate.bytecode.internal.BytecodeProviderInitiator][main][53]HHH000021: Bytecode provider name : bytebuddy
[2023-11-06 21:30:15,417][INFO ][org.hibernate.engine.transaction.jta.platform.internal.JtaPlatformInitiator][main][51]HHH000490: Using JtaPlatform implementation: [org.hibernate.engine.transaction.jta.platform.internal.NoJtaPlatform]
[2023-11-06 21:30:15,473][INFO ][org.springframework.orm.jpa.AbstractEntityManagerFactoryBean][main][437]Initialized JPA EntityManagerFactory for persistence unit 'default'
[2023-11-06 21:30:15,610][INFO ][org.springframework.data.jpa.repository.query.QueryEnhancerFactory][main][47]Hibernate is in classpath; If applicable, HQL parser will be used.
[2023-11-06 21:30:15,986][WARN ][org.springframework.boot.autoconfigure.orm.jpa.JpaBaseConfiguration$JpaWebConfiguration][main][231]spring.jpa.open-in-view is enabled by default. Therefore, database queries may be performed during view rendering. Explicitly configure spring.jpa.open-in-view to disable this warning
[2023-11-06 21:30:16,333][INFO ][org.apache.juli.logging.DirectJDKLog][main][173]Starting ProtocolHandler ["http-nio-8081"]
[2023-11-06 21:30:16,347][INFO ][org.springframework.boot.web.embedded.tomcat.TomcatWebServer][main][220]Tomcat started on port(s): 8081 (http) with context path '/api'
[2023-11-06 21:30:16,352][INFO ][org.springframework.boot.StartupInfoLogger][main][57]Started KaryawanApplication in 2.974 seconds (process running for 3.164)
[2023-11-06 21:34:11,909][INFO ][org.springframework.orm.jpa.AbstractEntityManagerFactoryBean][SpringApplicationShutdownHook][650]Closing JPA EntityManagerFactory for persistence unit 'default'
[2023-11-06 21:34:11,910][INFO ][com.zaxxer.hikari.HikariDataSource][SpringApplicationShutdownHook][350]HikariPool-1 - Shutdown initiated...
[2023-11-06 21:34:11,912][INFO ][com.zaxxer.hikari.HikariDataSource][SpringApplicationShutdownHook][352]HikariPool-1 - Shutdown completed.
[2023-11-06 21:34:17,089][INFO ][org.springframework.boot.StartupInfoLogger][main][51]Starting KaryawanApplication using Java 20 with PID 17524 (D:\Andika\BootCamp(SYNERGY)\Project\Testing\karyawan\target\classes started by Andika in D:\Andika\BootCamp(SYNERGY)\Project\Testing\karyawan)
[2023-11-06 21:34:17,090][INFO ][org.springframework.boot.SpringApplication][main][637]No active profile set, falling back to 1 default profile: "default"
[2023-11-06 21:34:17,497][INFO ][org.springframework.data.repository.config.RepositoryConfigurationDelegate][main][138]Bootstrapping Spring Data JPA repositories in DEFAULT mode.
[2023-11-06 21:34:17,605][INFO ][org.springframework.data.repository.config.RepositoryConfigurationDelegate][main][208]Finished Spring Data repository scanning in 105 ms. Found 5 JPA repository interfaces.
[2023-11-06 21:34:17,955][INFO ][org.springframework.boot.web.embedded.tomcat.TomcatWebServer][main][108]Tomcat initialized with port(s): 8081 (http)
[2023-11-06 21:34:17,960][INFO ][org.apache.juli.logging.DirectJDKLog][main][173]Initializing ProtocolHandler ["http-nio-8081"]
[2023-11-06 21:34:17,962][INFO ][org.apache.juli.logging.DirectJDKLog][main][173]Starting service [Tomcat]
[2023-11-06 21:34:17,962][INFO ][org.apache.juli.logging.DirectJDKLog][main][173]Starting Servlet engine: [Apache Tomcat/10.1.13]
[2023-11-06 21:34:18,015][INFO ][org.apache.juli.logging.DirectJDKLog][main][173]Initializing Spring embedded WebApplicationContext
[2023-11-06 21:34:18,015][INFO ][org.springframework.boot.web.servlet.context.ServletWebServerApplicationContext][main][291]Root WebApplicationContext: initialization completed in 895 ms
[2023-11-06 21:34:18,130][INFO ][org.hibernate.jpa.internal.util.LogHelper][main][31]HHH000204: Processing PersistenceUnitInfo [name: default]
[2023-11-06 21:34:18,176][INFO ][org.hibernate.Version][main][44]HHH000412: Hibernate ORM core version 6.2.9.Final
[2023-11-06 21:34:18,178][INFO ][org.hibernate.cfg.Environment][main][191]HHH000406: Using bytecode reflection optimizer
[2023-11-06 21:34:18,272][INFO ][org.hibernate.bytecode.internal.BytecodeProviderInitiator][main][53]HHH000021: Bytecode provider name : bytebuddy
[2023-11-06 21:34:18,357][INFO ][org.springframework.orm.jpa.persistenceunit.SpringPersistenceUnitInfo][main][87]No LoadTimeWeaver setup: ignoring JPA class transformer
[2023-11-06 21:34:18,367][INFO ][com.zaxxer.hikari.HikariDataSource][main][110]HikariPool-1 - Starting...
[2023-11-06 21:34:18,498][INFO ][com.zaxxer.hikari.pool.HikariPool][main][565]HikariPool-1 - Added connection org.postgresql.jdbc.PgConnection@76af34b5
[2023-11-06 21:34:18,500][INFO ][com.zaxxer.hikari.HikariDataSource][main][123]HikariPool-1 - Start completed.
[2023-11-06 21:34:18,693][INFO ][org.hibernate.bytecode.internal.BytecodeProviderInitiator][main][53]HHH000021: Bytecode provider name : bytebuddy
[2023-11-06 21:34:19,067][INFO ][org.hibernate.engine.transaction.jta.platform.internal.JtaPlatformInitiator][main][51]HHH000490: Using JtaPlatform implementation: [org.hibernate.engine.transaction.jta.platform.internal.NoJtaPlatform]
[2023-11-06 21:34:19,125][INFO ][org.springframework.orm.jpa.AbstractEntityManagerFactoryBean][main][437]Initialized JPA EntityManagerFactory for persistence unit 'default'
[2023-11-06 21:34:19,266][INFO ][org.springframework.data.jpa.repository.query.QueryEnhancerFactory][main][47]Hibernate is in classpath; If applicable, HQL parser will be used.
[2023-11-06 21:34:19,585][WARN ][org.springframework.boot.autoconfigure.orm.jpa.JpaBaseConfiguration$JpaWebConfiguration][main][231]spring.jpa.open-in-view is enabled by default. Therefore, database queries may be performed during view rendering. Explicitly configure spring.jpa.open-in-view to disable this warning
[2023-11-06 21:34:19,765][WARN ][org.springframework.context.support.AbstractApplicationContext][main][616]Exception encountered during context initialization - cancelling refresh attempt: org.springframework.beans.factory.BeanCreationException: Error creating bean with name 'requestMappingHandlerMapping' defined in class path resource [org/springframework/boot/autoconfigure/web/servlet/WebMvcAutoConfiguration$EnableWebMvcConfiguration.class]: Failed to introspect Class [org.springdoc.webmvc.api.OpenApiWebMvcResource] from ClassLoader [jdk.internal.loader.ClassLoaders$AppClassLoader@76ed5528]
[2023-11-06 21:34:19,766][INFO ][org.springframework.orm.jpa.AbstractEntityManagerFactoryBean][main][650]Closing JPA EntityManagerFactory for persistence unit 'default'
[2023-11-06 21:34:19,769][INFO ][com.zaxxer.hikari.HikariDataSource][main][350]HikariPool-1 - Shutdown initiated...
[2023-11-06 21:34:19,771][INFO ][com.zaxxer.hikari.HikariDataSource][main][352]HikariPool-1 - Shutdown completed.
[2023-11-06 21:34:19,773][INFO ][org.apache.juli.logging.DirectJDKLog][main][173]Stopping service [Tomcat]
[2023-11-06 21:34:19,780][INFO ][org.springframework.boot.autoconfigure.logging.ConditionEvaluationReportLogger][main][82]

Error starting ApplicationContext. To display the condition evaluation report re-run your application with 'debug' enabled.
[2023-11-06 21:34:19,793][ERROR][org.springframework.boot.SpringApplication][main][827]Application run failed
org.springframework.beans.factory.BeanCreationException: Error creating bean with name 'requestMappingHandlerMapping' defined in class path resource [org/springframework/boot/autoconfigure/web/servlet/WebMvcAutoConfiguration$EnableWebMvcConfiguration.class]: Failed to introspect Class [org.springdoc.webmvc.api.OpenApiWebMvcResource] from ClassLoader [jdk.internal.loader.ClassLoaders$AppClassLoader@76ed5528]
	at org.springframework.beans.factory.support.AbstractAutowireCapableBeanFactory.initializeBean(AbstractAutowireCapableBeanFactory.java:1770)
	at org.springframework.beans.factory.support.AbstractAutowireCapableBeanFactory.doCreateBean(AbstractAutowireCapableBeanFactory.java:598)
	at org.springframework.beans.factory.support.AbstractAutowireCapableBeanFactory.createBean(AbstractAutowireCapableBeanFactory.java:520)
	at org.springframework.beans.factory.support.AbstractBeanFactory.lambda$doGetBean$0(AbstractBeanFactory.java:325)
	at org.springframework.beans.factory.support.DefaultSingletonBeanRegistry.getSingleton(DefaultSingletonBeanRegistry.java:234)
	at org.springframework.beans.factory.support.AbstractBeanFactory.doGetBean(AbstractBeanFactory.java:323)
	at org.springframework.beans.factory.support.AbstractBeanFactory.getBean(AbstractBeanFactory.java:199)
	at org.springframework.beans.factory.support.DefaultListableBeanFactory.preInstantiateSingletons(DefaultListableBeanFactory.java:973)
	at org.springframework.context.support.AbstractApplicationContext.finishBeanFactoryInitialization(AbstractApplicationContext.java:942)
	at org.springframework.context.support.AbstractApplicationContext.refresh(AbstractApplicationContext.java:608)
	at org.springframework.boot.web.servlet.context.ServletWebServerApplicationContext.refresh(ServletWebServerApplicationContext.java:146)
	at org.springframework.boot.SpringApplication.refresh(SpringApplication.java:737)
	at org.springframework.boot.SpringApplication.refreshContext(SpringApplication.java:439)
	at org.springframework.boot.SpringApplication.run(SpringApplication.java:315)
	at org.springframework.boot.SpringApplication.run(SpringApplication.java:1309)
	at org.springframework.boot.SpringApplication.run(SpringApplication.java:1298)
	at com.aplikasi.karyawan.KaryawanApplication.main(KaryawanApplication.java:11)
Caused by: java.lang.IllegalStateException: Failed to introspect Class [org.springdoc.webmvc.api.OpenApiWebMvcResource] from ClassLoader [jdk.internal.loader.ClassLoaders$AppClassLoader@76ed5528]
	at org.springframework.util.ReflectionUtils.getDeclaredMethods(ReflectionUtils.java:483)
	at org.springframework.util.ReflectionUtils.doWithMethods(ReflectionUtils.java:360)
	at org.springframework.core.MethodIntrospector.selectMethods(MethodIntrospector.java:72)
	at org.springframework.web.servlet.handler.AbstractHandlerMethodMapping.detectHandlerMethods(AbstractHandlerMethodMapping.java:280)
	at org.springframework.web.servlet.handler.AbstractHandlerMethodMapping.processCandidateBean(AbstractHandlerMethodMapping.java:265)
	at org.springframework.web.servlet.handler.AbstractHandlerMethodMapping.initHandlerMethods(AbstractHandlerMethodMapping.java:224)
	at org.springframework.web.servlet.handler.AbstractHandlerMethodMapping.afterPropertiesSet(AbstractHandlerMethodMapping.java:212)
	at org.springframework.web.servlet.mvc.method.annotation.RequestMappingHandlerMapping.afterPropertiesSet(RequestMappingHandlerMapping.java:225)
	at org.springframework.beans.factory.support.AbstractAutowireCapableBeanFactory.invokeInitMethods(AbstractAutowireCapableBeanFactory.java:1817)
	at org.springframework.beans.factory.support.AbstractAutowireCapableBeanFactory.initializeBean(AbstractAutowireCapableBeanFactory.java:1766)
	... 16 common frames omitted
Caused by: java.lang.NoClassDefFoundError: javax/servlet/http/HttpServletRequest
	at java.base/java.lang.Class.getDeclaredMethods0(Native Method)
	at java.base/java.lang.Class.privateGetDeclaredMethods(Class.java:3502)
	at java.base/java.lang.Class.getDeclaredMethods(Class.java:2601)
	at org.springframework.util.ReflectionUtils.getDeclaredMethods(ReflectionUtils.java:465)
	... 25 common frames omitted
Caused by: java.lang.ClassNotFoundException: javax.servlet.http.HttpServletRequest
	at java.base/jdk.internal.loader.BuiltinClassLoader.loadClass(BuiltinClassLoader.java:641)
	at java.base/jdk.internal.loader.ClassLoaders$AppClassLoader.loadClass(ClassLoaders.java:188)
	at java.base/java.lang.ClassLoader.loadClass(ClassLoader.java:521)
	... 29 common frames omitted
[2023-11-06 21:35:19,606][INFO ][org.springframework.boot.StartupInfoLogger][main][51]Starting KaryawanApplication using Java 20 with PID 28104 (D:\Andika\BootCamp(SYNERGY)\Project\Testing\karyawan\target\classes started by Andika in D:\Andika\BootCamp(SYNERGY)\Project\Testing\karyawan)
[2023-11-06 21:35:19,607][INFO ][org.springframework.boot.SpringApplication][main][637]No active profile set, falling back to 1 default profile: "default"
[2023-11-06 21:35:19,985][INFO ][org.springframework.data.repository.config.RepositoryConfigurationDelegate][main][138]Bootstrapping Spring Data JPA repositories in DEFAULT mode.
[2023-11-06 21:35:20,025][INFO ][org.springframework.data.repository.config.RepositoryConfigurationDelegate][main][208]Finished Spring Data repository scanning in 36 ms. Found 5 JPA repository interfaces.
[2023-11-06 21:35:20,359][INFO ][org.springframework.boot.web.embedded.tomcat.TomcatWebServer][main][108]Tomcat initialized with port(s): 8081 (http)
[2023-11-06 21:35:20,363][INFO ][org.apache.juli.logging.DirectJDKLog][main][173]Initializing ProtocolHandler ["http-nio-8081"]
[2023-11-06 21:35:20,364][INFO ][org.apache.juli.logging.DirectJDKLog][main][173]Starting service [Tomcat]
[2023-11-06 21:35:20,364][INFO ][org.apache.juli.logging.DirectJDKLog][main][173]Starting Servlet engine: [Apache Tomcat/10.1.13]
[2023-11-06 21:35:20,417][INFO ][org.apache.juli.logging.DirectJDKLog][main][173]Initializing Spring embedded WebApplicationContext
[2023-11-06 21:35:20,418][INFO ][org.springframework.boot.web.servlet.context.ServletWebServerApplicationContext][main][291]Root WebApplicationContext: initialization completed in 785 ms
[2023-11-06 21:35:20,518][INFO ][org.hibernate.jpa.internal.util.LogHelper][main][31]HHH000204: Processing PersistenceUnitInfo [name: default]
[2023-11-06 21:35:20,556][INFO ][org.hibernate.Version][main][44]HHH000412: Hibernate ORM core version 6.2.9.Final
[2023-11-06 21:35:20,557][INFO ][org.hibernate.cfg.Environment][main][191]HHH000406: Using bytecode reflection optimizer
[2023-11-06 21:35:20,624][INFO ][org.hibernate.bytecode.internal.BytecodeProviderInitiator][main][53]HHH000021: Bytecode provider name : bytebuddy
[2023-11-06 21:35:20,694][INFO ][org.springframework.orm.jpa.persistenceunit.SpringPersistenceUnitInfo][main][87]No LoadTimeWeaver setup: ignoring JPA class transformer
[2023-11-06 21:35:20,703][INFO ][com.zaxxer.hikari.HikariDataSource][main][110]HikariPool-1 - Starting...
[2023-11-06 21:35:20,801][INFO ][com.zaxxer.hikari.pool.HikariPool][main][565]HikariPool-1 - Added connection org.postgresql.jdbc.PgConnection@595fed99
[2023-11-06 21:35:20,802][INFO ][com.zaxxer.hikari.HikariDataSource][main][123]HikariPool-1 - Start completed.
[2023-11-06 21:35:21,004][INFO ][org.hibernate.bytecode.internal.BytecodeProviderInitiator][main][53]HHH000021: Bytecode provider name : bytebuddy
[2023-11-06 21:35:21,385][INFO ][org.hibernate.engine.transaction.jta.platform.internal.JtaPlatformInitiator][main][51]HHH000490: Using JtaPlatform implementation: [org.hibernate.engine.transaction.jta.platform.internal.NoJtaPlatform]
[2023-11-06 21:35:21,442][INFO ][org.springframework.orm.jpa.AbstractEntityManagerFactoryBean][main][437]Initialized JPA EntityManagerFactory for persistence unit 'default'
[2023-11-06 21:35:21,584][INFO ][org.springframework.data.jpa.repository.query.QueryEnhancerFactory][main][47]Hibernate is in classpath; If applicable, HQL parser will be used.
[2023-11-06 21:35:21,893][WARN ][org.springframework.boot.autoconfigure.orm.jpa.JpaBaseConfiguration$JpaWebConfiguration][main][231]spring.jpa.open-in-view is enabled by default. Therefore, database queries may be performed during view rendering. Explicitly configure spring.jpa.open-in-view to disable this warning
[2023-11-06 21:35:22,048][WARN ][org.springframework.context.support.AbstractApplicationContext][main][616]Exception encountered during context initialization - cancelling refresh attempt: org.springframework.beans.factory.BeanCreationException: Error creating bean with name 'requestMappingHandlerMapping' defined in class path resource [org/springframework/boot/autoconfigure/web/servlet/WebMvcAutoConfiguration$EnableWebMvcConfiguration.class]: Failed to introspect Class [org.springdoc.webmvc.api.OpenApiWebMvcResource] from ClassLoader [jdk.internal.loader.ClassLoaders$AppClassLoader@76ed5528]
[2023-11-06 21:35:22,049][INFO ][org.springframework.orm.jpa.AbstractEntityManagerFactoryBean][main][650]Closing JPA EntityManagerFactory for persistence unit 'default'
[2023-11-06 21:35:22,050][INFO ][com.zaxxer.hikari.HikariDataSource][main][350]HikariPool-1 - Shutdown initiated...
[2023-11-06 21:35:22,052][INFO ][com.zaxxer.hikari.HikariDataSource][main][352]HikariPool-1 - Shutdown completed.
[2023-11-06 21:35:22,054][INFO ][org.apache.juli.logging.DirectJDKLog][main][173]Stopping service [Tomcat]
[2023-11-06 21:35:22,060][INFO ][org.springframework.boot.autoconfigure.logging.ConditionEvaluationReportLogger][main][82]

Error starting ApplicationContext. To display the condition evaluation report re-run your application with 'debug' enabled.
[2023-11-06 21:35:22,068][ERROR][org.springframework.boot.SpringApplication][main][827]Application run failed
org.springframework.beans.factory.BeanCreationException: Error creating bean with name 'requestMappingHandlerMapping' defined in class path resource [org/springframework/boot/autoconfigure/web/servlet/WebMvcAutoConfiguration$EnableWebMvcConfiguration.class]: Failed to introspect Class [org.springdoc.webmvc.api.OpenApiWebMvcResource] from ClassLoader [jdk.internal.loader.ClassLoaders$AppClassLoader@76ed5528]
	at org.springframework.beans.factory.support.AbstractAutowireCapableBeanFactory.initializeBean(AbstractAutowireCapableBeanFactory.java:1770)
	at org.springframework.beans.factory.support.AbstractAutowireCapableBeanFactory.doCreateBean(AbstractAutowireCapableBeanFactory.java:598)
	at org.springframework.beans.factory.support.AbstractAutowireCapableBeanFactory.createBean(AbstractAutowireCapableBeanFactory.java:520)
	at org.springframework.beans.factory.support.AbstractBeanFactory.lambda$doGetBean$0(AbstractBeanFactory.java:325)
	at org.springframework.beans.factory.support.DefaultSingletonBeanRegistry.getSingleton(DefaultSingletonBeanRegistry.java:234)
	at org.springframework.beans.factory.support.AbstractBeanFactory.doGetBean(AbstractBeanFactory.java:323)
	at org.springframework.beans.factory.support.AbstractBeanFactory.getBean(AbstractBeanFactory.java:199)
	at org.springframework.beans.factory.support.DefaultListableBeanFactory.preInstantiateSingletons(DefaultListableBeanFactory.java:973)
	at org.springframework.context.support.AbstractApplicationContext.finishBeanFactoryInitialization(AbstractApplicationContext.java:942)
	at org.springframework.context.support.AbstractApplicationContext.refresh(AbstractApplicationContext.java:608)
	at org.springframework.boot.web.servlet.context.ServletWebServerApplicationContext.refresh(ServletWebServerApplicationContext.java:146)
	at org.springframework.boot.SpringApplication.refresh(SpringApplication.java:737)
	at org.springframework.boot.SpringApplication.refreshContext(SpringApplication.java:439)
	at org.springframework.boot.SpringApplication.run(SpringApplication.java:315)
	at org.springframework.boot.SpringApplication.run(SpringApplication.java:1309)
	at org.springframework.boot.SpringApplication.run(SpringApplication.java:1298)
	at com.aplikasi.karyawan.KaryawanApplication.main(KaryawanApplication.java:11)
Caused by: java.lang.IllegalStateException: Failed to introspect Class [org.springdoc.webmvc.api.OpenApiWebMvcResource] from ClassLoader [jdk.internal.loader.ClassLoaders$AppClassLoader@76ed5528]
	at org.springframework.util.ReflectionUtils.getDeclaredMethods(ReflectionUtils.java:483)
	at org.springframework.util.ReflectionUtils.doWithMethods(ReflectionUtils.java:360)
	at org.springframework.core.MethodIntrospector.selectMethods(MethodIntrospector.java:72)
	at org.springframework.web.servlet.handler.AbstractHandlerMethodMapping.detectHandlerMethods(AbstractHandlerMethodMapping.java:280)
	at org.springframework.web.servlet.handler.AbstractHandlerMethodMapping.processCandidateBean(AbstractHandlerMethodMapping.java:265)
	at org.springframework.web.servlet.handler.AbstractHandlerMethodMapping.initHandlerMethods(AbstractHandlerMethodMapping.java:224)
	at org.springframework.web.servlet.handler.AbstractHandlerMethodMapping.afterPropertiesSet(AbstractHandlerMethodMapping.java:212)
	at org.springframework.web.servlet.mvc.method.annotation.RequestMappingHandlerMapping.afterPropertiesSet(RequestMappingHandlerMapping.java:225)
	at org.springframework.beans.factory.support.AbstractAutowireCapableBeanFactory.invokeInitMethods(AbstractAutowireCapableBeanFactory.java:1817)
	at org.springframework.beans.factory.support.AbstractAutowireCapableBeanFactory.initializeBean(AbstractAutowireCapableBeanFactory.java:1766)
	... 16 common frames omitted
Caused by: java.lang.NoClassDefFoundError: javax/servlet/http/HttpServletRequest
	at java.base/java.lang.Class.getDeclaredMethods0(Native Method)
	at java.base/java.lang.Class.privateGetDeclaredMethods(Class.java:3502)
	at java.base/java.lang.Class.getDeclaredMethods(Class.java:2601)
	at org.springframework.util.ReflectionUtils.getDeclaredMethods(ReflectionUtils.java:465)
	... 25 common frames omitted
Caused by: java.lang.ClassNotFoundException: javax.servlet.http.HttpServletRequest
	at java.base/jdk.internal.loader.BuiltinClassLoader.loadClass(BuiltinClassLoader.java:641)
	at java.base/jdk.internal.loader.ClassLoaders$AppClassLoader.loadClass(ClassLoaders.java:188)
	at java.base/java.lang.ClassLoader.loadClass(ClassLoader.java:521)
	... 29 common frames omitted
[2023-11-06 21:35:44,882][INFO ][org.springframework.boot.StartupInfoLogger][main][51]Starting KaryawanApplication using Java 20 with PID 8240 (D:\Andika\BootCamp(SYNERGY)\Project\Testing\karyawan\target\classes started by Andika in D:\Andika\BootCamp(SYNERGY)\Project\Testing\karyawan)
[2023-11-06 21:35:44,883][INFO ][org.springframework.boot.SpringApplication][main][637]No active profile set, falling back to 1 default profile: "default"
[2023-11-06 21:35:45,273][INFO ][org.springframework.data.repository.config.RepositoryConfigurationDelegate][main][138]Bootstrapping Spring Data JPA repositories in DEFAULT mode.
[2023-11-06 21:35:45,322][INFO ][org.springframework.data.repository.config.RepositoryConfigurationDelegate][main][208]Finished Spring Data repository scanning in 43 ms. Found 5 JPA repository interfaces.
[2023-11-06 21:35:45,650][INFO ][org.springframework.boot.web.embedded.tomcat.TomcatWebServer][main][108]Tomcat initialized with port(s): 8081 (http)
[2023-11-06 21:35:45,655][INFO ][org.apache.juli.logging.DirectJDKLog][main][173]Initializing ProtocolHandler ["http-nio-8081"]
[2023-11-06 21:35:45,656][INFO ][org.apache.juli.logging.DirectJDKLog][main][173]Starting service [Tomcat]
[2023-11-06 21:35:45,657][INFO ][org.apache.juli.logging.DirectJDKLog][main][173]Starting Servlet engine: [Apache Tomcat/10.1.13]
[2023-11-06 21:35:45,711][INFO ][org.apache.juli.logging.DirectJDKLog][main][173]Initializing Spring embedded WebApplicationContext
[2023-11-06 21:35:45,711][INFO ][org.springframework.boot.web.servlet.context.ServletWebServerApplicationContext][main][291]Root WebApplicationContext: initialization completed in 797 ms
[2023-11-06 21:35:45,804][INFO ][org.hibernate.jpa.internal.util.LogHelper][main][31]HHH000204: Processing PersistenceUnitInfo [name: default]
[2023-11-06 21:35:45,835][INFO ][org.hibernate.Version][main][44]HHH000412: Hibernate ORM core version 6.2.9.Final
[2023-11-06 21:35:45,837][INFO ][org.hibernate.cfg.Environment][main][191]HHH000406: Using bytecode reflection optimizer
[2023-11-06 21:35:45,898][INFO ][org.hibernate.bytecode.internal.BytecodeProviderInitiator][main][53]HHH000021: Bytecode provider name : bytebuddy
[2023-11-06 21:35:45,968][INFO ][org.springframework.orm.jpa.persistenceunit.SpringPersistenceUnitInfo][main][87]No LoadTimeWeaver setup: ignoring JPA class transformer
[2023-11-06 21:35:45,975][INFO ][com.zaxxer.hikari.HikariDataSource][main][110]HikariPool-1 - Starting...
[2023-11-06 21:35:46,076][INFO ][com.zaxxer.hikari.pool.HikariPool][main][565]HikariPool-1 - Added connection org.postgresql.jdbc.PgConnection@34f23816
[2023-11-06 21:35:46,077][INFO ][com.zaxxer.hikari.HikariDataSource][main][123]HikariPool-1 - Start completed.
[2023-11-06 21:35:46,292][INFO ][org.hibernate.bytecode.internal.BytecodeProviderInitiator][main][53]HHH000021: Bytecode provider name : bytebuddy
[2023-11-06 21:35:46,657][INFO ][org.hibernate.engine.transaction.jta.platform.internal.JtaPlatformInitiator][main][51]HHH000490: Using JtaPlatform implementation: [org.hibernate.engine.transaction.jta.platform.internal.NoJtaPlatform]
[2023-11-06 21:35:46,716][INFO ][org.springframework.orm.jpa.AbstractEntityManagerFactoryBean][main][437]Initialized JPA EntityManagerFactory for persistence unit 'default'
[2023-11-06 21:35:46,861][INFO ][org.springframework.data.jpa.repository.query.QueryEnhancerFactory][main][47]Hibernate is in classpath; If applicable, HQL parser will be used.
[2023-11-06 21:35:47,144][WARN ][org.springframework.boot.autoconfigure.orm.jpa.JpaBaseConfiguration$JpaWebConfiguration][main][231]spring.jpa.open-in-view is enabled by default. Therefore, database queries may be performed during view rendering. Explicitly configure spring.jpa.open-in-view to disable this warning
[2023-11-06 21:35:47,300][WARN ][org.springframework.context.support.AbstractApplicationContext][main][616]Exception encountered during context initialization - cancelling refresh attempt: org.springframework.beans.factory.BeanCreationException: Error creating bean with name 'requestMappingHandlerMapping' defined in class path resource [org/springframework/boot/autoconfigure/web/servlet/WebMvcAutoConfiguration$EnableWebMvcConfiguration.class]: Failed to introspect Class [org.springdoc.webmvc.api.OpenApiWebMvcResource] from ClassLoader [jdk.internal.loader.ClassLoaders$AppClassLoader@76ed5528]
[2023-11-06 21:35:47,302][INFO ][org.springframework.orm.jpa.AbstractEntityManagerFactoryBean][main][650]Closing JPA EntityManagerFactory for persistence unit 'default'
[2023-11-06 21:35:47,304][INFO ][com.zaxxer.hikari.HikariDataSource][main][350]HikariPool-1 - Shutdown initiated...
[2023-11-06 21:35:47,306][INFO ][com.zaxxer.hikari.HikariDataSource][main][352]HikariPool-1 - Shutdown completed.
[2023-11-06 21:35:47,308][INFO ][org.apache.juli.logging.DirectJDKLog][main][173]Stopping service [Tomcat]
[2023-11-06 21:35:47,315][INFO ][org.springframework.boot.autoconfigure.logging.ConditionEvaluationReportLogger][main][82]

Error starting ApplicationContext. To display the condition evaluation report re-run your application with 'debug' enabled.
[2023-11-06 21:35:47,322][ERROR][org.springframework.boot.SpringApplication][main][827]Application run failed
org.springframework.beans.factory.BeanCreationException: Error creating bean with name 'requestMappingHandlerMapping' defined in class path resource [org/springframework/boot/autoconfigure/web/servlet/WebMvcAutoConfiguration$EnableWebMvcConfiguration.class]: Failed to introspect Class [org.springdoc.webmvc.api.OpenApiWebMvcResource] from ClassLoader [jdk.internal.loader.ClassLoaders$AppClassLoader@76ed5528]
	at org.springframework.beans.factory.support.AbstractAutowireCapableBeanFactory.initializeBean(AbstractAutowireCapableBeanFactory.java:1770)
	at org.springframework.beans.factory.support.AbstractAutowireCapableBeanFactory.doCreateBean(AbstractAutowireCapableBeanFactory.java:598)
	at org.springframework.beans.factory.support.AbstractAutowireCapableBeanFactory.createBean(AbstractAutowireCapableBeanFactory.java:520)
	at org.springframework.beans.factory.support.AbstractBeanFactory.lambda$doGetBean$0(AbstractBeanFactory.java:325)
	at org.springframework.beans.factory.support.DefaultSingletonBeanRegistry.getSingleton(DefaultSingletonBeanRegistry.java:234)
	at org.springframework.beans.factory.support.AbstractBeanFactory.doGetBean(AbstractBeanFactory.java:323)
	at org.springframework.beans.factory.support.AbstractBeanFactory.getBean(AbstractBeanFactory.java:199)
	at org.springframework.beans.factory.support.DefaultListableBeanFactory.preInstantiateSingletons(DefaultListableBeanFactory.java:973)
	at org.springframework.context.support.AbstractApplicationContext.finishBeanFactoryInitialization(AbstractApplicationContext.java:942)
	at org.springframework.context.support.AbstractApplicationContext.refresh(AbstractApplicationContext.java:608)
	at org.springframework.boot.web.servlet.context.ServletWebServerApplicationContext.refresh(ServletWebServerApplicationContext.java:146)
	at org.springframework.boot.SpringApplication.refresh(SpringApplication.java:737)
	at org.springframework.boot.SpringApplication.refreshContext(SpringApplication.java:439)
	at org.springframework.boot.SpringApplication.run(SpringApplication.java:315)
	at org.springframework.boot.SpringApplication.run(SpringApplication.java:1309)
	at org.springframework.boot.SpringApplication.run(SpringApplication.java:1298)
	at com.aplikasi.karyawan.KaryawanApplication.main(KaryawanApplication.java:11)
Caused by: java.lang.IllegalStateException: Failed to introspect Class [org.springdoc.webmvc.api.OpenApiWebMvcResource] from ClassLoader [jdk.internal.loader.ClassLoaders$AppClassLoader@76ed5528]
	at org.springframework.util.ReflectionUtils.getDeclaredMethods(ReflectionUtils.java:483)
	at org.springframework.util.ReflectionUtils.doWithMethods(ReflectionUtils.java:360)
	at org.springframework.core.MethodIntrospector.selectMethods(MethodIntrospector.java:72)
	at org.springframework.web.servlet.handler.AbstractHandlerMethodMapping.detectHandlerMethods(AbstractHandlerMethodMapping.java:280)
	at org.springframework.web.servlet.handler.AbstractHandlerMethodMapping.processCandidateBean(AbstractHandlerMethodMapping.java:265)
	at org.springframework.web.servlet.handler.AbstractHandlerMethodMapping.initHandlerMethods(AbstractHandlerMethodMapping.java:224)
	at org.springframework.web.servlet.handler.AbstractHandlerMethodMapping.afterPropertiesSet(AbstractHandlerMethodMapping.java:212)
	at org.springframework.web.servlet.mvc.method.annotation.RequestMappingHandlerMapping.afterPropertiesSet(RequestMappingHandlerMapping.java:225)
	at org.springframework.beans.factory.support.AbstractAutowireCapableBeanFactory.invokeInitMethods(AbstractAutowireCapableBeanFactory.java:1817)
	at org.springframework.beans.factory.support.AbstractAutowireCapableBeanFactory.initializeBean(AbstractAutowireCapableBeanFactory.java:1766)
	... 16 common frames omitted
Caused by: java.lang.NoClassDefFoundError: javax/servlet/http/HttpServletRequest
	at java.base/java.lang.Class.getDeclaredMethods0(Native Method)
	at java.base/java.lang.Class.privateGetDeclaredMethods(Class.java:3502)
	at java.base/java.lang.Class.getDeclaredMethods(Class.java:2601)
	at org.springframework.util.ReflectionUtils.getDeclaredMethods(ReflectionUtils.java:465)
	... 25 common frames omitted
Caused by: java.lang.ClassNotFoundException: javax.servlet.http.HttpServletRequest
	at java.base/jdk.internal.loader.BuiltinClassLoader.loadClass(BuiltinClassLoader.java:641)
	at java.base/jdk.internal.loader.ClassLoaders$AppClassLoader.loadClass(ClassLoaders.java:188)
	at java.base/java.lang.ClassLoader.loadClass(ClassLoader.java:521)
	... 29 common frames omitted
[2023-11-06 21:36:38,613][INFO ][org.springframework.boot.StartupInfoLogger][main][51]Starting KaryawanApplication using Java 20 with PID 26984 (D:\Andika\BootCamp(SYNERGY)\Project\Testing\karyawan\target\classes started by Andika in D:\Andika\BootCamp(SYNERGY)\Project\Testing\karyawan)
[2023-11-06 21:36:38,614][INFO ][org.springframework.boot.SpringApplication][main][637]No active profile set, falling back to 1 default profile: "default"
[2023-11-06 21:36:39,000][INFO ][org.springframework.data.repository.config.RepositoryConfigurationDelegate][main][138]Bootstrapping Spring Data JPA repositories in DEFAULT mode.
[2023-11-06 21:36:39,039][INFO ][org.springframework.data.repository.config.RepositoryConfigurationDelegate][main][208]Finished Spring Data repository scanning in 34 ms. Found 5 JPA repository interfaces.
[2023-11-06 21:36:39,373][INFO ][org.springframework.boot.web.embedded.tomcat.TomcatWebServer][main][108]Tomcat initialized with port(s): 8081 (http)
[2023-11-06 21:36:39,378][INFO ][org.apache.juli.logging.DirectJDKLog][main][173]Initializing ProtocolHandler ["http-nio-8081"]
[2023-11-06 21:36:39,381][INFO ][org.apache.juli.logging.DirectJDKLog][main][173]Starting service [Tomcat]
[2023-11-06 21:36:39,381][INFO ][org.apache.juli.logging.DirectJDKLog][main][173]Starting Servlet engine: [Apache Tomcat/10.1.13]
[2023-11-06 21:36:39,434][INFO ][org.apache.juli.logging.DirectJDKLog][main][173]Initializing Spring embedded WebApplicationContext
[2023-11-06 21:36:39,435][INFO ][org.springframework.boot.web.servlet.context.ServletWebServerApplicationContext][main][291]Root WebApplicationContext: initialization completed in 799 ms
[2023-11-06 21:36:39,528][INFO ][org.hibernate.jpa.internal.util.LogHelper][main][31]HHH000204: Processing PersistenceUnitInfo [name: default]
[2023-11-06 21:36:39,556][INFO ][org.hibernate.Version][main][44]HHH000412: Hibernate ORM core version 6.2.9.Final
[2023-11-06 21:36:39,557][INFO ][org.hibernate.cfg.Environment][main][191]HHH000406: Using bytecode reflection optimizer
[2023-11-06 21:36:39,626][INFO ][org.hibernate.bytecode.internal.BytecodeProviderInitiator][main][53]HHH000021: Bytecode provider name : bytebuddy
[2023-11-06 21:36:39,700][INFO ][org.springframework.orm.jpa.persistenceunit.SpringPersistenceUnitInfo][main][87]No LoadTimeWeaver setup: ignoring JPA class transformer
[2023-11-06 21:36:39,710][INFO ][com.zaxxer.hikari.HikariDataSource][main][110]HikariPool-1 - Starting...
[2023-11-06 21:36:39,817][INFO ][com.zaxxer.hikari.pool.HikariPool][main][565]HikariPool-1 - Added connection org.postgresql.jdbc.PgConnection@69e2fe3b
[2023-11-06 21:36:39,818][INFO ][com.zaxxer.hikari.HikariDataSource][main][123]HikariPool-1 - Start completed.
[2023-11-06 21:36:40,008][INFO ][org.hibernate.bytecode.internal.BytecodeProviderInitiator][main][53]HHH000021: Bytecode provider name : bytebuddy
[2023-11-06 21:36:40,366][INFO ][org.hibernate.engine.transaction.jta.platform.internal.JtaPlatformInitiator][main][51]HHH000490: Using JtaPlatform implementation: [org.hibernate.engine.transaction.jta.platform.internal.NoJtaPlatform]
[2023-11-06 21:36:40,424][INFO ][org.springframework.orm.jpa.AbstractEntityManagerFactoryBean][main][437]Initialized JPA EntityManagerFactory for persistence unit 'default'
[2023-11-06 21:36:40,569][INFO ][org.springframework.data.jpa.repository.query.QueryEnhancerFactory][main][47]Hibernate is in classpath; If applicable, HQL parser will be used.
[2023-11-06 21:36:40,948][WARN ][org.springframework.boot.autoconfigure.orm.jpa.JpaBaseConfiguration$JpaWebConfiguration][main][231]spring.jpa.open-in-view is enabled by default. Therefore, database queries may be performed during view rendering. Explicitly configure spring.jpa.open-in-view to disable this warning
[2023-11-06 21:36:41,293][INFO ][org.apache.juli.logging.DirectJDKLog][main][173]Starting ProtocolHandler ["http-nio-8081"]
[2023-11-06 21:36:41,307][INFO ][org.springframework.boot.web.embedded.tomcat.TomcatWebServer][main][220]Tomcat started on port(s): 8081 (http) with context path '/api'
[2023-11-06 21:36:41,313][INFO ][org.springframework.boot.StartupInfoLogger][main][57]Started KaryawanApplication in 2.958 seconds (process running for 3.154)
[2023-11-06 21:36:47,136][INFO ][org.apache.juli.logging.DirectJDKLog][http-nio-8081-exec-1][173]Initializing Spring DispatcherServlet 'dispatcherServlet'
[2023-11-06 21:36:47,136][INFO ][org.springframework.web.servlet.FrameworkServlet][http-nio-8081-exec-1][532]Initializing Servlet 'dispatcherServlet'
[2023-11-06 21:36:47,137][INFO ][org.springframework.web.servlet.FrameworkServlet][http-nio-8081-exec-1][554]Completed initialization in 1 ms
[2023-11-06 21:36:47,586][INFO ][org.springdoc.api.AbstractOpenApiResource][http-nio-8081-exec-9][387]Init duration for springdoc-openapi is: 268 ms
[2023-11-06 21:37:38,493][INFO ][com.aplikasi.karyawan.service.impl.TrainingImpl][http-nio-8081-exec-10][34]Save Training
[2023-11-06 21:37:38,494][ERROR][com.aplikasi.karyawan.service.impl.TrainingImpl][http-nio-8081-exec-10][43]save training eror: Cannot invoke "String.isEmpty()" because the return value of "com.aplikasi.karyawan.entity.karyawan.Training.getPengajar()" is null
[2023-11-06 21:58:06,292][INFO ][org.springframework.orm.jpa.AbstractEntityManagerFactoryBean][SpringApplicationShutdownHook][650]Closing JPA EntityManagerFactory for persistence unit 'default'
[2023-11-06 21:58:06,293][INFO ][com.zaxxer.hikari.HikariDataSource][SpringApplicationShutdownHook][350]HikariPool-1 - Shutdown initiated...
[2023-11-06 21:58:06,294][INFO ][com.zaxxer.hikari.HikariDataSource][SpringApplicationShutdownHook][352]HikariPool-1 - Shutdown completed.
