[2023-11-13 20:08:39.039][INFO ][org.hibernate.validator.internal.util.Version][background-preinit][21]HV000001: Hibernate Validator 6.0.21.Final
[2023-11-13 20:08:39.039][INFO ][org.springframework.boot.StartupInfoLogger][main][55]Starting KaryawanApplication using Java 20 on DESKTOP-Q14BGNT with PID 5660 (D:\Andika\BootCamp(SYNERGY)\Project\Testing\karyawan\target\classes started by Andika in D:\Andika\BootCamp(SYNERGY)\Project\Testing\karyawan)
[2023-11-13 20:08:39.039][INFO ][org.springframework.boot.SpringApplication][main][631]No active profile set, falling back to 1 default profile: "default"
[2023-11-13 20:08:39.039][INFO ][org.springframework.data.repository.config.RepositoryConfigurationDelegate][main][132]Bootstrapping Spring Data JPA repositories in DEFAULT mode.
[2023-11-13 20:08:39.039][INFO ][org.springframework.data.repository.config.RepositoryConfigurationDelegate][main][201]Finished Spring Data repository scanning in 31 ms. Found 5 JPA repository interfaces.
[2023-11-13 20:08:40.040][INFO ][org.springframework.boot.web.embedded.tomcat.TomcatWebServer][main][108]Tomcat initialized with port(s): 8081 (http)
[2023-11-13 20:08:40.040][INFO ][org.apache.juli.logging.DirectJDKLog][main][173]Initializing ProtocolHandler ["http-nio-8081"]
[2023-11-13 20:08:40.040][INFO ][org.apache.juli.logging.DirectJDKLog][main][173]Starting service [Tomcat]
[2023-11-13 20:08:40.040][INFO ][org.apache.juli.logging.DirectJDKLog][main][173]Starting Servlet engine: [Apache Tomcat/9.0.80]
[2023-11-13 20:08:40.040][INFO ][org.apache.juli.logging.DirectJDKLog][main][173]Initializing Spring embedded WebApplicationContext
[2023-11-13 20:08:40.040][INFO ][org.springframework.boot.web.servlet.context.ServletWebServerApplicationContext][main][292]Root WebApplicationContext: initialization completed in 818 ms
[2023-11-13 20:08:40.040][INFO ][org.hibernate.jpa.internal.util.LogHelper][main][31]HHH000204: Processing PersistenceUnitInfo [name: default]
[2023-11-13 20:08:40.040][INFO ][org.hibernate.Version][main][44]HHH000412: Hibernate ORM core version 5.6.15.Final
[2023-11-13 20:08:40.040][INFO ][com.zaxxer.hikari.HikariDataSource][main][110]HikariPool-1 - Starting...
[2023-11-13 20:08:40.040][INFO ][com.zaxxer.hikari.HikariDataSource][main][123]HikariPool-1 - Start completed.
[2023-11-13 20:08:40.040][INFO ][org.hibernate.dialect.Dialect][main][175]HHH000400: Using dialect: org.hibernate.dialect.PostgreSQL10Dialect
[2023-11-13 20:08:41.041][INFO ][org.hibernate.engine.transaction.jta.platform.internal.JtaPlatformInitiator][main][52]HHH000490: Using JtaPlatform implementation: [org.hibernate.engine.transaction.jta.platform.internal.NoJtaPlatform]
[2023-11-13 20:08:41.041][INFO ][org.springframework.orm.jpa.AbstractEntityManagerFactoryBean][main][437]Initialized JPA EntityManagerFactory for persistence unit 'default'
[2023-11-13 20:08:41.041][WARN ][org.springframework.context.support.AbstractApplicationContext][main][591]Exception encountered during context initialization - cancelling refresh attempt: org.springframework.beans.factory.UnsatisfiedDependencyException: Error creating bean with name 'org.springframework.boot.autoconfigure.web.servlet.WebMvcAutoConfiguration$EnableWebMvcConfiguration': Unsatisfied dependency expressed through method 'setConfigurers' parameter 0; nested exception is org.springframework.beans.factory.UnsatisfiedDependencyException: Error creating bean with name 'swaggerWebMvcConfigurer' defined in class path resource [org/springdoc/webmvc/ui/SwaggerConfig.class]: Unsatisfied dependency expressed through method 'swaggerWebMvcConfigurer' parameter 1; nested exception is org.springframework.beans.factory.UnsatisfiedDependencyException: Error creating bean with name 'indexPageTransformer' defined in class path resource [org/springdoc/webmvc/ui/SwaggerConfig.class]: Unsatisfied dependency expressed through method 'indexPageTransformer' parameter 3; nested exception is org.springframework.beans.factory.BeanCreationException: Error creating bean with name 'swaggerWelcome' defined in class path resource [org/springdoc/webmvc/ui/SwaggerConfig.class]: Bean instantiation via factory method failed; nested exception is org.springframework.beans.BeanInstantiationException: Failed to instantiate [org.springdoc.webmvc.ui.SwaggerWelcomeWebMvc]: Factory method 'swaggerWelcome' threw exception; nested exception is java.lang.NoClassDefFoundError: org/springframework/http/HttpStatusCode
[2023-11-13 20:08:41.041][INFO ][org.springframework.orm.jpa.AbstractEntityManagerFactoryBean][main][651]Closing JPA EntityManagerFactory for persistence unit 'default'
[2023-11-13 20:08:41.041][INFO ][com.zaxxer.hikari.HikariDataSource][main][350]HikariPool-1 - Shutdown initiated...
[2023-11-13 20:08:41.041][INFO ][com.zaxxer.hikari.HikariDataSource][main][352]HikariPool-1 - Shutdown completed.
[2023-11-13 20:08:41.041][INFO ][org.apache.juli.logging.DirectJDKLog][main][173]Stopping service [Tomcat]
[2023-11-13 20:08:41.041][INFO ][org.springframework.boot.autoconfigure.logging.ConditionEvaluationReportLoggingListener][main][136]

Error starting ApplicationContext. To display the conditions report re-run your application with 'debug' enabled.
[2023-11-13 20:08:41.041][ERROR][org.springframework.boot.SpringApplication][main][821]Application run failed
org.springframework.beans.factory.UnsatisfiedDependencyException: Error creating bean with name 'org.springframework.boot.autoconfigure.web.servlet.WebMvcAutoConfiguration$EnableWebMvcConfiguration': Unsatisfied dependency expressed through method 'setConfigurers' parameter 0; nested exception is org.springframework.beans.factory.UnsatisfiedDependencyException: Error creating bean with name 'swaggerWebMvcConfigurer' defined in class path resource [org/springdoc/webmvc/ui/SwaggerConfig.class]: Unsatisfied dependency expressed through method 'swaggerWebMvcConfigurer' parameter 1; nested exception is org.springframework.beans.factory.UnsatisfiedDependencyException: Error creating bean with name 'indexPageTransformer' defined in class path resource [org/springdoc/webmvc/ui/SwaggerConfig.class]: Unsatisfied dependency expressed through method 'indexPageTransformer' parameter 3; nested exception is org.springframework.beans.factory.BeanCreationException: Error creating bean with name 'swaggerWelcome' defined in class path resource [org/springdoc/webmvc/ui/SwaggerConfig.class]: Bean instantiation via factory method failed; nested exception is org.springframework.beans.BeanInstantiationException: Failed to instantiate [org.springdoc.webmvc.ui.SwaggerWelcomeWebMvc]: Factory method 'swaggerWelcome' threw exception; nested exception is java.lang.NoClassDefFoundError: org/springframework/http/HttpStatusCode
	at org.springframework.beans.factory.annotation.AutowiredAnnotationBeanPostProcessor$AutowiredMethodElement.resolveMethodArguments(AutowiredAnnotationBeanPostProcessor.java:824)
	at org.springframework.beans.factory.annotation.AutowiredAnnotationBeanPostProcessor$AutowiredMethodElement.inject(AutowiredAnnotationBeanPostProcessor.java:777)
	at org.springframework.beans.factory.annotation.InjectionMetadata.inject(InjectionMetadata.java:119)
	at org.springframework.beans.factory.annotation.AutowiredAnnotationBeanPostProcessor.postProcessProperties(AutowiredAnnotationBeanPostProcessor.java:408)
	at org.springframework.beans.factory.support.AbstractAutowireCapableBeanFactory.populateBean(AbstractAutowireCapableBeanFactory.java:1431)
	at org.springframework.beans.factory.support.AbstractAutowireCapableBeanFactory.doCreateBean(AbstractAutowireCapableBeanFactory.java:619)
	at org.springframework.beans.factory.support.AbstractAutowireCapableBeanFactory.createBean(AbstractAutowireCapableBeanFactory.java:542)
	at org.springframework.beans.factory.support.AbstractBeanFactory.lambda$doGetBean$0(AbstractBeanFactory.java:335)
	at org.springframework.beans.factory.support.DefaultSingletonBeanRegistry.getSingleton(DefaultSingletonBeanRegistry.java:234)
	at org.springframework.beans.factory.support.AbstractBeanFactory.doGetBean(AbstractBeanFactory.java:333)
	at org.springframework.beans.factory.support.AbstractBeanFactory.getBean(AbstractBeanFactory.java:208)
	at org.springframework.beans.factory.support.DefaultListableBeanFactory.preInstantiateSingletons(DefaultListableBeanFactory.java:955)
	at org.springframework.context.support.AbstractApplicationContext.finishBeanFactoryInitialization(AbstractApplicationContext.java:921)
	at org.springframework.context.support.AbstractApplicationContext.refresh(AbstractApplicationContext.java:583)
	at org.springframework.boot.web.servlet.context.ServletWebServerApplicationContext.refresh(ServletWebServerApplicationContext.java:147)
	at org.springframework.boot.SpringApplication.refresh(SpringApplication.java:731)
	at org.springframework.boot.SpringApplication.refreshContext(SpringApplication.java:408)
	at org.springframework.boot.SpringApplication.run(SpringApplication.java:307)
	at org.springframework.boot.SpringApplication.run(SpringApplication.java:1303)
	at org.springframework.boot.SpringApplication.run(SpringApplication.java:1292)
	at com.aplikasi.karyawan.KaryawanApplication.main(KaryawanApplication.java:17)
Caused by: org.springframework.beans.factory.UnsatisfiedDependencyException: Error creating bean with name 'swaggerWebMvcConfigurer' defined in class path resource [org/springdoc/webmvc/ui/SwaggerConfig.class]: Unsatisfied dependency expressed through method 'swaggerWebMvcConfigurer' parameter 1; nested exception is org.springframework.beans.factory.UnsatisfiedDependencyException: Error creating bean with name 'indexPageTransformer' defined in class path resource [org/springdoc/webmvc/ui/SwaggerConfig.class]: Unsatisfied dependency expressed through method 'indexPageTransformer' parameter 3; nested exception is org.springframework.beans.factory.BeanCreationException: Error creating bean with name 'swaggerWelcome' defined in class path resource [org/springdoc/webmvc/ui/SwaggerConfig.class]: Bean instantiation via factory method failed; nested exception is org.springframework.beans.BeanInstantiationException: Failed to instantiate [org.springdoc.webmvc.ui.SwaggerWelcomeWebMvc]: Factory method 'swaggerWelcome' threw exception; nested exception is java.lang.NoClassDefFoundError: org/springframework/http/HttpStatusCode
	at org.springframework.beans.factory.support.ConstructorResolver.createArgumentArray(ConstructorResolver.java:801)
	at org.springframework.beans.factory.support.ConstructorResolver.instantiateUsingFactoryMethod(ConstructorResolver.java:536)
	at org.springframework.beans.factory.support.AbstractAutowireCapableBeanFactory.instantiateUsingFactoryMethod(AbstractAutowireCapableBeanFactory.java:1352)
	at org.springframework.beans.factory.support.AbstractAutowireCapableBeanFactory.createBeanInstance(AbstractAutowireCapableBeanFactory.java:1195)
	at org.springframework.beans.factory.support.AbstractAutowireCapableBeanFactory.doCreateBean(AbstractAutowireCapableBeanFactory.java:582)
	at org.springframework.beans.factory.support.AbstractAutowireCapableBeanFactory.createBean(AbstractAutowireCapableBeanFactory.java:542)
	at org.springframework.beans.factory.support.AbstractBeanFactory.lambda$doGetBean$0(AbstractBeanFactory.java:335)
	at org.springframework.beans.factory.support.DefaultSingletonBeanRegistry.getSingleton(DefaultSingletonBeanRegistry.java:234)
	at org.springframework.beans.factory.support.AbstractBeanFactory.doGetBean(AbstractBeanFactory.java:333)
	at org.springframework.beans.factory.support.AbstractBeanFactory.getBean(AbstractBeanFactory.java:208)
	at org.springframework.beans.factory.config.DependencyDescriptor.resolveCandidate(DependencyDescriptor.java:276)
	at org.springframework.beans.factory.support.DefaultListableBeanFactory.addCandidateEntry(DefaultListableBeanFactory.java:1609)
	at org.springframework.beans.factory.support.DefaultListableBeanFactory.findAutowireCandidates(DefaultListableBeanFactory.java:1573)
	at org.springframework.beans.factory.support.DefaultListableBeanFactory.resolveMultipleBeans(DefaultListableBeanFactory.java:1462)
	at org.springframework.beans.factory.support.DefaultListableBeanFactory.doResolveDependency(DefaultListableBeanFactory.java:1349)
	at org.springframework.beans.factory.support.DefaultListableBeanFactory.resolveDependency(DefaultListableBeanFactory.java:1311)
	at org.springframework.beans.factory.annotation.AutowiredAnnotationBeanPostProcessor$AutowiredMethodElement.resolveMethodArguments(AutowiredAnnotationBeanPostProcessor.java:816)
	... 20 common frames omitted
Caused by: org.springframework.beans.factory.UnsatisfiedDependencyException: Error creating bean with name 'indexPageTransformer' defined in class path resource [org/springdoc/webmvc/ui/SwaggerConfig.class]: Unsatisfied dependency expressed through method 'indexPageTransformer' parameter 3; nested exception is org.springframework.beans.factory.BeanCreationException: Error creating bean with name 'swaggerWelcome' defined in class path resource [org/springdoc/webmvc/ui/SwaggerConfig.class]: Bean instantiation via factory method failed; nested exception is org.springframework.beans.BeanInstantiationException: Failed to instantiate [org.springdoc.webmvc.ui.SwaggerWelcomeWebMvc]: Factory method 'swaggerWelcome' threw exception; nested exception is java.lang.NoClassDefFoundError: org/springframework/http/HttpStatusCode
	at org.springframework.beans.factory.support.ConstructorResolver.createArgumentArray(ConstructorResolver.java:801)
	at org.springframework.beans.factory.support.ConstructorResolver.instantiateUsingFactoryMethod(ConstructorResolver.java:536)
	at org.springframework.beans.factory.support.AbstractAutowireCapableBeanFactory.instantiateUsingFactoryMethod(AbstractAutowireCapableBeanFactory.java:1352)
	at org.springframework.beans.factory.support.AbstractAutowireCapableBeanFactory.createBeanInstance(AbstractAutowireCapableBeanFactory.java:1195)
	at org.springframework.beans.factory.support.AbstractAutowireCapableBeanFactory.doCreateBean(AbstractAutowireCapableBeanFactory.java:582)
	at org.springframework.beans.factory.support.AbstractAutowireCapableBeanFactory.createBean(AbstractAutowireCapableBeanFactory.java:542)
	at org.springframework.beans.factory.support.AbstractBeanFactory.lambda$doGetBean$0(AbstractBeanFactory.java:335)
	at org.springframework.beans.factory.support.DefaultSingletonBeanRegistry.getSingleton(DefaultSingletonBeanRegistry.java:234)
	at org.springframework.beans.factory.support.AbstractBeanFactory.doGetBean(AbstractBeanFactory.java:333)
	at org.springframework.beans.factory.support.AbstractBeanFactory.getBean(AbstractBeanFactory.java:208)
	at org.springframework.beans.factory.config.DependencyDescriptor.resolveCandidate(DependencyDescriptor.java:276)
	at org.springframework.beans.factory.support.DefaultListableBeanFactory.doResolveDependency(DefaultListableBeanFactory.java:1391)
	at org.springframework.beans.factory.support.DefaultListableBeanFactory.resolveDependency(DefaultListableBeanFactory.java:1311)
	at org.springframework.beans.factory.support.ConstructorResolver.resolveAutowiredArgument(ConstructorResolver.java:911)
	at org.springframework.beans.factory.support.ConstructorResolver.createArgumentArray(ConstructorResolver.java:788)
	... 36 common frames omitted
Caused by: org.springframework.beans.factory.BeanCreationException: Error creating bean with name 'swaggerWelcome' defined in class path resource [org/springdoc/webmvc/ui/SwaggerConfig.class]: Bean instantiation via factory method failed; nested exception is org.springframework.beans.BeanInstantiationException: Failed to instantiate [org.springdoc.webmvc.ui.SwaggerWelcomeWebMvc]: Factory method 'swaggerWelcome' threw exception; nested exception is java.lang.NoClassDefFoundError: org/springframework/http/HttpStatusCode
	at org.springframework.beans.factory.support.ConstructorResolver.instantiate(ConstructorResolver.java:653)
	at org.springframework.beans.factory.support.ConstructorResolver.instantiateUsingFactoryMethod(ConstructorResolver.java:633)
	at org.springframework.beans.factory.support.AbstractAutowireCapableBeanFactory.instantiateUsingFactoryMethod(AbstractAutowireCapableBeanFactory.java:1352)
	at org.springframework.beans.factory.support.AbstractAutowireCapableBeanFactory.createBeanInstance(AbstractAutowireCapableBeanFactory.java:1195)
	at org.springframework.beans.factory.support.AbstractAutowireCapableBeanFactory.doCreateBean(AbstractAutowireCapableBeanFactory.java:582)
	at org.springframework.beans.factory.support.AbstractAutowireCapableBeanFactory.createBean(AbstractAutowireCapableBeanFactory.java:542)
	at org.springframework.beans.factory.support.AbstractBeanFactory.lambda$doGetBean$0(AbstractBeanFactory.java:335)
	at org.springframework.beans.factory.support.DefaultSingletonBeanRegistry.getSingleton(DefaultSingletonBeanRegistry.java:234)
	at org.springframework.beans.factory.support.AbstractBeanFactory.doGetBean(AbstractBeanFactory.java:333)
	at org.springframework.beans.factory.support.AbstractBeanFactory.getBean(AbstractBeanFactory.java:208)
	at org.springframework.beans.factory.config.DependencyDescriptor.resolveCandidate(DependencyDescriptor.java:276)
	at org.springframework.beans.factory.support.DefaultListableBeanFactory.doResolveDependency(DefaultListableBeanFactory.java:1391)
	at org.springframework.beans.factory.support.DefaultListableBeanFactory.resolveDependency(DefaultListableBeanFactory.java:1311)
	at org.springframework.beans.factory.support.ConstructorResolver.resolveAutowiredArgument(ConstructorResolver.java:911)
	at org.springframework.beans.factory.support.ConstructorResolver.createArgumentArray(ConstructorResolver.java:788)
	... 50 common frames omitted
Caused by: org.springframework.beans.BeanInstantiationException: Failed to instantiate [org.springdoc.webmvc.ui.SwaggerWelcomeWebMvc]: Factory method 'swaggerWelcome' threw exception; nested exception is java.lang.NoClassDefFoundError: org/springframework/http/HttpStatusCode
	at org.springframework.beans.factory.support.SimpleInstantiationStrategy.instantiate(SimpleInstantiationStrategy.java:185)
	at org.springframework.beans.factory.support.ConstructorResolver.instantiate(ConstructorResolver.java:648)
	... 64 common frames omitted
Caused by: java.lang.NoClassDefFoundError: org/springframework/http/HttpStatusCode
	at org.springdoc.webmvc.ui.SwaggerConfig.swaggerWelcome(SwaggerConfig.java:83)
	at java.base/jdk.internal.reflect.DirectMethodHandleAccessor.invoke(DirectMethodHandleAccessor.java:104)
	at java.base/java.lang.reflect.Method.invoke(Method.java:578)
	at org.springframework.beans.factory.support.SimpleInstantiationStrategy.instantiate(SimpleInstantiationStrategy.java:154)
	... 65 common frames omitted
Caused by: java.lang.ClassNotFoundException: org.springframework.http.HttpStatusCode
	at java.base/jdk.internal.loader.BuiltinClassLoader.loadClass(BuiltinClassLoader.java:641)
	at java.base/jdk.internal.loader.ClassLoaders$AppClassLoader.loadClass(ClassLoaders.java:188)
	at java.base/java.lang.ClassLoader.loadClass(ClassLoader.java:521)
	... 69 common frames omitted
[2023-11-13 20:10:02.002][INFO ][org.hibernate.validator.internal.util.Version][background-preinit][21]HV000001: Hibernate Validator 6.0.21.Final
[2023-11-13 20:10:02.002][INFO ][org.springframework.boot.StartupInfoLogger][main][55]Starting KaryawanApplication using Java 20 on DESKTOP-Q14BGNT with PID 39828 (D:\Andika\BootCamp(SYNERGY)\Project\Testing\karyawan\target\classes started by Andika in D:\Andika\BootCamp(SYNERGY)\Project\Testing\karyawan)
[2023-11-13 20:10:02.002][INFO ][org.springframework.boot.SpringApplication][main][631]No active profile set, falling back to 1 default profile: "default"
[2023-11-13 20:10:03.003][INFO ][org.springframework.data.repository.config.RepositoryConfigurationDelegate][main][132]Bootstrapping Spring Data JPA repositories in DEFAULT mode.
[2023-11-13 20:10:03.003][INFO ][org.springframework.data.repository.config.RepositoryConfigurationDelegate][main][201]Finished Spring Data repository scanning in 32 ms. Found 5 JPA repository interfaces.
[2023-11-13 20:10:03.003][INFO ][org.springframework.boot.web.embedded.tomcat.TomcatWebServer][main][108]Tomcat initialized with port(s): 8081 (http)
[2023-11-13 20:10:03.003][INFO ][org.apache.juli.logging.DirectJDKLog][main][173]Initializing ProtocolHandler ["http-nio-8081"]
[2023-11-13 20:10:03.003][INFO ][org.apache.juli.logging.DirectJDKLog][main][173]Starting service [Tomcat]
[2023-11-13 20:10:03.003][INFO ][org.apache.juli.logging.DirectJDKLog][main][173]Starting Servlet engine: [Apache Tomcat/9.0.80]
[2023-11-13 20:10:03.003][INFO ][org.apache.juli.logging.DirectJDKLog][main][173]Initializing Spring embedded WebApplicationContext
[2023-11-13 20:10:03.003][INFO ][org.springframework.boot.web.servlet.context.ServletWebServerApplicationContext][main][292]Root WebApplicationContext: initialization completed in 789 ms
[2023-11-13 20:10:03.003][INFO ][org.hibernate.jpa.internal.util.LogHelper][main][31]HHH000204: Processing PersistenceUnitInfo [name: default]
[2023-11-13 20:10:03.003][INFO ][org.hibernate.Version][main][44]HHH000412: Hibernate ORM core version 5.6.15.Final
[2023-11-13 20:10:03.003][INFO ][com.zaxxer.hikari.HikariDataSource][main][110]HikariPool-1 - Starting...
[2023-11-13 20:10:03.003][INFO ][com.zaxxer.hikari.HikariDataSource][main][123]HikariPool-1 - Start completed.
[2023-11-13 20:10:03.003][INFO ][org.hibernate.dialect.Dialect][main][175]HHH000400: Using dialect: org.hibernate.dialect.PostgreSQL10Dialect
[2023-11-13 20:10:04.004][INFO ][org.hibernate.engine.transaction.jta.platform.internal.JtaPlatformInitiator][main][52]HHH000490: Using JtaPlatform implementation: [org.hibernate.engine.transaction.jta.platform.internal.NoJtaPlatform]
[2023-11-13 20:10:04.004][INFO ][org.springframework.orm.jpa.AbstractEntityManagerFactoryBean][main][437]Initialized JPA EntityManagerFactory for persistence unit 'default'
[2023-11-13 20:10:04.004][WARN ][org.springframework.boot.autoconfigure.orm.jpa.JpaBaseConfiguration$JpaWebConfiguration][main][223]spring.jpa.open-in-view is enabled by default. Therefore, database queries may be performed during view rendering. Explicitly configure spring.jpa.open-in-view to disable this warning
[2023-11-13 20:10:04.004][INFO ][org.apache.juli.logging.DirectJDKLog][main][173]Starting ProtocolHandler ["http-nio-8081"]
[2023-11-13 20:10:04.004][INFO ][org.springframework.boot.web.embedded.tomcat.TomcatWebServer][main][220]Tomcat started on port(s): 8081 (http) with context path '/api'
[2023-11-13 20:10:04.004][INFO ][org.springframework.boot.StartupInfoLogger][main][61]Started KaryawanApplication in 2.535 seconds (JVM running for 2.731)
[2023-11-13 20:10:08.008][INFO ][org.springframework.orm.jpa.AbstractEntityManagerFactoryBean][SpringApplicationShutdownHook][651]Closing JPA EntityManagerFactory for persistence unit 'default'
[2023-11-13 20:10:08.008][INFO ][com.zaxxer.hikari.HikariDataSource][SpringApplicationShutdownHook][350]HikariPool-1 - Shutdown initiated...
[2023-11-13 20:10:08.008][INFO ][com.zaxxer.hikari.HikariDataSource][SpringApplicationShutdownHook][352]HikariPool-1 - Shutdown completed.
[2023-11-13 20:31:25.025][INFO ][org.hibernate.validator.internal.util.Version][background-preinit][21]HV000001: Hibernate Validator 6.0.21.Final
[2023-11-13 20:31:25.025][INFO ][org.springframework.boot.StartupInfoLogger][main][55]Starting KaryawanApplication using Java 20 on DESKTOP-Q14BGNT with PID 33064 (D:\Andika\BootCamp(SYNERGY)\Project\Testing\karyawan\target\classes started by Andika in D:\Andika\BootCamp(SYNERGY)\Project\Testing\karyawan)
[2023-11-13 20:31:25.025][INFO ][org.springframework.boot.SpringApplication][main][631]No active profile set, falling back to 1 default profile: "default"
[2023-11-13 20:31:25.025][INFO ][org.springframework.data.repository.config.RepositoryConfigurationDelegate][main][132]Bootstrapping Spring Data JPA repositories in DEFAULT mode.
[2023-11-13 20:31:25.025][INFO ][org.springframework.data.repository.config.RepositoryConfigurationDelegate][main][201]Finished Spring Data repository scanning in 35 ms. Found 5 JPA repository interfaces.
[2023-11-13 20:31:25.025][INFO ][org.springframework.boot.web.embedded.tomcat.TomcatWebServer][main][108]Tomcat initialized with port(s): 8081 (http)
[2023-11-13 20:31:25.025][INFO ][org.apache.juli.logging.DirectJDKLog][main][173]Initializing ProtocolHandler ["http-nio-8081"]
[2023-11-13 20:31:25.025][INFO ][org.apache.juli.logging.DirectJDKLog][main][173]Starting service [Tomcat]
[2023-11-13 20:31:25.025][INFO ][org.apache.juli.logging.DirectJDKLog][main][173]Starting Servlet engine: [Apache Tomcat/9.0.80]
[2023-11-13 20:31:26.026][INFO ][org.apache.juli.logging.DirectJDKLog][main][173]Initializing Spring embedded WebApplicationContext
[2023-11-13 20:31:26.026][INFO ][org.springframework.boot.web.servlet.context.ServletWebServerApplicationContext][main][292]Root WebApplicationContext: initialization completed in 911 ms
[2023-11-13 20:31:26.026][INFO ][org.hibernate.jpa.internal.util.LogHelper][main][31]HHH000204: Processing PersistenceUnitInfo [name: default]
[2023-11-13 20:31:26.026][INFO ][org.hibernate.Version][main][44]HHH000412: Hibernate ORM core version 5.6.15.Final
[2023-11-13 20:31:26.026][INFO ][com.zaxxer.hikari.HikariDataSource][main][110]HikariPool-1 - Starting...
[2023-11-13 20:31:26.026][INFO ][com.zaxxer.hikari.HikariDataSource][main][123]HikariPool-1 - Start completed.
[2023-11-13 20:31:26.026][INFO ][org.hibernate.dialect.Dialect][main][175]HHH000400: Using dialect: org.hibernate.dialect.PostgreSQL10Dialect
[2023-11-13 20:31:26.026][INFO ][org.hibernate.engine.transaction.jta.platform.internal.JtaPlatformInitiator][main][52]HHH000490: Using JtaPlatform implementation: [org.hibernate.engine.transaction.jta.platform.internal.NoJtaPlatform]
[2023-11-13 20:31:26.026][INFO ][org.springframework.orm.jpa.AbstractEntityManagerFactoryBean][main][437]Initialized JPA EntityManagerFactory for persistence unit 'default'
[2023-11-13 20:31:27.027][WARN ][org.springframework.boot.autoconfigure.orm.jpa.JpaBaseConfiguration$JpaWebConfiguration][main][223]spring.jpa.open-in-view is enabled by default. Therefore, database queries may be performed during view rendering. Explicitly configure spring.jpa.open-in-view to disable this warning
[2023-11-13 20:31:27.027][WARN ][org.springframework.boot.autoconfigure.security.servlet.UserDetailsServiceAutoConfiguration][main][89]

Using generated security password: 8d7dc4c5-3ead-4695-95c8-7b3891bc264c

This generated password is for development use only. Your security configuration must be updated before running your application in production.

[2023-11-13 20:31:27.027][INFO ][org.springframework.security.web.DefaultSecurityFilterChain][main][55]Will secure any request with [org.springframework.security.web.session.DisableEncodeUrlFilter@441762b8, org.springframework.security.web.context.request.async.WebAsyncManagerIntegrationFilter@2d2fe68a, org.springframework.security.web.context.SecurityContextPersistenceFilter@38f3dbbf, org.springframework.security.web.header.HeaderWriterFilter@5ed88e31, org.springframework.security.web.csrf.CsrfFilter@356ab368, org.springframework.security.web.authentication.logout.LogoutFilter@733e3c19, org.springframework.security.web.authentication.UsernamePasswordAuthenticationFilter@2926f7bd, org.springframework.security.web.authentication.ui.DefaultLoginPageGeneratingFilter@1d0fc0bc, org.springframework.security.web.authentication.ui.DefaultLogoutPageGeneratingFilter@38213efa, org.springframework.security.web.authentication.www.BasicAuthenticationFilter@3cfab56d, org.springframework.security.web.savedrequest.RequestCacheAwareFilter@70ab1ce0, org.springframework.security.web.servletapi.SecurityContextHolderAwareRequestFilter@50d6af87, org.springframework.security.web.authentication.AnonymousAuthenticationFilter@73c1dda3, org.springframework.security.web.session.SessionManagementFilter@3ad9fea, org.springframework.security.web.access.ExceptionTranslationFilter@78e59b04, org.springframework.security.web.access.intercept.FilterSecurityInterceptor@18d09283]
[2023-11-13 20:31:27.027][INFO ][org.apache.juli.logging.DirectJDKLog][main][173]Starting ProtocolHandler ["http-nio-8081"]
[2023-11-13 20:31:27.027][INFO ][org.springframework.boot.web.embedded.tomcat.TomcatWebServer][main][220]Tomcat started on port(s): 8081 (http) with context path '/api'
[2023-11-13 20:31:27.027][INFO ][org.springframework.boot.StartupInfoLogger][main][61]Started KaryawanApplication in 2.739 seconds (JVM running for 2.944)
[2023-11-13 20:31:37.037][INFO ][org.springframework.orm.jpa.AbstractEntityManagerFactoryBean][SpringApplicationShutdownHook][651]Closing JPA EntityManagerFactory for persistence unit 'default'
[2023-11-13 20:31:37.037][INFO ][com.zaxxer.hikari.HikariDataSource][SpringApplicationShutdownHook][350]HikariPool-1 - Shutdown initiated...
[2023-11-13 20:31:37.037][INFO ][com.zaxxer.hikari.HikariDataSource][SpringApplicationShutdownHook][352]HikariPool-1 - Shutdown completed.
[2023-11-13 21:04:44.044][INFO ][org.hibernate.validator.internal.util.Version][background-preinit][21]HV000001: Hibernate Validator 6.0.21.Final
[2023-11-13 21:04:44.044][INFO ][org.springframework.boot.StartupInfoLogger][main][55]Starting KaryawanApplication using Java 1.8.0_381 on DESKTOP-Q14BGNT with PID 13852 (D:\Andika\BootCamp(SYNERGY)\Project\Testing\karyawan\target\classes started by Andika in D:\Andika\BootCamp(SYNERGY)\Project\Testing\karyawan)
[2023-11-13 21:04:44.044][INFO ][org.springframework.boot.SpringApplication][main][631]No active profile set, falling back to 1 default profile: "default"
[2023-11-13 21:04:44.044][INFO ][org.springframework.data.repository.config.RepositoryConfigurationDelegate][main][132]Bootstrapping Spring Data JPA repositories in DEFAULT mode.
[2023-11-13 21:04:44.044][INFO ][org.springframework.data.repository.config.RepositoryConfigurationDelegate][main][201]Finished Spring Data repository scanning in 31 ms. Found 5 JPA repository interfaces.
[2023-11-13 21:04:45.045][INFO ][org.springframework.boot.web.embedded.tomcat.TomcatWebServer][main][108]Tomcat initialized with port(s): 8081 (http)
[2023-11-13 21:04:45.045][INFO ][org.apache.juli.logging.DirectJDKLog][main][173]Initializing ProtocolHandler ["http-nio-8081"]
[2023-11-13 21:04:45.045][INFO ][org.apache.juli.logging.DirectJDKLog][main][173]Starting service [Tomcat]
[2023-11-13 21:04:45.045][INFO ][org.apache.juli.logging.DirectJDKLog][main][173]Starting Servlet engine: [Apache Tomcat/9.0.80]
[2023-11-13 21:04:45.045][INFO ][org.apache.juli.logging.DirectJDKLog][main][173]Initializing Spring embedded WebApplicationContext
[2023-11-13 21:04:45.045][INFO ][org.springframework.boot.web.servlet.context.ServletWebServerApplicationContext][main][292]Root WebApplicationContext: initialization completed in 872 ms
[2023-11-13 21:04:45.045][INFO ][org.hibernate.jpa.internal.util.LogHelper][main][31]HHH000204: Processing PersistenceUnitInfo [name: default]
[2023-11-13 21:04:45.045][INFO ][org.hibernate.Version][main][44]HHH000412: Hibernate ORM core version 5.6.15.Final
[2023-11-13 21:04:45.045][WARN ][org.springframework.context.support.AbstractApplicationContext][main][591]Exception encountered during context initialization - cancelling refresh attempt: org.springframework.beans.factory.BeanCreationException: Error creating bean with name 'entityManagerFactory' defined in class path resource [org/springframework/boot/autoconfigure/orm/jpa/HibernateJpaConfiguration.class]: Invocation of init method failed; nested exception is java.lang.UnsupportedClassVersionError: org/hibernate/annotations/common/reflection/ReflectionManager has been compiled by a more recent version of the Java Runtime (class file version 55.0), this version of the Java Runtime only recognizes class file versions up to 52.0
[2023-11-13 21:04:45.045][INFO ][org.apache.juli.logging.DirectJDKLog][main][173]Stopping service [Tomcat]
[2023-11-13 21:04:45.045][INFO ][org.springframework.boot.autoconfigure.logging.ConditionEvaluationReportLoggingListener][main][136]

Error starting ApplicationContext. To display the conditions report re-run your application with 'debug' enabled.
[2023-11-13 21:04:45.045][ERROR][org.springframework.boot.SpringApplication][main][821]Application run failed
org.springframework.beans.factory.BeanCreationException: Error creating bean with name 'entityManagerFactory' defined in class path resource [org/springframework/boot/autoconfigure/orm/jpa/HibernateJpaConfiguration.class]: Invocation of init method failed; nested exception is java.lang.UnsupportedClassVersionError: org/hibernate/annotations/common/reflection/ReflectionManager has been compiled by a more recent version of the Java Runtime (class file version 55.0), this version of the Java Runtime only recognizes class file versions up to 52.0
	at org.springframework.beans.factory.support.AbstractAutowireCapableBeanFactory.initializeBean(AbstractAutowireCapableBeanFactory.java:1804)
	at org.springframework.beans.factory.support.AbstractAutowireCapableBeanFactory.doCreateBean(AbstractAutowireCapableBeanFactory.java:620)
	at org.springframework.beans.factory.support.AbstractAutowireCapableBeanFactory.createBean(AbstractAutowireCapableBeanFactory.java:542)
	at org.springframework.beans.factory.support.AbstractBeanFactory.lambda$doGetBean$0(AbstractBeanFactory.java:335)
	at org.springframework.beans.factory.support.DefaultSingletonBeanRegistry.getSingleton(DefaultSingletonBeanRegistry.java:234)
	at org.springframework.beans.factory.support.AbstractBeanFactory.doGetBean(AbstractBeanFactory.java:333)
	at org.springframework.beans.factory.support.AbstractBeanFactory.getBean(AbstractBeanFactory.java:208)
	at org.springframework.context.support.AbstractApplicationContext.getBean(AbstractApplicationContext.java:1160)
	at org.springframework.context.support.AbstractApplicationContext.finishBeanFactoryInitialization(AbstractApplicationContext.java:911)
	at org.springframework.context.support.AbstractApplicationContext.refresh(AbstractApplicationContext.java:583)
	at org.springframework.boot.web.servlet.context.ServletWebServerApplicationContext.refresh(ServletWebServerApplicationContext.java:147)
	at org.springframework.boot.SpringApplication.refresh(SpringApplication.java:731)
	at org.springframework.boot.SpringApplication.refreshContext(SpringApplication.java:408)
	at org.springframework.boot.SpringApplication.run(SpringApplication.java:307)
	at org.springframework.boot.SpringApplication.run(SpringApplication.java:1303)
	at org.springframework.boot.SpringApplication.run(SpringApplication.java:1292)
	at com.aplikasi.karyawan.KaryawanApplication.main(KaryawanApplication.java:17)
Caused by: java.lang.UnsupportedClassVersionError: org/hibernate/annotations/common/reflection/ReflectionManager has been compiled by a more recent version of the Java Runtime (class file version 55.0), this version of the Java Runtime only recognizes class file versions up to 52.0
	at java.lang.ClassLoader.defineClass1(Native Method)
	at java.lang.ClassLoader.defineClass(ClassLoader.java:756)
	at java.security.SecureClassLoader.defineClass(SecureClassLoader.java:142)
	at java.net.URLClassLoader.defineClass(URLClassLoader.java:473)
	at java.net.URLClassLoader.access$100(URLClassLoader.java:74)
	at java.net.URLClassLoader$1.run(URLClassLoader.java:369)
	at java.net.URLClassLoader$1.run(URLClassLoader.java:363)
	at java.security.AccessController.doPrivileged(Native Method)
	at java.net.URLClassLoader.findClass(URLClassLoader.java:362)
	at java.lang.ClassLoader.loadClass(ClassLoader.java:418)
	at sun.misc.Launcher$AppClassLoader.loadClass(Launcher.java:355)
	at java.lang.ClassLoader.loadClass(ClassLoader.java:351)
	at org.hibernate.boot.internal.MetadataBuilderImpl.<init>(MetadataBuilderImpl.java:124)
	at org.hibernate.boot.MetadataSources.getMetadataBuilder(MetadataSources.java:158)
	at org.hibernate.jpa.boot.internal.EntityManagerFactoryBuilderImpl.<init>(EntityManagerFactoryBuilderImpl.java:250)
	at org.hibernate.jpa.boot.internal.EntityManagerFactoryBuilderImpl.<init>(EntityManagerFactoryBuilderImpl.java:182)
	at org.springframework.orm.jpa.vendor.SpringHibernateJpaPersistenceProvider.createContainerEntityManagerFactory(SpringHibernateJpaPersistenceProvider.java:52)
	at org.springframework.orm.jpa.LocalContainerEntityManagerFactoryBean.createNativeEntityManagerFactory(LocalContainerEntityManagerFactoryBean.java:365)
	at org.springframework.orm.jpa.AbstractEntityManagerFactoryBean.buildNativeEntityManagerFactory(AbstractEntityManagerFactoryBean.java:409)
	at org.springframework.orm.jpa.AbstractEntityManagerFactoryBean.afterPropertiesSet(AbstractEntityManagerFactoryBean.java:396)
	at org.springframework.orm.jpa.LocalContainerEntityManagerFactoryBean.afterPropertiesSet(LocalContainerEntityManagerFactoryBean.java:341)
	at org.springframework.beans.factory.support.AbstractAutowireCapableBeanFactory.invokeInitMethods(AbstractAutowireCapableBeanFactory.java:1863)
	at org.springframework.beans.factory.support.AbstractAutowireCapableBeanFactory.initializeBean(AbstractAutowireCapableBeanFactory.java:1800)
	... 16 common frames omitted
[2023-11-13 21:06:20.020][INFO ][org.hibernate.validator.internal.util.Version][background-preinit][21]HV000001: Hibernate Validator 6.0.21.Final
[2023-11-13 21:06:20.020][INFO ][org.springframework.boot.StartupInfoLogger][main][55]Starting KaryawanApplication using Java 1.8.0_381 on DESKTOP-Q14BGNT with PID 37464 (D:\Andika\BootCamp(SYNERGY)\Project\Testing\karyawan\target\classes started by Andika in D:\Andika\BootCamp(SYNERGY)\Project\Testing\karyawan)
[2023-11-13 21:06:20.020][INFO ][org.springframework.boot.SpringApplication][main][631]No active profile set, falling back to 1 default profile: "default"
[2023-11-13 21:06:20.020][INFO ][org.springframework.data.repository.config.RepositoryConfigurationDelegate][main][132]Bootstrapping Spring Data JPA repositories in DEFAULT mode.
[2023-11-13 21:06:20.020][INFO ][org.springframework.data.repository.config.RepositoryConfigurationDelegate][main][201]Finished Spring Data repository scanning in 32 ms. Found 5 JPA repository interfaces.
[2023-11-13 21:06:21.021][INFO ][org.springframework.boot.web.embedded.tomcat.TomcatWebServer][main][108]Tomcat initialized with port(s): 8081 (http)
[2023-11-13 21:06:21.021][INFO ][org.apache.juli.logging.DirectJDKLog][main][173]Initializing ProtocolHandler ["http-nio-8081"]
[2023-11-13 21:06:21.021][INFO ][org.apache.juli.logging.DirectJDKLog][main][173]Starting service [Tomcat]
[2023-11-13 21:06:21.021][INFO ][org.apache.juli.logging.DirectJDKLog][main][173]Starting Servlet engine: [Apache Tomcat/9.0.80]
[2023-11-13 21:06:21.021][INFO ][org.apache.juli.logging.DirectJDKLog][main][173]Initializing Spring embedded WebApplicationContext
[2023-11-13 21:06:21.021][INFO ][org.springframework.boot.web.servlet.context.ServletWebServerApplicationContext][main][292]Root WebApplicationContext: initialization completed in 890 ms
[2023-11-13 21:06:21.021][INFO ][org.hibernate.jpa.internal.util.LogHelper][main][31]HHH000204: Processing PersistenceUnitInfo [name: default]
[2023-11-13 21:06:21.021][INFO ][org.hibernate.Version][main][44]HHH000412: Hibernate ORM core version 5.6.15.Final
[2023-11-13 21:06:21.021][INFO ][org.hibernate.annotations.common.reflection.java.JavaReflectionManager][main][56]HCANN000001: Hibernate Commons Annotations {5.1.2.Final}
[2023-11-13 21:06:21.021][INFO ][com.zaxxer.hikari.HikariDataSource][main][110]HikariPool-1 - Starting...
[2023-11-13 21:06:21.021][INFO ][com.zaxxer.hikari.HikariDataSource][main][123]HikariPool-1 - Start completed.
[2023-11-13 21:06:21.021][INFO ][org.hibernate.dialect.Dialect][main][175]HHH000400: Using dialect: org.hibernate.dialect.PostgreSQL10Dialect
[2023-11-13 21:06:22.022][INFO ][org.hibernate.engine.transaction.jta.platform.internal.JtaPlatformInitiator][main][52]HHH000490: Using JtaPlatform implementation: [org.hibernate.engine.transaction.jta.platform.internal.NoJtaPlatform]
[2023-11-13 21:06:22.022][INFO ][org.springframework.orm.jpa.AbstractEntityManagerFactoryBean][main][437]Initialized JPA EntityManagerFactory for persistence unit 'default'
[2023-11-13 21:06:22.022][WARN ][org.springframework.boot.autoconfigure.orm.jpa.JpaBaseConfiguration$JpaWebConfiguration][main][223]spring.jpa.open-in-view is enabled by default. Therefore, database queries may be performed during view rendering. Explicitly configure spring.jpa.open-in-view to disable this warning
[2023-11-13 21:06:23.023][WARN ][org.springframework.boot.autoconfigure.security.servlet.UserDetailsServiceAutoConfiguration][main][89]

Using generated security password: a258fd73-670e-426e-a8dc-397c4c5994ef

This generated password is for development use only. Your security configuration must be updated before running your application in production.

[2023-11-13 21:06:23.023][INFO ][org.springframework.security.web.DefaultSecurityFilterChain][main][55]Will secure any request with [org.springframework.security.web.session.DisableEncodeUrlFilter@611587f7, org.springframework.security.web.context.request.async.WebAsyncManagerIntegrationFilter@4d0abb23, org.springframework.security.web.context.SecurityContextPersistenceFilter@45832b85, org.springframework.security.web.header.HeaderWriterFilter@3a3bc0da, org.springframework.security.web.csrf.CsrfFilter@8315e4a, org.springframework.security.web.authentication.logout.LogoutFilter@5c7c75fb, org.springframework.security.web.authentication.UsernamePasswordAuthenticationFilter@6d5508a5, org.springframework.security.web.authentication.ui.DefaultLoginPageGeneratingFilter@278cb145, org.springframework.security.web.authentication.ui.DefaultLogoutPageGeneratingFilter@6ab1f85b, org.springframework.security.web.authentication.www.BasicAuthenticationFilter@6968bb65, org.springframework.security.web.savedrequest.RequestCacheAwareFilter@270f7b4d, org.springframework.security.web.servletapi.SecurityContextHolderAwareRequestFilter@ab4d2ba, org.springframework.security.web.authentication.AnonymousAuthenticationFilter@10e8c7a2, org.springframework.security.web.session.SessionManagementFilter@c677d7e, org.springframework.security.web.access.ExceptionTranslationFilter@74eab077, org.springframework.security.web.access.intercept.FilterSecurityInterceptor@3aab42d6]
[2023-11-13 21:06:23.023][INFO ][org.apache.juli.logging.DirectJDKLog][main][173]Starting ProtocolHandler ["http-nio-8081"]
[2023-11-13 21:06:23.023][INFO ][org.springframework.boot.web.embedded.tomcat.TomcatWebServer][main][220]Tomcat started on port(s): 8081 (http) with context path '/api'
[2023-11-13 21:06:23.023][INFO ][org.springframework.boot.StartupInfoLogger][main][61]Started KaryawanApplication in 2.848 seconds (JVM running for 3.083)
[2023-11-13 21:06:26.026][INFO ][org.springframework.orm.jpa.AbstractEntityManagerFactoryBean][SpringApplicationShutdownHook][651]Closing JPA EntityManagerFactory for persistence unit 'default'
[2023-11-13 21:06:26.026][INFO ][com.zaxxer.hikari.HikariDataSource][SpringApplicationShutdownHook][350]HikariPool-1 - Shutdown initiated...
[2023-11-13 21:06:26.026][INFO ][com.zaxxer.hikari.HikariDataSource][SpringApplicationShutdownHook][352]HikariPool-1 - Shutdown completed.
[2023-11-13 21:09:10.010][INFO ][org.hibernate.validator.internal.util.Version][background-preinit][21]HV000001: Hibernate Validator 6.0.21.Final
[2023-11-13 21:09:10.010][INFO ][org.springframework.boot.StartupInfoLogger][main][55]Starting KaryawanApplication using Java 1.8.0_381 on DESKTOP-Q14BGNT with PID 32820 (D:\Andika\BootCamp(SYNERGY)\Project\Testing\karyawan\target\classes started by Andika in D:\Andika\BootCamp(SYNERGY)\Project\Testing\karyawan)
[2023-11-13 21:09:10.010][INFO ][org.springframework.boot.SpringApplication][main][631]No active profile set, falling back to 1 default profile: "default"
[2023-11-13 21:09:11.011][INFO ][org.springframework.data.repository.config.RepositoryConfigurationDelegate][main][132]Bootstrapping Spring Data JPA repositories in DEFAULT mode.
[2023-11-13 21:09:11.011][INFO ][org.springframework.data.repository.config.RepositoryConfigurationDelegate][main][201]Finished Spring Data repository scanning in 34 ms. Found 5 JPA repository interfaces.
[2023-11-13 21:09:11.011][INFO ][org.springframework.boot.web.embedded.tomcat.TomcatWebServer][main][108]Tomcat initialized with port(s): 8081 (http)
[2023-11-13 21:09:11.011][INFO ][org.apache.juli.logging.DirectJDKLog][main][173]Initializing ProtocolHandler ["http-nio-8081"]
[2023-11-13 21:09:11.011][INFO ][org.apache.juli.logging.DirectJDKLog][main][173]Starting service [Tomcat]
[2023-11-13 21:09:11.011][INFO ][org.apache.juli.logging.DirectJDKLog][main][173]Starting Servlet engine: [Apache Tomcat/9.0.80]
[2023-11-13 21:09:11.011][INFO ][org.apache.juli.logging.DirectJDKLog][main][173]Initializing Spring embedded WebApplicationContext
[2023-11-13 21:09:11.011][INFO ][org.springframework.boot.web.servlet.context.ServletWebServerApplicationContext][main][292]Root WebApplicationContext: initialization completed in 870 ms
[2023-11-13 21:09:11.011][INFO ][org.hibernate.jpa.internal.util.LogHelper][main][31]HHH000204: Processing PersistenceUnitInfo [name: default]
[2023-11-13 21:09:11.011][INFO ][org.hibernate.Version][main][44]HHH000412: Hibernate ORM core version 5.6.15.Final
[2023-11-13 21:09:12.012][INFO ][org.hibernate.annotations.common.reflection.java.JavaReflectionManager][main][56]HCANN000001: Hibernate Commons Annotations {5.1.2.Final}
[2023-11-13 21:09:12.012][INFO ][com.zaxxer.hikari.HikariDataSource][main][110]HikariPool-1 - Starting...
[2023-11-13 21:09:12.012][INFO ][com.zaxxer.hikari.HikariDataSource][main][123]HikariPool-1 - Start completed.
[2023-11-13 21:09:12.012][INFO ][org.hibernate.dialect.Dialect][main][175]HHH000400: Using dialect: org.hibernate.dialect.PostgreSQL10Dialect
[2023-11-13 21:09:13.013][WARN ][org.hibernate.engine.jdbc.spi.SqlExceptionHelper$StandardWarningHandler][main][230]SQL Warning Code: 0, SQLState: 00000
[2023-11-13 21:09:13.013][WARN ][org.hibernate.engine.jdbc.spi.SqlExceptionHelper$StandardWarningHandler][main][231]constraint "role_name_and_type" of relation "oauth_role" does not exist, skipping
[2023-11-13 21:09:13.013][WARN ][org.hibernate.engine.jdbc.spi.SqlExceptionHelper$StandardWarningHandler][main][230]SQL Warning Code: 0, SQLState: 00000
[2023-11-13 21:09:13.013][WARN ][org.hibernate.engine.jdbc.spi.SqlExceptionHelper$StandardWarningHandler][main][231]constraint "uk_7prjgk5n8h0qbu5yggg933swc" of relation "oauth_user" does not exist, skipping
[2023-11-13 21:09:13.013][INFO ][org.hibernate.engine.transaction.jta.platform.internal.JtaPlatformInitiator][main][52]HHH000490: Using JtaPlatform implementation: [org.hibernate.engine.transaction.jta.platform.internal.NoJtaPlatform]
[2023-11-13 21:09:13.013][INFO ][org.springframework.orm.jpa.AbstractEntityManagerFactoryBean][main][437]Initialized JPA EntityManagerFactory for persistence unit 'default'
[2023-11-13 21:09:13.013][WARN ][org.springframework.boot.autoconfigure.orm.jpa.JpaBaseConfiguration$JpaWebConfiguration][main][223]spring.jpa.open-in-view is enabled by default. Therefore, database queries may be performed during view rendering. Explicitly configure spring.jpa.open-in-view to disable this warning
[2023-11-13 21:09:13.013][WARN ][org.springframework.boot.autoconfigure.security.servlet.UserDetailsServiceAutoConfiguration][main][89]

Using generated security password: d7394368-d1dc-4290-aed7-0f806099c737

This generated password is for development use only. Your security configuration must be updated before running your application in production.

[2023-11-13 21:09:13.013][INFO ][org.springframework.security.web.DefaultSecurityFilterChain][main][55]Will secure any request with [org.springframework.security.web.session.DisableEncodeUrlFilter@430106cf, org.springframework.security.web.context.request.async.WebAsyncManagerIntegrationFilter@647af13d, org.springframework.security.web.context.SecurityContextPersistenceFilter@64508788, org.springframework.security.web.header.HeaderWriterFilter@2db3675a, org.springframework.security.web.csrf.CsrfFilter@66716959, org.springframework.security.web.authentication.logout.LogoutFilter@2b3242a5, org.springframework.security.web.authentication.UsernamePasswordAuthenticationFilter@3cacc87, org.springframework.security.web.authentication.ui.DefaultLoginPageGeneratingFilter@1fcc3461, org.springframework.security.web.authentication.ui.DefaultLogoutPageGeneratingFilter@2aac6fa7, org.springframework.security.web.authentication.www.BasicAuthenticationFilter@2e013ba1, org.springframework.security.web.savedrequest.RequestCacheAwareFilter@3e2d65e1, org.springframework.security.web.servletapi.SecurityContextHolderAwareRequestFilter@71f8ce0e, org.springframework.security.web.authentication.AnonymousAuthenticationFilter@29a1ec65, org.springframework.security.web.session.SessionManagementFilter@1ab28416, org.springframework.security.web.access.ExceptionTranslationFilter@5f9ebd5a, org.springframework.security.web.access.intercept.FilterSecurityInterceptor@61d6c8c4]
[2023-11-13 21:09:13.013][INFO ][org.apache.juli.logging.DirectJDKLog][main][173]Starting ProtocolHandler ["http-nio-8081"]
[2023-11-13 21:09:13.013][INFO ][org.springframework.boot.web.embedded.tomcat.TomcatWebServer][main][220]Tomcat started on port(s): 8081 (http) with context path '/api'
[2023-11-13 21:09:13.013][INFO ][org.springframework.boot.StartupInfoLogger][main][61]Started KaryawanApplication in 3.197 seconds (JVM running for 3.432)
[2023-11-13 21:27:44.044][INFO ][org.springframework.orm.jpa.AbstractEntityManagerFactoryBean][SpringApplicationShutdownHook][651]Closing JPA EntityManagerFactory for persistence unit 'default'
[2023-11-13 21:27:44.044][INFO ][com.zaxxer.hikari.HikariDataSource][SpringApplicationShutdownHook][350]HikariPool-1 - Shutdown initiated...
[2023-11-13 21:27:44.044][INFO ][com.zaxxer.hikari.HikariDataSource][SpringApplicationShutdownHook][352]HikariPool-1 - Shutdown completed.
[2023-11-13 21:27:48.048][INFO ][org.hibernate.validator.internal.util.Version][background-preinit][21]HV000001: Hibernate Validator 6.0.21.Final
[2023-11-13 21:27:48.048][INFO ][org.springframework.boot.StartupInfoLogger][main][55]Starting KaryawanApplication using Java 1.8.0_381 on DESKTOP-Q14BGNT with PID 37604 (D:\Andika\BootCamp(SYNERGY)\Project\Testing\karyawan\target\classes started by Andika in D:\Andika\BootCamp(SYNERGY)\Project\Testing\karyawan)
[2023-11-13 21:27:48.048][INFO ][org.springframework.boot.SpringApplication][main][631]No active profile set, falling back to 1 default profile: "default"
[2023-11-13 21:27:48.048][INFO ][org.springframework.data.repository.config.RepositoryConfigurationDelegate][main][132]Bootstrapping Spring Data JPA repositories in DEFAULT mode.
[2023-11-13 21:27:48.048][INFO ][org.springframework.data.repository.config.RepositoryConfigurationDelegate][main][201]Finished Spring Data repository scanning in 43 ms. Found 9 JPA repository interfaces.
[2023-11-13 21:27:49.049][INFO ][org.springframework.boot.web.embedded.tomcat.TomcatWebServer][main][108]Tomcat initialized with port(s): 8081 (http)
[2023-11-13 21:27:49.049][INFO ][org.apache.juli.logging.DirectJDKLog][main][173]Initializing ProtocolHandler ["http-nio-8081"]
[2023-11-13 21:27:49.049][INFO ][org.apache.juli.logging.DirectJDKLog][main][173]Starting service [Tomcat]
[2023-11-13 21:27:49.049][INFO ][org.apache.juli.logging.DirectJDKLog][main][173]Starting Servlet engine: [Apache Tomcat/9.0.80]
[2023-11-13 21:27:49.049][INFO ][org.apache.juli.logging.DirectJDKLog][main][173]Initializing Spring embedded WebApplicationContext
[2023-11-13 21:27:49.049][INFO ][org.springframework.boot.web.servlet.context.ServletWebServerApplicationContext][main][292]Root WebApplicationContext: initialization completed in 963 ms
[2023-11-13 21:27:49.049][INFO ][org.hibernate.jpa.internal.util.LogHelper][main][31]HHH000204: Processing PersistenceUnitInfo [name: default]
[2023-11-13 21:27:49.049][INFO ][org.hibernate.Version][main][44]HHH000412: Hibernate ORM core version 5.6.15.Final
[2023-11-13 21:27:49.049][INFO ][org.hibernate.annotations.common.reflection.java.JavaReflectionManager][main][56]HCANN000001: Hibernate Commons Annotations {5.1.2.Final}
[2023-11-13 21:27:49.049][INFO ][com.zaxxer.hikari.HikariDataSource][main][110]HikariPool-1 - Starting...
[2023-11-13 21:27:49.049][INFO ][com.zaxxer.hikari.HikariDataSource][main][123]HikariPool-1 - Start completed.
[2023-11-13 21:27:49.049][INFO ][org.hibernate.dialect.Dialect][main][175]HHH000400: Using dialect: org.hibernate.dialect.PostgreSQL10Dialect
[2023-11-13 21:27:50.050][INFO ][org.hibernate.engine.transaction.jta.platform.internal.JtaPlatformInitiator][main][52]HHH000490: Using JtaPlatform implementation: [org.hibernate.engine.transaction.jta.platform.internal.NoJtaPlatform]
[2023-11-13 21:27:50.050][INFO ][org.springframework.orm.jpa.AbstractEntityManagerFactoryBean][main][437]Initialized JPA EntityManagerFactory for persistence unit 'default'
[2023-11-13 21:27:50.050][WARN ][org.springframework.boot.autoconfigure.orm.jpa.JpaBaseConfiguration$JpaWebConfiguration][main][223]spring.jpa.open-in-view is enabled by default. Therefore, database queries may be performed during view rendering. Explicitly configure spring.jpa.open-in-view to disable this warning
[2023-11-13 21:27:51.051][INFO ][org.springframework.security.web.DefaultSecurityFilterChain][main][55]Will secure Or [Ant [pattern='/oauth/token'], Ant [pattern='/oauth/token_key'], Ant [pattern='/oauth/check_token']] with [org.springframework.security.web.session.DisableEncodeUrlFilter@16c8e9b8, org.springframework.security.web.context.request.async.WebAsyncManagerIntegrationFilter@7030b74c, org.springframework.security.web.context.SecurityContextPersistenceFilter@288b73c1, org.springframework.security.web.header.HeaderWriterFilter@35d81657, org.springframework.security.web.authentication.logout.LogoutFilter@51b59d58, org.springframework.security.oauth2.provider.client.ClientCredentialsTokenEndpointFilter@7b10472e, org.springframework.security.web.authentication.www.BasicAuthenticationFilter@5ddf5118, org.springframework.security.web.savedrequest.RequestCacheAwareFilter@5340ccb9, org.springframework.security.web.servletapi.SecurityContextHolderAwareRequestFilter@7abcc0da, org.springframework.security.web.authentication.AnonymousAuthenticationFilter@27d6267e, org.springframework.security.web.session.SessionManagementFilter@3180aee, org.springframework.security.web.access.ExceptionTranslationFilter@62c46e53, org.springframework.security.web.access.intercept.FilterSecurityInterceptor@1b9c716f]
[2023-11-13 21:27:51.051][INFO ][org.springframework.security.web.DefaultSecurityFilterChain][main][55]Will secure Ant [pattern='/**'] with [org.springframework.security.web.session.DisableEncodeUrlFilter@6a3a56de, org.springframework.security.web.context.request.async.WebAsyncManagerIntegrationFilter@2ed84be9, org.springframework.security.web.context.SecurityContextPersistenceFilter@7f5e9949, org.springframework.security.web.header.HeaderWriterFilter@1b10f60e, org.springframework.web.filter.CorsFilter@400e741, org.springframework.security.web.authentication.logout.LogoutFilter@20b67366, org.springframework.security.oauth2.provider.authentication.OAuth2AuthenticationProcessingFilter@57df09a7, org.springframework.security.web.authentication.UsernamePasswordAuthenticationFilter@522f0bb8, org.springframework.security.web.authentication.ui.DefaultLoginPageGeneratingFilter@6e355249, org.springframework.security.web.authentication.ui.DefaultLogoutPageGeneratingFilter@3be369fc, org.springframework.security.web.savedrequest.RequestCacheAwareFilter@323eecf8, org.springframework.security.web.servletapi.SecurityContextHolderAwareRequestFilter@2e02cc37, org.springframework.security.web.authentication.AnonymousAuthenticationFilter@35744f8, org.springframework.security.web.session.SessionManagementFilter@4b916cc2, org.springframework.security.web.access.ExceptionTranslationFilter@64d53f0d, org.springframework.security.web.access.intercept.FilterSecurityInterceptor@2431050d]
[2023-11-13 21:27:51.051][INFO ][org.springframework.security.web.DefaultSecurityFilterChain][main][55]Will secure any request with [org.springframework.security.web.session.DisableEncodeUrlFilter@1eb52131, org.springframework.security.web.context.request.async.WebAsyncManagerIntegrationFilter@1e1598e5, org.springframework.security.web.context.SecurityContextPersistenceFilter@62615be, org.springframework.security.web.header.HeaderWriterFilter@5b0835cb, org.springframework.security.web.csrf.CsrfFilter@7455204c, org.springframework.security.web.authentication.logout.LogoutFilter@6493f780, org.springframework.security.web.authentication.UsernamePasswordAuthenticationFilter@67a3dd86, org.springframework.security.web.authentication.ui.DefaultLoginPageGeneratingFilter@4a9ff419, org.springframework.security.web.authentication.ui.DefaultLogoutPageGeneratingFilter@67a3394c, org.springframework.security.web.authentication.www.BasicAuthenticationFilter@430212cb, org.springframework.security.web.savedrequest.RequestCacheAwareFilter@477bea57, org.springframework.security.web.servletapi.SecurityContextHolderAwareRequestFilter@5dc7391e, org.springframework.security.web.authentication.AnonymousAuthenticationFilter@34e4fb39, org.springframework.security.web.session.SessionManagementFilter@68229a6, org.springframework.security.web.access.ExceptionTranslationFilter@510203de, org.springframework.security.web.access.intercept.FilterSecurityInterceptor@2674ca88]
[2023-11-13 21:27:51.051][INFO ][org.apache.juli.logging.DirectJDKLog][main][173]Starting ProtocolHandler ["http-nio-8081"]
[2023-11-13 21:27:51.051][INFO ][org.springframework.boot.web.embedded.tomcat.TomcatWebServer][main][220]Tomcat started on port(s): 8081 (http) with context path '/api'
[2023-11-13 21:27:51.051][INFO ][org.springframework.boot.StartupInfoLogger][main][61]Started KaryawanApplication in 3.242 seconds (JVM running for 3.498)
[2023-11-13 21:31:13.013][INFO ][org.springframework.orm.jpa.AbstractEntityManagerFactoryBean][SpringApplicationShutdownHook][651]Closing JPA EntityManagerFactory for persistence unit 'default'
[2023-11-13 21:31:13.013][INFO ][com.zaxxer.hikari.HikariDataSource][SpringApplicationShutdownHook][350]HikariPool-1 - Shutdown initiated...
[2023-11-13 21:31:13.013][INFO ][com.zaxxer.hikari.HikariDataSource][SpringApplicationShutdownHook][352]HikariPool-1 - Shutdown completed.
[2023-11-13 21:31:15.015][INFO ][org.hibernate.validator.internal.util.Version][background-preinit][21]HV000001: Hibernate Validator 6.0.21.Final
[2023-11-13 21:31:15.015][INFO ][org.springframework.boot.StartupInfoLogger][main][55]Starting KaryawanApplication using Java 1.8.0_381 on DESKTOP-Q14BGNT with PID 36680 (D:\Andika\BootCamp(SYNERGY)\Project\Testing\karyawan\target\classes started by Andika in D:\Andika\BootCamp(SYNERGY)\Project\Testing\karyawan)
[2023-11-13 21:31:15.015][INFO ][org.springframework.boot.SpringApplication][main][631]No active profile set, falling back to 1 default profile: "default"
[2023-11-13 21:31:15.015][INFO ][org.springframework.data.repository.config.RepositoryConfigurationDelegate][main][132]Bootstrapping Spring Data JPA repositories in DEFAULT mode.
[2023-11-13 21:31:15.015][INFO ][org.springframework.data.repository.config.RepositoryConfigurationDelegate][main][201]Finished Spring Data repository scanning in 42 ms. Found 9 JPA repository interfaces.
[2023-11-13 21:31:16.016][INFO ][org.springframework.boot.web.embedded.tomcat.TomcatWebServer][main][108]Tomcat initialized with port(s): 8081 (http)
[2023-11-13 21:31:16.016][INFO ][org.apache.juli.logging.DirectJDKLog][main][173]Initializing ProtocolHandler ["http-nio-8081"]
[2023-11-13 21:31:16.016][INFO ][org.apache.juli.logging.DirectJDKLog][main][173]Starting service [Tomcat]
[2023-11-13 21:31:16.016][INFO ][org.apache.juli.logging.DirectJDKLog][main][173]Starting Servlet engine: [Apache Tomcat/9.0.80]
[2023-11-13 21:31:16.016][INFO ][org.apache.juli.logging.DirectJDKLog][main][173]Initializing Spring embedded WebApplicationContext
[2023-11-13 21:31:16.016][INFO ][org.springframework.boot.web.servlet.context.ServletWebServerApplicationContext][main][292]Root WebApplicationContext: initialization completed in 925 ms
[2023-11-13 21:31:16.016][INFO ][org.hibernate.jpa.internal.util.LogHelper][main][31]HHH000204: Processing PersistenceUnitInfo [name: default]
[2023-11-13 21:31:16.016][INFO ][org.hibernate.Version][main][44]HHH000412: Hibernate ORM core version 5.6.15.Final
[2023-11-13 21:31:16.016][INFO ][org.hibernate.annotations.common.reflection.java.JavaReflectionManager][main][56]HCANN000001: Hibernate Commons Annotations {5.1.2.Final}
[2023-11-13 21:31:16.016][INFO ][com.zaxxer.hikari.HikariDataSource][main][110]HikariPool-1 - Starting...
[2023-11-13 21:31:16.016][INFO ][com.zaxxer.hikari.HikariDataSource][main][123]HikariPool-1 - Start completed.
[2023-11-13 21:31:16.016][INFO ][org.hibernate.dialect.Dialect][main][175]HHH000400: Using dialect: org.hibernate.dialect.PostgreSQL10Dialect
[2023-11-13 21:31:17.017][INFO ][org.hibernate.engine.transaction.jta.platform.internal.JtaPlatformInitiator][main][52]HHH000490: Using JtaPlatform implementation: [org.hibernate.engine.transaction.jta.platform.internal.NoJtaPlatform]
[2023-11-13 21:31:17.017][INFO ][org.springframework.orm.jpa.AbstractEntityManagerFactoryBean][main][437]Initialized JPA EntityManagerFactory for persistence unit 'default'
[2023-11-13 21:31:17.017][WARN ][org.springframework.boot.autoconfigure.orm.jpa.JpaBaseConfiguration$JpaWebConfiguration][main][223]spring.jpa.open-in-view is enabled by default. Therefore, database queries may be performed during view rendering. Explicitly configure spring.jpa.open-in-view to disable this warning
[2023-11-13 21:31:17.017][WARN ][org.springframework.security.oauth2.provider.token.store.JwtAccessTokenConverter][main][306]Unable to create an RSA verifier from verifierKey (ignoreable if using MAC)
[2023-11-13 21:31:17.017][INFO ][org.springframework.security.web.DefaultSecurityFilterChain][main][55]Will secure Or [Ant [pattern='/oauth/token'], Ant [pattern='/oauth/token_key'], Ant [pattern='/oauth/check_token']] with [org.springframework.security.web.session.DisableEncodeUrlFilter@14b9df65, org.springframework.security.web.context.request.async.WebAsyncManagerIntegrationFilter@3b046e64, org.springframework.security.web.context.SecurityContextPersistenceFilter@5d4a34ff, org.springframework.security.web.header.HeaderWriterFilter@14c5283, org.springframework.security.web.authentication.logout.LogoutFilter@2bd7f686, org.springframework.security.oauth2.provider.client.ClientCredentialsTokenEndpointFilter@fcd3a6f, org.springframework.security.web.authentication.www.BasicAuthenticationFilter@11ee671f, org.springframework.security.web.savedrequest.RequestCacheAwareFilter@1ef04613, org.springframework.security.web.servletapi.SecurityContextHolderAwareRequestFilter@37c5b8e8, org.springframework.security.web.authentication.AnonymousAuthenticationFilter@1c43e84e, org.springframework.security.web.session.SessionManagementFilter@46748b04, org.springframework.security.web.access.ExceptionTranslationFilter@5ee0cf64, org.springframework.security.web.access.intercept.FilterSecurityInterceptor@49353d43]
[2023-11-13 21:31:18.018][INFO ][org.springframework.security.web.DefaultSecurityFilterChain][main][55]Will secure Ant [pattern='/**'] with [org.springframework.security.web.session.DisableEncodeUrlFilter@27b7204, org.springframework.security.web.context.request.async.WebAsyncManagerIntegrationFilter@5895c065, org.springframework.security.web.context.SecurityContextPersistenceFilter@3e5c7588, org.springframework.security.web.header.HeaderWriterFilter@4727e5fc, org.springframework.web.filter.CorsFilter@683fac7e, org.springframework.security.web.authentication.logout.LogoutFilter@33765d22, org.springframework.security.oauth2.provider.authentication.OAuth2AuthenticationProcessingFilter@74a03bd5, org.springframework.security.web.authentication.UsernamePasswordAuthenticationFilter@1ef5cde4, org.springframework.security.web.authentication.ui.DefaultLoginPageGeneratingFilter@4af606e9, org.springframework.security.web.authentication.ui.DefaultLogoutPageGeneratingFilter@2051a0ec, org.springframework.security.web.savedrequest.RequestCacheAwareFilter@5b2ff4df, org.springframework.security.web.servletapi.SecurityContextHolderAwareRequestFilter@23dff243, org.springframework.security.web.authentication.AnonymousAuthenticationFilter@79631db0, org.springframework.security.web.session.SessionManagementFilter@5487a8f1, org.springframework.security.web.access.ExceptionTranslationFilter@5296f00c, org.springframework.security.web.access.intercept.FilterSecurityInterceptor@a97a895]
[2023-11-13 21:31:18.018][INFO ][org.springframework.security.web.DefaultSecurityFilterChain][main][55]Will secure any request with [org.springframework.security.web.session.DisableEncodeUrlFilter@62e99458, org.springframework.security.web.context.request.async.WebAsyncManagerIntegrationFilter@1eddca25, org.springframework.security.web.context.SecurityContextPersistenceFilter@10830d50, org.springframework.security.web.header.HeaderWriterFilter@64e89bb2, org.springframework.security.web.csrf.CsrfFilter@5af56240, org.springframework.security.web.authentication.logout.LogoutFilter@239d9cb7, org.springframework.security.web.authentication.UsernamePasswordAuthenticationFilter@612bb755, org.springframework.security.web.authentication.ui.DefaultLoginPageGeneratingFilter@5ba36c83, org.springframework.security.web.authentication.ui.DefaultLogoutPageGeneratingFilter@22f057b4, org.springframework.security.web.authentication.www.BasicAuthenticationFilter@6ba226cd, org.springframework.security.web.savedrequest.RequestCacheAwareFilter@1e3dc24f, org.springframework.security.web.servletapi.SecurityContextHolderAwareRequestFilter@3ea8ff31, org.springframework.security.web.authentication.AnonymousAuthenticationFilter@581e8969, org.springframework.security.web.session.SessionManagementFilter@15fe020d, org.springframework.security.web.access.ExceptionTranslationFilter@51dbed72, org.springframework.security.web.access.intercept.FilterSecurityInterceptor@169d4aba]
[2023-11-13 21:31:18.018][INFO ][org.apache.juli.logging.DirectJDKLog][main][173]Starting ProtocolHandler ["http-nio-8081"]
[2023-11-13 21:31:18.018][INFO ][org.springframework.boot.web.embedded.tomcat.TomcatWebServer][main][220]Tomcat started on port(s): 8081 (http) with context path '/api'
[2023-11-13 21:31:18.018][INFO ][org.springframework.boot.StartupInfoLogger][main][61]Started KaryawanApplication in 3.217 seconds (JVM running for 3.467)
[2023-11-13 21:45:29.029][INFO ][org.springframework.orm.jpa.AbstractEntityManagerFactoryBean][SpringApplicationShutdownHook][651]Closing JPA EntityManagerFactory for persistence unit 'default'
[2023-11-13 21:45:29.029][INFO ][com.zaxxer.hikari.HikariDataSource][SpringApplicationShutdownHook][350]HikariPool-1 - Shutdown initiated...
[2023-11-13 21:45:29.029][INFO ][com.zaxxer.hikari.HikariDataSource][SpringApplicationShutdownHook][352]HikariPool-1 - Shutdown completed.
[2023-11-13 21:45:33.033][INFO ][org.hibernate.validator.internal.util.Version][background-preinit][21]HV000001: Hibernate Validator 6.0.21.Final
[2023-11-13 21:45:33.033][INFO ][org.springframework.boot.StartupInfoLogger][main][55]Starting KaryawanApplication using Java 1.8.0_381 on DESKTOP-Q14BGNT with PID 40448 (D:\Andika\BootCamp(SYNERGY)\Project\Testing\karyawan\target\classes started by Andika in D:\Andika\BootCamp(SYNERGY)\Project\Testing\karyawan)
[2023-11-13 21:45:33.033][INFO ][org.springframework.boot.SpringApplication][main][631]No active profile set, falling back to 1 default profile: "default"
[2023-11-13 21:45:34.034][INFO ][org.springframework.data.repository.config.RepositoryConfigurationDelegate][main][132]Bootstrapping Spring Data JPA repositories in DEFAULT mode.
[2023-11-13 21:45:34.034][INFO ][org.springframework.data.repository.config.RepositoryConfigurationDelegate][main][201]Finished Spring Data repository scanning in 44 ms. Found 9 JPA repository interfaces.
[2023-11-13 21:45:34.034][INFO ][org.springframework.boot.web.embedded.tomcat.TomcatWebServer][main][108]Tomcat initialized with port(s): 8081 (http)
[2023-11-13 21:45:34.034][INFO ][org.apache.juli.logging.DirectJDKLog][main][173]Initializing ProtocolHandler ["http-nio-8081"]
[2023-11-13 21:45:34.034][INFO ][org.apache.juli.logging.DirectJDKLog][main][173]Starting service [Tomcat]
[2023-11-13 21:45:34.034][INFO ][org.apache.juli.logging.DirectJDKLog][main][173]Starting Servlet engine: [Apache Tomcat/9.0.80]
[2023-11-13 21:45:34.034][INFO ][org.apache.juli.logging.DirectJDKLog][main][173]Initializing Spring embedded WebApplicationContext
[2023-11-13 21:45:34.034][INFO ][org.springframework.boot.web.servlet.context.ServletWebServerApplicationContext][main][292]Root WebApplicationContext: initialization completed in 993 ms
[2023-11-13 21:45:34.034][INFO ][org.hibernate.jpa.internal.util.LogHelper][main][31]HHH000204: Processing PersistenceUnitInfo [name: default]
[2023-11-13 21:45:34.034][INFO ][org.hibernate.Version][main][44]HHH000412: Hibernate ORM core version 5.6.15.Final
[2023-11-13 21:45:35.035][INFO ][org.hibernate.annotations.common.reflection.java.JavaReflectionManager][main][56]HCANN000001: Hibernate Commons Annotations {5.1.2.Final}
[2023-11-13 21:45:35.035][INFO ][com.zaxxer.hikari.HikariDataSource][main][110]HikariPool-1 - Starting...
[2023-11-13 21:45:35.035][INFO ][com.zaxxer.hikari.HikariDataSource][main][123]HikariPool-1 - Start completed.
[2023-11-13 21:45:35.035][INFO ][org.hibernate.dialect.Dialect][main][175]HHH000400: Using dialect: org.hibernate.dialect.PostgreSQL10Dialect
[2023-11-13 21:45:35.035][INFO ][org.hibernate.engine.transaction.jta.platform.internal.JtaPlatformInitiator][main][52]HHH000490: Using JtaPlatform implementation: [org.hibernate.engine.transaction.jta.platform.internal.NoJtaPlatform]
[2023-11-13 21:45:35.035][INFO ][org.springframework.orm.jpa.AbstractEntityManagerFactoryBean][main][437]Initialized JPA EntityManagerFactory for persistence unit 'default'
[2023-11-13 21:45:36.036][WARN ][org.springframework.boot.autoconfigure.orm.jpa.JpaBaseConfiguration$JpaWebConfiguration][main][223]spring.jpa.open-in-view is enabled by default. Therefore, database queries may be performed during view rendering. Explicitly configure spring.jpa.open-in-view to disable this warning
[2023-11-13 21:45:36.036][WARN ][org.springframework.security.oauth2.provider.token.store.JwtAccessTokenConverter][main][306]Unable to create an RSA verifier from verifierKey (ignoreable if using MAC)
[2023-11-13 21:45:36.036][INFO ][org.springframework.security.web.DefaultSecurityFilterChain][main][55]Will secure Or [Ant [pattern='/oauth/token'], Ant [pattern='/oauth/token_key'], Ant [pattern='/oauth/check_token']] with [org.springframework.security.web.session.DisableEncodeUrlFilter@43719e98, org.springframework.security.web.context.request.async.WebAsyncManagerIntegrationFilter@49353d43, org.springframework.security.web.context.SecurityContextPersistenceFilter@32d8710a, org.springframework.security.web.header.HeaderWriterFilter@70e5737f, org.springframework.security.web.authentication.logout.LogoutFilter@4e789704, org.springframework.security.oauth2.provider.client.ClientCredentialsTokenEndpointFilter@1e6bd367, org.springframework.security.web.authentication.www.BasicAuthenticationFilter@69419d59, org.springframework.security.web.savedrequest.RequestCacheAwareFilter@64f33dee, org.springframework.security.web.servletapi.SecurityContextHolderAwareRequestFilter@13f182b9, org.springframework.security.web.authentication.AnonymousAuthenticationFilter@57e57dc5, org.springframework.security.web.session.SessionManagementFilter@10ad95cd, org.springframework.security.web.access.ExceptionTranslationFilter@5ca8bd01, org.springframework.security.web.access.intercept.FilterSecurityInterceptor@323eecf8]
[2023-11-13 21:45:36.036][INFO ][org.springframework.security.web.DefaultSecurityFilterChain][main][55]Will secure Ant [pattern='/**'] with [org.springframework.security.web.session.DisableEncodeUrlFilter@683fac7e, org.springframework.security.web.context.request.async.WebAsyncManagerIntegrationFilter@2051a0ec, org.springframework.security.web.context.SecurityContextPersistenceFilter@62ee1c89, org.springframework.security.web.header.HeaderWriterFilter@56fa0ef, org.springframework.web.filter.CorsFilter@79631db0, org.springframework.security.web.authentication.logout.LogoutFilter@379b4e86, org.springframework.security.oauth2.provider.authentication.OAuth2AuthenticationProcessingFilter@dd07be8, org.springframework.security.web.authentication.UsernamePasswordAuthenticationFilter@20e48e63, org.springframework.security.web.authentication.ui.DefaultLoginPageGeneratingFilter@3093b9ff, org.springframework.security.web.authentication.ui.DefaultLogoutPageGeneratingFilter@f837c11, org.springframework.security.web.savedrequest.RequestCacheAwareFilter@2ab7f649, org.springframework.security.web.servletapi.SecurityContextHolderAwareRequestFilter@52a74328, org.springframework.security.web.authentication.AnonymousAuthenticationFilter@1aca6dc3, org.springframework.security.web.session.SessionManagementFilter@5e278e25, org.springframework.security.web.access.ExceptionTranslationFilter@3d2eb7fa, org.springframework.security.web.access.intercept.FilterSecurityInterceptor@4f98ac31]
[2023-11-13 21:45:36.036][INFO ][org.springframework.security.web.DefaultSecurityFilterChain][main][55]Will secure any request with [org.springframework.security.web.session.DisableEncodeUrlFilter@22f057b4, org.springframework.security.web.context.request.async.WebAsyncManagerIntegrationFilter@581e8969, org.springframework.security.web.context.SecurityContextPersistenceFilter@3ea8ff31, org.springframework.security.web.header.HeaderWriterFilter@10830d50, org.springframework.security.web.csrf.CsrfFilter@51dbed72, org.springframework.security.web.authentication.logout.LogoutFilter@1ab21633, org.springframework.security.web.authentication.UsernamePasswordAuthenticationFilter@62e99458, org.springframework.security.web.authentication.ui.DefaultLoginPageGeneratingFilter@239d9cb7, org.springframework.security.web.authentication.ui.DefaultLogoutPageGeneratingFilter@767b9d66, org.springframework.security.web.authentication.www.BasicAuthenticationFilter@1eddca25, org.springframework.security.web.savedrequest.RequestCacheAwareFilter@5ba36c83, org.springframework.security.web.servletapi.SecurityContextHolderAwareRequestFilter@5342032a, org.springframework.security.web.authentication.AnonymousAuthenticationFilter@687fd6e, org.springframework.security.web.session.SessionManagementFilter@1e3dc24f, org.springframework.security.web.access.ExceptionTranslationFilter@15fe020d, org.springframework.security.web.access.intercept.FilterSecurityInterceptor@6ba226cd]
[2023-11-13 21:45:36.036][INFO ][org.apache.juli.logging.DirectJDKLog][main][173]Starting ProtocolHandler ["http-nio-8081"]
[2023-11-13 21:45:36.036][INFO ][org.springframework.boot.web.embedded.tomcat.TomcatWebServer][main][220]Tomcat started on port(s): 8081 (http) with context path '/api'
[2023-11-13 21:45:36.036][INFO ][org.springframework.boot.StartupInfoLogger][main][61]Started KaryawanApplication in 3.274 seconds (JVM running for 3.519)
[2023-11-13 21:48:00.000][INFO ][org.springframework.orm.jpa.AbstractEntityManagerFactoryBean][SpringApplicationShutdownHook][651]Closing JPA EntityManagerFactory for persistence unit 'default'
[2023-11-13 21:48:00.000][INFO ][com.zaxxer.hikari.HikariDataSource][SpringApplicationShutdownHook][350]HikariPool-1 - Shutdown initiated...
[2023-11-13 21:48:00.000][INFO ][com.zaxxer.hikari.HikariDataSource][SpringApplicationShutdownHook][352]HikariPool-1 - Shutdown completed.
[2023-11-13 21:48:02.002][INFO ][org.hibernate.validator.internal.util.Version][background-preinit][21]HV000001: Hibernate Validator 6.0.21.Final
[2023-11-13 21:48:02.002][INFO ][org.springframework.boot.StartupInfoLogger][main][55]Starting KaryawanApplication using Java 1.8.0_381 on DESKTOP-Q14BGNT with PID 27784 (D:\Andika\BootCamp(SYNERGY)\Project\Testing\karyawan\target\classes started by Andika in D:\Andika\BootCamp(SYNERGY)\Project\Testing\karyawan)
[2023-11-13 21:48:02.002][INFO ][org.springframework.boot.SpringApplication][main][631]No active profile set, falling back to 1 default profile: "default"
[2023-11-13 21:48:02.002][INFO ][org.springframework.data.repository.config.RepositoryConfigurationDelegate][main][132]Bootstrapping Spring Data JPA repositories in DEFAULT mode.
[2023-11-13 21:48:03.003][INFO ][org.springframework.data.repository.config.RepositoryConfigurationDelegate][main][201]Finished Spring Data repository scanning in 41 ms. Found 9 JPA repository interfaces.
[2023-11-13 21:48:03.003][INFO ][org.springframework.boot.web.embedded.tomcat.TomcatWebServer][main][108]Tomcat initialized with port(s): 8081 (http)
[2023-11-13 21:48:03.003][INFO ][org.apache.juli.logging.DirectJDKLog][main][173]Initializing ProtocolHandler ["http-nio-8081"]
[2023-11-13 21:48:03.003][INFO ][org.apache.juli.logging.DirectJDKLog][main][173]Starting service [Tomcat]
[2023-11-13 21:48:03.003][INFO ][org.apache.juli.logging.DirectJDKLog][main][173]Starting Servlet engine: [Apache Tomcat/9.0.80]
[2023-11-13 21:48:03.003][INFO ][org.apache.juli.logging.DirectJDKLog][main][173]Initializing Spring embedded WebApplicationContext
[2023-11-13 21:48:03.003][INFO ][org.springframework.boot.web.servlet.context.ServletWebServerApplicationContext][main][292]Root WebApplicationContext: initialization completed in 1056 ms
[2023-11-13 21:48:03.003][INFO ][org.hibernate.jpa.internal.util.LogHelper][main][31]HHH000204: Processing PersistenceUnitInfo [name: default]
[2023-11-13 21:48:03.003][INFO ][org.hibernate.Version][main][44]HHH000412: Hibernate ORM core version 5.6.15.Final
[2023-11-13 21:48:03.003][INFO ][org.hibernate.annotations.common.reflection.java.JavaReflectionManager][main][56]HCANN000001: Hibernate Commons Annotations {5.1.2.Final}
[2023-11-13 21:48:03.003][INFO ][com.zaxxer.hikari.HikariDataSource][main][110]HikariPool-1 - Starting...
[2023-11-13 21:48:04.004][INFO ][com.zaxxer.hikari.HikariDataSource][main][123]HikariPool-1 - Start completed.
[2023-11-13 21:48:04.004][INFO ][org.hibernate.dialect.Dialect][main][175]HHH000400: Using dialect: org.hibernate.dialect.PostgreSQL10Dialect
[2023-11-13 21:48:04.004][INFO ][org.hibernate.engine.transaction.jta.platform.internal.JtaPlatformInitiator][main][52]HHH000490: Using JtaPlatform implementation: [org.hibernate.engine.transaction.jta.platform.internal.NoJtaPlatform]
[2023-11-13 21:48:04.004][INFO ][org.springframework.orm.jpa.AbstractEntityManagerFactoryBean][main][437]Initialized JPA EntityManagerFactory for persistence unit 'default'
[2023-11-13 21:48:05.005][WARN ][org.springframework.boot.autoconfigure.orm.jpa.JpaBaseConfiguration$JpaWebConfiguration][main][223]spring.jpa.open-in-view is enabled by default. Therefore, database queries may be performed during view rendering. Explicitly configure spring.jpa.open-in-view to disable this warning
[2023-11-13 21:48:05.005][WARN ][org.springframework.security.oauth2.provider.token.store.JwtAccessTokenConverter][main][306]Unable to create an RSA verifier from verifierKey (ignoreable if using MAC)
[2023-11-13 21:48:05.005][INFO ][org.springframework.security.web.DefaultSecurityFilterChain][main][55]Will secure Or [Ant [pattern='/oauth/token'], Ant [pattern='/oauth/token_key'], Ant [pattern='/oauth/check_token']] with [org.springframework.security.web.session.DisableEncodeUrlFilter@5bba9949, org.springframework.security.web.context.request.async.WebAsyncManagerIntegrationFilter@147059f8, org.springframework.security.web.context.SecurityContextPersistenceFilter@e4ef4c0, org.springframework.security.web.header.HeaderWriterFilter@35c00c, org.springframework.security.web.authentication.logout.LogoutFilter@19ce19b7, org.springframework.security.oauth2.provider.client.ClientCredentialsTokenEndpointFilter@5b2c7186, org.springframework.security.web.authentication.www.BasicAuthenticationFilter@2337bf27, org.springframework.security.web.savedrequest.RequestCacheAwareFilter@7b10472e, org.springframework.security.web.servletapi.SecurityContextHolderAwareRequestFilter@14c5283, org.springframework.security.web.authentication.AnonymousAuthenticationFilter@744fb110, org.springframework.security.web.session.SessionManagementFilter@6d695ec4, org.springframework.security.web.access.ExceptionTranslationFilter@7ebfe01a, org.springframework.security.web.access.intercept.FilterSecurityInterceptor@652a1a17]
[2023-11-13 21:48:05.005][INFO ][org.springframework.security.web.DefaultSecurityFilterChain][main][55]Will secure Ant [pattern='/**'] with [org.springframework.security.web.session.DisableEncodeUrlFilter@5401c6a8, org.springframework.security.web.context.request.async.WebAsyncManagerIntegrationFilter@1ef5cde4, org.springframework.security.web.context.SecurityContextPersistenceFilter@3093b9ff, org.springframework.security.web.header.HeaderWriterFilter@2ab7f649, org.springframework.web.filter.CorsFilter@359fa722, org.springframework.security.web.authentication.logout.LogoutFilter@f439e0f, org.springframework.security.oauth2.provider.authentication.OAuth2AuthenticationProcessingFilter@c29b0dc, org.springframework.security.web.authentication.UsernamePasswordAuthenticationFilter@e04b8a0, org.springframework.security.web.authentication.ui.DefaultLoginPageGeneratingFilter@5f4df55e, org.springframework.security.web.authentication.ui.DefaultLogoutPageGeneratingFilter@27b7204, org.springframework.security.web.savedrequest.RequestCacheAwareFilter@220be130, org.springframework.security.web.servletapi.SecurityContextHolderAwareRequestFilter@379b4e86, org.springframework.security.web.authentication.AnonymousAuthenticationFilter@5895c065, org.springframework.security.web.session.SessionManagementFilter@52a74328, org.springframework.security.web.access.ExceptionTranslationFilter@62ee1c89, org.springframework.security.web.access.intercept.FilterSecurityInterceptor@6d7677d8]
[2023-11-13 21:48:05.005][INFO ][org.springframework.security.web.DefaultSecurityFilterChain][main][55]Will secure any request with [org.springframework.security.web.session.DisableEncodeUrlFilter@169d4aba, org.springframework.security.web.context.request.async.WebAsyncManagerIntegrationFilter@612bb755, org.springframework.security.web.context.SecurityContextPersistenceFilter@51dbed72, org.springframework.security.web.header.HeaderWriterFilter@5af56240, org.springframework.security.web.csrf.CsrfFilter@31b91435, org.springframework.security.web.authentication.logout.LogoutFilter@3ea8ff31, org.springframework.security.web.authentication.UsernamePasswordAuthenticationFilter@1ab21633, org.springframework.security.web.authentication.ui.DefaultLoginPageGeneratingFilter@10830d50, org.springframework.security.web.authentication.ui.DefaultLogoutPageGeneratingFilter@6ba226cd, org.springframework.security.web.authentication.www.BasicAuthenticationFilter@59aa1d1c, org.springframework.security.web.savedrequest.RequestCacheAwareFilter@64e89bb2, org.springframework.security.web.servletapi.SecurityContextHolderAwareRequestFilter@15fe020d, org.springframework.security.web.authentication.AnonymousAuthenticationFilter@62e99458, org.springframework.security.web.session.SessionManagementFilter@2314cd97, org.springframework.security.web.access.ExceptionTranslationFilter@2212e291, org.springframework.security.web.access.intercept.FilterSecurityInterceptor@5a35ae82]
[2023-11-13 21:48:05.005][INFO ][org.apache.juli.logging.DirectJDKLog][main][173]Starting ProtocolHandler ["http-nio-8081"]
[2023-11-13 21:48:05.005][INFO ][org.springframework.boot.web.embedded.tomcat.TomcatWebServer][main][220]Tomcat started on port(s): 8081 (http) with context path '/api'
[2023-11-13 21:48:05.005][INFO ][org.springframework.boot.StartupInfoLogger][main][61]Started KaryawanApplication in 3.458 seconds (JVM running for 3.705)
[2023-11-13 21:50:51.051][INFO ][org.apache.juli.logging.DirectJDKLog][http-nio-8081-exec-1][173]Initializing Spring DispatcherServlet 'dispatcherServlet'
[2023-11-13 21:50:51.051][INFO ][org.springframework.web.servlet.FrameworkServlet][http-nio-8081-exec-1][525]Initializing Servlet 'dispatcherServlet'
[2023-11-13 21:50:51.051][INFO ][org.springframework.web.servlet.FrameworkServlet][http-nio-8081-exec-1][547]Completed initialization in 1 ms
