[2023-11-21 02:34:36.036][INFO ][org.springframework.orm.jpa.AbstractEntityManagerFactoryBean][SpringApplicationShutdownHook][651]Closing JPA EntityManagerFactory for persistence unit 'default'
[2023-11-21 02:34:36.036][INFO ][com.zaxxer.hikari.HikariDataSource][SpringApplicationShutdownHook][350]HikariPool-1 - Shutdown initiated...
[2023-11-21 02:34:36.036][INFO ][com.zaxxer.hikari.HikariDataSource][SpringApplicationShutdownHook][352]HikariPool-1 - Shutdown completed.
[2023-11-21 02:34:42.042][INFO ][org.hibernate.validator.internal.util.Version][background-preinit][21]HV000001: Hibernate Validator 6.0.21.Final
[2023-11-21 02:34:42.042][INFO ][org.springframework.boot.StartupInfoLogger][restartedMain][55]Starting KaryawanApplication using Java 1.8.0_381 on DESKTOP-Q14BGNT with PID 19140 (D:\Andika\BootCamp(SYNERGY)\Project\Testing\karyawan\target\classes started by Andika in D:\Andika\BootCamp(SYNERGY)\Project\Testing\karyawan)
[2023-11-21 02:34:42.042][INFO ][org.springframework.boot.SpringApplication][restartedMain][631]No active profile set, falling back to 1 default profile: "default"
[2023-11-21 02:34:42.042][INFO ][org.springframework.boot.logging.DeferredLog][restartedMain][255]Devtools property defaults active! Set 'spring.devtools.add-properties' to 'false' to disable
[2023-11-21 02:34:42.042][INFO ][org.springframework.boot.logging.DeferredLog][restartedMain][255]For additional web related logging consider setting the 'logging.level.web' property to 'DEBUG'
[2023-11-21 02:34:43.043][INFO ][org.springframework.data.repository.config.RepositoryConfigurationDelegate][restartedMain][132]Bootstrapping Spring Data JPA repositories in DEFAULT mode.
[2023-11-21 02:34:43.043][INFO ][org.springframework.data.repository.config.RepositoryConfigurationDelegate][restartedMain][201]Finished Spring Data repository scanning in 39 ms. Found 9 JPA repository interfaces.
[2023-11-21 02:34:43.043][INFO ][org.springframework.boot.web.embedded.tomcat.TomcatWebServer][restartedMain][108]Tomcat initialized with port(s): 8081 (http)
[2023-11-21 02:34:43.043][INFO ][org.apache.juli.logging.DirectJDKLog][restartedMain][173]Initializing ProtocolHandler ["http-nio-8081"]
[2023-11-21 02:34:43.043][INFO ][org.apache.juli.logging.DirectJDKLog][restartedMain][173]Starting service [Tomcat]
[2023-11-21 02:34:43.043][INFO ][org.apache.juli.logging.DirectJDKLog][restartedMain][173]Starting Servlet engine: [Apache Tomcat/9.0.80]
[2023-11-21 02:34:43.043][INFO ][org.apache.juli.logging.DirectJDKLog][restartedMain][173]Initializing Spring embedded WebApplicationContext
[2023-11-21 02:34:43.043][INFO ][org.springframework.boot.web.servlet.context.ServletWebServerApplicationContext][restartedMain][292]Root WebApplicationContext: initialization completed in 974 ms
[2023-11-21 02:34:43.043][INFO ][org.hibernate.jpa.internal.util.LogHelper][restartedMain][31]HHH000204: Processing PersistenceUnitInfo [name: default]
[2023-11-21 02:34:43.043][INFO ][org.hibernate.Version][restartedMain][44]HHH000412: Hibernate ORM core version 5.6.15.Final
[2023-11-21 02:34:43.043][INFO ][org.hibernate.annotations.common.reflection.java.JavaReflectionManager][restartedMain][56]HCANN000001: Hibernate Commons Annotations {5.1.2.Final}
[2023-11-21 02:34:43.043][INFO ][com.zaxxer.hikari.HikariDataSource][restartedMain][110]HikariPool-1 - Starting...
[2023-11-21 02:34:44.044][INFO ][com.zaxxer.hikari.HikariDataSource][restartedMain][123]HikariPool-1 - Start completed.
[2023-11-21 02:34:44.044][INFO ][org.hibernate.dialect.Dialect][restartedMain][175]HHH000400: Using dialect: org.hibernate.dialect.PostgreSQL10Dialect
[2023-11-21 02:34:44.044][INFO ][org.hibernate.engine.transaction.jta.platform.internal.JtaPlatformInitiator][restartedMain][52]HHH000490: Using JtaPlatform implementation: [org.hibernate.engine.transaction.jta.platform.internal.NoJtaPlatform]
[2023-11-21 02:34:44.044][INFO ][org.springframework.orm.jpa.AbstractEntityManagerFactoryBean][restartedMain][437]Initialized JPA EntityManagerFactory for persistence unit 'default'
[2023-11-21 02:34:44.044][WARN ][org.springframework.context.support.AbstractApplicationContext][restartedMain][591]Exception encountered during context initialization - cancelling refresh attempt: org.springframework.beans.factory.UnsatisfiedDependencyException: Error creating bean with name 'oauth2AuthorizationServerConfiguration': Unsatisfied dependency expressed through field 'authenticationManager'; nested exception is org.springframework.beans.factory.UnsatisfiedDependencyException: Error creating bean with name 'webSecurityConfiguration': Unsatisfied dependency expressed through method 'setContentNegotationStrategy' parameter 0; nested exception is org.springframework.beans.factory.UnsatisfiedDependencyException: Error creating bean with name 'org.springframework.boot.autoconfigure.web.servlet.WebMvcAutoConfiguration$EnableWebMvcConfiguration': Unsatisfied dependency expressed through method 'setConfigurers' parameter 0; nested exception is org.springframework.beans.factory.UnsatisfiedDependencyException: Error creating bean with name 'org.springframework.security.config.annotation.web.configuration.OAuth2ClientConfiguration$OAuth2ClientWebMvcSecurityConfiguration': Unsatisfied dependency expressed through method 'setClientRegistrationRepository' parameter 0; nested exception is org.springframework.beans.factory.UnsatisfiedDependencyException: Error creating bean with name 'clientRegistrationRepository' defined in class path resource [org/springframework/boot/autoconfigure/security/oauth2/client/servlet/OAuth2ClientRegistrationRepositoryConfiguration.class]: Unsatisfied dependency expressed through method 'clientRegistrationRepository' parameter 0; nested exception is org.springframework.beans.factory.BeanCreationException: Error creating bean with name 'spring.security.oauth2.client-org.springframework.boot.autoconfigure.security.oauth2.client.OAuth2ClientProperties': Invocation of init method failed; nested exception is java.lang.IllegalStateException: Client id must not be empty.
[2023-11-21 02:34:44.044][INFO ][org.springframework.orm.jpa.AbstractEntityManagerFactoryBean][restartedMain][651]Closing JPA EntityManagerFactory for persistence unit 'default'
[2023-11-21 02:34:44.044][INFO ][com.zaxxer.hikari.HikariDataSource][restartedMain][350]HikariPool-1 - Shutdown initiated...
[2023-11-21 02:34:44.044][INFO ][com.zaxxer.hikari.HikariDataSource][restartedMain][352]HikariPool-1 - Shutdown completed.
[2023-11-21 02:34:44.044][INFO ][org.apache.juli.logging.DirectJDKLog][restartedMain][173]Stopping service [Tomcat]
[2023-11-21 02:34:44.044][INFO ][org.springframework.boot.autoconfigure.logging.ConditionEvaluationReportLoggingListener][restartedMain][136]

Error starting ApplicationContext. To display the conditions report re-run your application with 'debug' enabled.
[2023-11-21 02:34:44.044][ERROR][org.springframework.boot.SpringApplication][restartedMain][821]Application run failed
org.springframework.beans.factory.UnsatisfiedDependencyException: Error creating bean with name 'oauth2AuthorizationServerConfiguration': Unsatisfied dependency expressed through field 'authenticationManager'; nested exception is org.springframework.beans.factory.UnsatisfiedDependencyException: Error creating bean with name 'webSecurityConfiguration': Unsatisfied dependency expressed through method 'setContentNegotationStrategy' parameter 0; nested exception is org.springframework.beans.factory.UnsatisfiedDependencyException: Error creating bean with name 'org.springframework.boot.autoconfigure.web.servlet.WebMvcAutoConfiguration$EnableWebMvcConfiguration': Unsatisfied dependency expressed through method 'setConfigurers' parameter 0; nested exception is org.springframework.beans.factory.UnsatisfiedDependencyException: Error creating bean with name 'org.springframework.security.config.annotation.web.configuration.OAuth2ClientConfiguration$OAuth2ClientWebMvcSecurityConfiguration': Unsatisfied dependency expressed through method 'setClientRegistrationRepository' parameter 0; nested exception is org.springframework.beans.factory.UnsatisfiedDependencyException: Error creating bean with name 'clientRegistrationRepository' defined in class path resource [org/springframework/boot/autoconfigure/security/oauth2/client/servlet/OAuth2ClientRegistrationRepositoryConfiguration.class]: Unsatisfied dependency expressed through method 'clientRegistrationRepository' parameter 0; nested exception is org.springframework.beans.factory.BeanCreationException: Error creating bean with name 'spring.security.oauth2.client-org.springframework.boot.autoconfigure.security.oauth2.client.OAuth2ClientProperties': Invocation of init method failed; nested exception is java.lang.IllegalStateException: Client id must not be empty.
	at org.springframework.beans.factory.annotation.AutowiredAnnotationBeanPostProcessor$AutowiredFieldElement.resolveFieldValue(AutowiredAnnotationBeanPostProcessor.java:713)
	at org.springframework.beans.factory.annotation.AutowiredAnnotationBeanPostProcessor$AutowiredFieldElement.inject(AutowiredAnnotationBeanPostProcessor.java:693)
	at org.springframework.beans.factory.annotation.InjectionMetadata.inject(InjectionMetadata.java:119)
	at org.springframework.beans.factory.annotation.AutowiredAnnotationBeanPostProcessor.postProcessProperties(AutowiredAnnotationBeanPostProcessor.java:408)
	at org.springframework.beans.factory.support.AbstractAutowireCapableBeanFactory.populateBean(AbstractAutowireCapableBeanFactory.java:1431)
	at org.springframework.beans.factory.support.AbstractAutowireCapableBeanFactory.doCreateBean(AbstractAutowireCapableBeanFactory.java:619)
	at org.springframework.beans.factory.support.AbstractAutowireCapableBeanFactory.createBean(AbstractAutowireCapableBeanFactory.java:542)
	at org.springframework.beans.factory.support.AbstractBeanFactory.lambda$doGetBean$0(AbstractBeanFactory.java:335)
	at org.springframework.beans.factory.support.DefaultSingletonBeanRegistry.getSingleton(DefaultSingletonBeanRegistry.java:234)
	at org.springframework.beans.factory.support.AbstractBeanFactory.doGetBean(AbstractBeanFactory.java:333)
	at org.springframework.beans.factory.support.AbstractBeanFactory.getBean(AbstractBeanFactory.java:208)
	at org.springframework.beans.factory.support.DefaultListableBeanFactory.preInstantiateSingletons(DefaultListableBeanFactory.java:955)
	at org.springframework.context.support.AbstractApplicationContext.finishBeanFactoryInitialization(AbstractApplicationContext.java:921)
	at org.springframework.context.support.AbstractApplicationContext.refresh(AbstractApplicationContext.java:583)
	at org.springframework.boot.web.servlet.context.ServletWebServerApplicationContext.refresh(ServletWebServerApplicationContext.java:147)
	at org.springframework.boot.SpringApplication.refresh(SpringApplication.java:731)
	at org.springframework.boot.SpringApplication.refreshContext(SpringApplication.java:408)
	at org.springframework.boot.SpringApplication.run(SpringApplication.java:307)
	at org.springframework.boot.SpringApplication.run(SpringApplication.java:1303)
	at org.springframework.boot.SpringApplication.run(SpringApplication.java:1292)
	at com.aplikasi.karyawan.KaryawanApplication.main(KaryawanApplication.java:15)
	at sun.reflect.NativeMethodAccessorImpl.invoke0(Native Method)
	at sun.reflect.NativeMethodAccessorImpl.invoke(NativeMethodAccessorImpl.java:62)
	at sun.reflect.DelegatingMethodAccessorImpl.invoke(DelegatingMethodAccessorImpl.java:43)
	at java.lang.reflect.Method.invoke(Method.java:498)
	at org.springframework.boot.devtools.restart.RestartLauncher.run(RestartLauncher.java:50)
Caused by: org.springframework.beans.factory.UnsatisfiedDependencyException: Error creating bean with name 'webSecurityConfiguration': Unsatisfied dependency expressed through method 'setContentNegotationStrategy' parameter 0; nested exception is org.springframework.beans.factory.UnsatisfiedDependencyException: Error creating bean with name 'org.springframework.boot.autoconfigure.web.servlet.WebMvcAutoConfiguration$EnableWebMvcConfiguration': Unsatisfied dependency expressed through method 'setConfigurers' parameter 0; nested exception is org.springframework.beans.factory.UnsatisfiedDependencyException: Error creating bean with name 'org.springframework.security.config.annotation.web.configuration.OAuth2ClientConfiguration$OAuth2ClientWebMvcSecurityConfiguration': Unsatisfied dependency expressed through method 'setClientRegistrationRepository' parameter 0; nested exception is org.springframework.beans.factory.UnsatisfiedDependencyException: Error creating bean with name 'clientRegistrationRepository' defined in class path resource [org/springframework/boot/autoconfigure/security/oauth2/client/servlet/OAuth2ClientRegistrationRepositoryConfiguration.class]: Unsatisfied dependency expressed through method 'clientRegistrationRepository' parameter 0; nested exception is org.springframework.beans.factory.BeanCreationException: Error creating bean with name 'spring.security.oauth2.client-org.springframework.boot.autoconfigure.security.oauth2.client.OAuth2ClientProperties': Invocation of init method failed; nested exception is java.lang.IllegalStateException: Client id must not be empty.
	at org.springframework.beans.factory.annotation.AutowiredAnnotationBeanPostProcessor$AutowiredMethodElement.resolveMethodArguments(AutowiredAnnotationBeanPostProcessor.java:824)
	at org.springframework.beans.factory.annotation.AutowiredAnnotationBeanPostProcessor$AutowiredMethodElement.inject(AutowiredAnnotationBeanPostProcessor.java:777)
	at org.springframework.beans.factory.annotation.InjectionMetadata.inject(InjectionMetadata.java:119)
	at org.springframework.beans.factory.annotation.AutowiredAnnotationBeanPostProcessor.postProcessProperties(AutowiredAnnotationBeanPostProcessor.java:408)
	at org.springframework.beans.factory.support.AbstractAutowireCapableBeanFactory.populateBean(AbstractAutowireCapableBeanFactory.java:1431)
	at org.springframework.beans.factory.support.AbstractAutowireCapableBeanFactory.doCreateBean(AbstractAutowireCapableBeanFactory.java:619)
	at org.springframework.beans.factory.support.AbstractAutowireCapableBeanFactory.createBean(AbstractAutowireCapableBeanFactory.java:542)
	at org.springframework.beans.factory.support.AbstractBeanFactory.lambda$doGetBean$0(AbstractBeanFactory.java:335)
	at org.springframework.beans.factory.support.DefaultSingletonBeanRegistry.getSingleton(DefaultSingletonBeanRegistry.java:234)
	at org.springframework.beans.factory.support.AbstractBeanFactory.doGetBean(AbstractBeanFactory.java:333)
	at org.springframework.beans.factory.support.AbstractBeanFactory.getBean(AbstractBeanFactory.java:208)
	at org.springframework.beans.factory.support.ConstructorResolver.instantiateUsingFactoryMethod(ConstructorResolver.java:405)
	at org.springframework.beans.factory.support.AbstractAutowireCapableBeanFactory.instantiateUsingFactoryMethod(AbstractAutowireCapableBeanFactory.java:1352)
	at org.springframework.beans.factory.support.AbstractAutowireCapableBeanFactory.createBeanInstance(AbstractAutowireCapableBeanFactory.java:1195)
	at org.springframework.beans.factory.support.AbstractAutowireCapableBeanFactory.doCreateBean(AbstractAutowireCapableBeanFactory.java:582)
	at org.springframework.beans.factory.support.AbstractAutowireCapableBeanFactory.createBean(AbstractAutowireCapableBeanFactory.java:542)
	at org.springframework.beans.factory.support.AbstractBeanFactory.lambda$doGetBean$0(AbstractBeanFactory.java:335)
	at org.springframework.beans.factory.support.DefaultSingletonBeanRegistry.getSingleton(DefaultSingletonBeanRegistry.java:234)
	at org.springframework.beans.factory.support.AbstractBeanFactory.doGetBean(AbstractBeanFactory.java:333)
	at org.springframework.beans.factory.support.AbstractBeanFactory.getBean(AbstractBeanFactory.java:208)
	at org.springframework.beans.factory.config.DependencyDescriptor.resolveCandidate(DependencyDescriptor.java:276)
	at org.springframework.beans.factory.support.DefaultListableBeanFactory.doResolveDependency(DefaultListableBeanFactory.java:1391)
	at org.springframework.beans.factory.support.DefaultListableBeanFactory.resolveDependency(DefaultListableBeanFactory.java:1311)
	at org.springframework.beans.factory.annotation.AutowiredAnnotationBeanPostProcessor$AutowiredFieldElement.resolveFieldValue(AutowiredAnnotationBeanPostProcessor.java:710)
	... 25 common frames omitted
Caused by: org.springframework.beans.factory.UnsatisfiedDependencyException: Error creating bean with name 'org.springframework.boot.autoconfigure.web.servlet.WebMvcAutoConfiguration$EnableWebMvcConfiguration': Unsatisfied dependency expressed through method 'setConfigurers' parameter 0; nested exception is org.springframework.beans.factory.UnsatisfiedDependencyException: Error creating bean with name 'org.springframework.security.config.annotation.web.configuration.OAuth2ClientConfiguration$OAuth2ClientWebMvcSecurityConfiguration': Unsatisfied dependency expressed through method 'setClientRegistrationRepository' parameter 0; nested exception is org.springframework.beans.factory.UnsatisfiedDependencyException: Error creating bean with name 'clientRegistrationRepository' defined in class path resource [org/springframework/boot/autoconfigure/security/oauth2/client/servlet/OAuth2ClientRegistrationRepositoryConfiguration.class]: Unsatisfied dependency expressed through method 'clientRegistrationRepository' parameter 0; nested exception is org.springframework.beans.factory.BeanCreationException: Error creating bean with name 'spring.security.oauth2.client-org.springframework.boot.autoconfigure.security.oauth2.client.OAuth2ClientProperties': Invocation of init method failed; nested exception is java.lang.IllegalStateException: Client id must not be empty.
	at org.springframework.beans.factory.annotation.AutowiredAnnotationBeanPostProcessor$AutowiredMethodElement.resolveMethodArguments(AutowiredAnnotationBeanPostProcessor.java:824)
	at org.springframework.beans.factory.annotation.AutowiredAnnotationBeanPostProcessor$AutowiredMethodElement.inject(AutowiredAnnotationBeanPostProcessor.java:777)
	at org.springframework.beans.factory.annotation.InjectionMetadata.inject(InjectionMetadata.java:119)
	at org.springframework.beans.factory.annotation.AutowiredAnnotationBeanPostProcessor.postProcessProperties(AutowiredAnnotationBeanPostProcessor.java:408)
	at org.springframework.beans.factory.support.AbstractAutowireCapableBeanFactory.populateBean(AbstractAutowireCapableBeanFactory.java:1431)
	at org.springframework.beans.factory.support.AbstractAutowireCapableBeanFactory.doCreateBean(AbstractAutowireCapableBeanFactory.java:619)
	at org.springframework.beans.factory.support.AbstractAutowireCapableBeanFactory.createBean(AbstractAutowireCapableBeanFactory.java:542)
	at org.springframework.beans.factory.support.AbstractBeanFactory.lambda$doGetBean$0(AbstractBeanFactory.java:335)
	at org.springframework.beans.factory.support.DefaultSingletonBeanRegistry.getSingleton(DefaultSingletonBeanRegistry.java:234)
	at org.springframework.beans.factory.support.AbstractBeanFactory.doGetBean(AbstractBeanFactory.java:333)
	at org.springframework.beans.factory.support.AbstractBeanFactory.getBean(AbstractBeanFactory.java:208)
	at org.springframework.beans.factory.support.ConstructorResolver.instantiateUsingFactoryMethod(ConstructorResolver.java:405)
	at org.springframework.beans.factory.support.AbstractAutowireCapableBeanFactory.instantiateUsingFactoryMethod(AbstractAutowireCapableBeanFactory.java:1352)
	at org.springframework.beans.factory.support.AbstractAutowireCapableBeanFactory.createBeanInstance(AbstractAutowireCapableBeanFactory.java:1195)
	at org.springframework.beans.factory.support.AbstractAutowireCapableBeanFactory.doCreateBean(AbstractAutowireCapableBeanFactory.java:582)
	at org.springframework.beans.factory.support.AbstractAutowireCapableBeanFactory.createBean(AbstractAutowireCapableBeanFactory.java:542)
	at org.springframework.beans.factory.support.AbstractBeanFactory.lambda$doGetBean$0(AbstractBeanFactory.java:335)
	at org.springframework.beans.factory.support.DefaultSingletonBeanRegistry.getSingleton(DefaultSingletonBeanRegistry.java:234)
	at org.springframework.beans.factory.support.AbstractBeanFactory.doGetBean(AbstractBeanFactory.java:333)
	at org.springframework.beans.factory.support.AbstractBeanFactory.getBean(AbstractBeanFactory.java:208)
	at org.springframework.beans.factory.config.DependencyDescriptor.resolveCandidate(DependencyDescriptor.java:276)
	at org.springframework.beans.factory.support.DefaultListableBeanFactory.doResolveDependency(DefaultListableBeanFactory.java:1391)
	at org.springframework.beans.factory.support.DefaultListableBeanFactory.resolveDependency(DefaultListableBeanFactory.java:1311)
	at org.springframework.beans.factory.annotation.AutowiredAnnotationBeanPostProcessor$AutowiredMethodElement.resolveMethodArguments(AutowiredAnnotationBeanPostProcessor.java:816)
	... 48 common frames omitted
Caused by: org.springframework.beans.factory.UnsatisfiedDependencyException: Error creating bean with name 'org.springframework.security.config.annotation.web.configuration.OAuth2ClientConfiguration$OAuth2ClientWebMvcSecurityConfiguration': Unsatisfied dependency expressed through method 'setClientRegistrationRepository' parameter 0; nested exception is org.springframework.beans.factory.UnsatisfiedDependencyException: Error creating bean with name 'clientRegistrationRepository' defined in class path resource [org/springframework/boot/autoconfigure/security/oauth2/client/servlet/OAuth2ClientRegistrationRepositoryConfiguration.class]: Unsatisfied dependency expressed through method 'clientRegistrationRepository' parameter 0; nested exception is org.springframework.beans.factory.BeanCreationException: Error creating bean with name 'spring.security.oauth2.client-org.springframework.boot.autoconfigure.security.oauth2.client.OAuth2ClientProperties': Invocation of init method failed; nested exception is java.lang.IllegalStateException: Client id must not be empty.
	at org.springframework.beans.factory.annotation.AutowiredAnnotationBeanPostProcessor$AutowiredMethodElement.resolveMethodArguments(AutowiredAnnotationBeanPostProcessor.java:824)
	at org.springframework.beans.factory.annotation.AutowiredAnnotationBeanPostProcessor$AutowiredMethodElement.inject(AutowiredAnnotationBeanPostProcessor.java:777)
	at org.springframework.beans.factory.annotation.InjectionMetadata.inject(InjectionMetadata.java:119)
	at org.springframework.beans.factory.annotation.AutowiredAnnotationBeanPostProcessor.postProcessProperties(AutowiredAnnotationBeanPostProcessor.java:408)
	at org.springframework.beans.factory.support.AbstractAutowireCapableBeanFactory.populateBean(AbstractAutowireCapableBeanFactory.java:1431)
	at org.springframework.beans.factory.support.AbstractAutowireCapableBeanFactory.doCreateBean(AbstractAutowireCapableBeanFactory.java:619)
	at org.springframework.beans.factory.support.AbstractAutowireCapableBeanFactory.createBean(AbstractAutowireCapableBeanFactory.java:542)
	at org.springframework.beans.factory.support.AbstractBeanFactory.lambda$doGetBean$0(AbstractBeanFactory.java:335)
	at org.springframework.beans.factory.support.DefaultSingletonBeanRegistry.getSingleton(DefaultSingletonBeanRegistry.java:234)
	at org.springframework.beans.factory.support.AbstractBeanFactory.doGetBean(AbstractBeanFactory.java:333)
	at org.springframework.beans.factory.support.AbstractBeanFactory.getBean(AbstractBeanFactory.java:208)
	at org.springframework.beans.factory.config.DependencyDescriptor.resolveCandidate(DependencyDescriptor.java:276)
	at org.springframework.beans.factory.support.DefaultListableBeanFactory.addCandidateEntry(DefaultListableBeanFactory.java:1609)
	at org.springframework.beans.factory.support.DefaultListableBeanFactory.findAutowireCandidates(DefaultListableBeanFactory.java:1573)
	at org.springframework.beans.factory.support.DefaultListableBeanFactory.resolveMultipleBeans(DefaultListableBeanFactory.java:1462)
	at org.springframework.beans.factory.support.DefaultListableBeanFactory.doResolveDependency(DefaultListableBeanFactory.java:1349)
	at org.springframework.beans.factory.support.DefaultListableBeanFactory.resolveDependency(DefaultListableBeanFactory.java:1311)
	at org.springframework.beans.factory.annotation.AutowiredAnnotationBeanPostProcessor$AutowiredMethodElement.resolveMethodArguments(AutowiredAnnotationBeanPostProcessor.java:816)
	... 71 common frames omitted
Caused by: org.springframework.beans.factory.UnsatisfiedDependencyException: Error creating bean with name 'clientRegistrationRepository' defined in class path resource [org/springframework/boot/autoconfigure/security/oauth2/client/servlet/OAuth2ClientRegistrationRepositoryConfiguration.class]: Unsatisfied dependency expressed through method 'clientRegistrationRepository' parameter 0; nested exception is org.springframework.beans.factory.BeanCreationException: Error creating bean with name 'spring.security.oauth2.client-org.springframework.boot.autoconfigure.security.oauth2.client.OAuth2ClientProperties': Invocation of init method failed; nested exception is java.lang.IllegalStateException: Client id must not be empty.
	at org.springframework.beans.factory.support.ConstructorResolver.createArgumentArray(ConstructorResolver.java:801)
	at org.springframework.beans.factory.support.ConstructorResolver.instantiateUsingFactoryMethod(ConstructorResolver.java:536)
	at org.springframework.beans.factory.support.AbstractAutowireCapableBeanFactory.instantiateUsingFactoryMethod(AbstractAutowireCapableBeanFactory.java:1352)
	at org.springframework.beans.factory.support.AbstractAutowireCapableBeanFactory.createBeanInstance(AbstractAutowireCapableBeanFactory.java:1195)
	at org.springframework.beans.factory.support.AbstractAutowireCapableBeanFactory.doCreateBean(AbstractAutowireCapableBeanFactory.java:582)
	at org.springframework.beans.factory.support.AbstractAutowireCapableBeanFactory.createBean(AbstractAutowireCapableBeanFactory.java:542)
	at org.springframework.beans.factory.support.AbstractBeanFactory.lambda$doGetBean$0(AbstractBeanFactory.java:335)
	at org.springframework.beans.factory.support.DefaultSingletonBeanRegistry.getSingleton(DefaultSingletonBeanRegistry.java:234)
	at org.springframework.beans.factory.support.AbstractBeanFactory.doGetBean(AbstractBeanFactory.java:333)
	at org.springframework.beans.factory.support.AbstractBeanFactory.getBean(AbstractBeanFactory.java:208)
	at org.springframework.beans.factory.config.DependencyDescriptor.resolveCandidate(DependencyDescriptor.java:276)
	at org.springframework.beans.factory.support.DefaultListableBeanFactory.addCandidateEntry(DefaultListableBeanFactory.java:1609)
	at org.springframework.beans.factory.support.DefaultListableBeanFactory.findAutowireCandidates(DefaultListableBeanFactory.java:1573)
	at org.springframework.beans.factory.support.DefaultListableBeanFactory.resolveMultipleBeans(DefaultListableBeanFactory.java:1462)
	at org.springframework.beans.factory.support.DefaultListableBeanFactory.doResolveDependency(DefaultListableBeanFactory.java:1349)
	at org.springframework.beans.factory.support.DefaultListableBeanFactory.resolveDependency(DefaultListableBeanFactory.java:1311)
	at org.springframework.beans.factory.annotation.AutowiredAnnotationBeanPostProcessor$AutowiredMethodElement.resolveMethodArguments(AutowiredAnnotationBeanPostProcessor.java:816)
	... 88 common frames omitted
Caused by: org.springframework.beans.factory.BeanCreationException: Error creating bean with name 'spring.security.oauth2.client-org.springframework.boot.autoconfigure.security.oauth2.client.OAuth2ClientProperties': Invocation of init method failed; nested exception is java.lang.IllegalStateException: Client id must not be empty.
	at org.springframework.beans.factory.support.AbstractAutowireCapableBeanFactory.initializeBean(AbstractAutowireCapableBeanFactory.java:1804)
	at org.springframework.beans.factory.support.AbstractAutowireCapableBeanFactory.doCreateBean(AbstractAutowireCapableBeanFactory.java:620)
	at org.springframework.beans.factory.support.AbstractAutowireCapableBeanFactory.createBean(AbstractAutowireCapableBeanFactory.java:542)
	at org.springframework.beans.factory.support.AbstractBeanFactory.lambda$doGetBean$0(AbstractBeanFactory.java:335)
	at org.springframework.beans.factory.support.DefaultSingletonBeanRegistry.getSingleton(DefaultSingletonBeanRegistry.java:234)
	at org.springframework.beans.factory.support.AbstractBeanFactory.doGetBean(AbstractBeanFactory.java:333)
	at org.springframework.beans.factory.support.AbstractBeanFactory.getBean(AbstractBeanFactory.java:208)
	at org.springframework.beans.factory.config.DependencyDescriptor.resolveCandidate(DependencyDescriptor.java:276)
	at org.springframework.beans.factory.support.DefaultListableBeanFactory.doResolveDependency(DefaultListableBeanFactory.java:1391)
	at org.springframework.beans.factory.support.DefaultListableBeanFactory.resolveDependency(DefaultListableBeanFactory.java:1311)
	at org.springframework.beans.factory.support.ConstructorResolver.resolveAutowiredArgument(ConstructorResolver.java:911)
	at org.springframework.beans.factory.support.ConstructorResolver.createArgumentArray(ConstructorResolver.java:788)
	... 104 common frames omitted
Caused by: java.lang.IllegalStateException: Client id must not be empty.
	at org.springframework.boot.autoconfigure.security.oauth2.client.OAuth2ClientProperties.validateRegistration(OAuth2ClientProperties.java:68)
	at java.util.HashMap$Values.forEach(HashMap.java:982)
	at org.springframework.boot.autoconfigure.security.oauth2.client.OAuth2ClientProperties.validate(OAuth2ClientProperties.java:63)
	at org.springframework.boot.autoconfigure.security.oauth2.client.OAuth2ClientProperties.afterPropertiesSet(OAuth2ClientProperties.java:59)
	at org.springframework.beans.factory.support.AbstractAutowireCapableBeanFactory.invokeInitMethods(AbstractAutowireCapableBeanFactory.java:1863)
	at org.springframework.beans.factory.support.AbstractAutowireCapableBeanFactory.initializeBean(AbstractAutowireCapableBeanFactory.java:1800)
	... 115 common frames omitted
[2023-11-21 02:35:29.029][INFO ][org.hibernate.validator.internal.util.Version][background-preinit][21]HV000001: Hibernate Validator 6.0.21.Final
[2023-11-21 02:35:29.029][INFO ][org.springframework.boot.StartupInfoLogger][restartedMain][55]Starting KaryawanApplication using Java 1.8.0_381 on DESKTOP-Q14BGNT with PID 34620 (D:\Andika\BootCamp(SYNERGY)\Project\Testing\karyawan\target\classes started by Andika in D:\Andika\BootCamp(SYNERGY)\Project\Testing\karyawan)
[2023-11-21 02:35:29.029][INFO ][org.springframework.boot.SpringApplication][restartedMain][631]No active profile set, falling back to 1 default profile: "default"
[2023-11-21 02:35:29.029][INFO ][org.springframework.boot.logging.DeferredLog][restartedMain][255]Devtools property defaults active! Set 'spring.devtools.add-properties' to 'false' to disable
[2023-11-21 02:35:29.029][INFO ][org.springframework.boot.logging.DeferredLog][restartedMain][255]For additional web related logging consider setting the 'logging.level.web' property to 'DEBUG'
[2023-11-21 02:35:29.029][INFO ][org.springframework.data.repository.config.RepositoryConfigurationDelegate][restartedMain][132]Bootstrapping Spring Data JPA repositories in DEFAULT mode.
[2023-11-21 02:35:29.029][INFO ][org.springframework.data.repository.config.RepositoryConfigurationDelegate][restartedMain][201]Finished Spring Data repository scanning in 35 ms. Found 9 JPA repository interfaces.
[2023-11-21 02:35:29.029][INFO ][org.springframework.boot.web.embedded.tomcat.TomcatWebServer][restartedMain][108]Tomcat initialized with port(s): 8081 (http)
[2023-11-21 02:35:29.029][INFO ][org.apache.juli.logging.DirectJDKLog][restartedMain][173]Initializing ProtocolHandler ["http-nio-8081"]
[2023-11-21 02:35:29.029][INFO ][org.apache.juli.logging.DirectJDKLog][restartedMain][173]Starting service [Tomcat]
[2023-11-21 02:35:29.029][INFO ][org.apache.juli.logging.DirectJDKLog][restartedMain][173]Starting Servlet engine: [Apache Tomcat/9.0.80]
[2023-11-21 02:35:30.030][INFO ][org.apache.juli.logging.DirectJDKLog][restartedMain][173]Initializing Spring embedded WebApplicationContext
[2023-11-21 02:35:30.030][INFO ][org.springframework.boot.web.servlet.context.ServletWebServerApplicationContext][restartedMain][292]Root WebApplicationContext: initialization completed in 960 ms
[2023-11-21 02:35:30.030][INFO ][org.hibernate.jpa.internal.util.LogHelper][restartedMain][31]HHH000204: Processing PersistenceUnitInfo [name: default]
[2023-11-21 02:35:30.030][INFO ][org.hibernate.Version][restartedMain][44]HHH000412: Hibernate ORM core version 5.6.15.Final
[2023-11-21 02:35:30.030][INFO ][org.hibernate.annotations.common.reflection.java.JavaReflectionManager][restartedMain][56]HCANN000001: Hibernate Commons Annotations {5.1.2.Final}
[2023-11-21 02:35:30.030][INFO ][com.zaxxer.hikari.HikariDataSource][restartedMain][110]HikariPool-1 - Starting...
[2023-11-21 02:35:30.030][INFO ][com.zaxxer.hikari.HikariDataSource][restartedMain][123]HikariPool-1 - Start completed.
[2023-11-21 02:35:30.030][INFO ][org.hibernate.dialect.Dialect][restartedMain][175]HHH000400: Using dialect: org.hibernate.dialect.PostgreSQL10Dialect
[2023-11-21 02:35:31.031][INFO ][org.hibernate.engine.transaction.jta.platform.internal.JtaPlatformInitiator][restartedMain][52]HHH000490: Using JtaPlatform implementation: [org.hibernate.engine.transaction.jta.platform.internal.NoJtaPlatform]
[2023-11-21 02:35:31.031][INFO ][org.springframework.orm.jpa.AbstractEntityManagerFactoryBean][restartedMain][437]Initialized JPA EntityManagerFactory for persistence unit 'default'
[2023-11-21 02:35:31.031][WARN ][org.springframework.boot.autoconfigure.orm.jpa.JpaBaseConfiguration$JpaWebConfiguration][restartedMain][223]spring.jpa.open-in-view is enabled by default. Therefore, database queries may be performed during view rendering. Explicitly configure spring.jpa.open-in-view to disable this warning
[2023-11-21 02:35:31.031][WARN ][org.springframework.security.oauth2.provider.token.store.JwtAccessTokenConverter][restartedMain][306]Unable to create an RSA verifier from verifierKey (ignoreable if using MAC)
[2023-11-21 02:35:31.031][INFO ][org.springframework.security.web.DefaultSecurityFilterChain][restartedMain][55]Will secure Or [Ant [pattern='/oauth/token'], Ant [pattern='/oauth/token_key'], Ant [pattern='/oauth/check_token']] with [org.springframework.security.web.session.DisableEncodeUrlFilter@5928322b, org.springframework.security.web.context.request.async.WebAsyncManagerIntegrationFilter@7db2ffef, org.springframework.security.web.context.SecurityContextPersistenceFilter@66d4d6e4, org.springframework.security.web.header.HeaderWriterFilter@4f415b8, org.springframework.security.web.authentication.logout.LogoutFilter@681f4e7c, org.springframework.security.oauth2.provider.client.ClientCredentialsTokenEndpointFilter@7c011906, org.springframework.security.web.authentication.www.BasicAuthenticationFilter@638b72e3, org.springframework.security.web.savedrequest.RequestCacheAwareFilter@c659e77, org.springframework.security.web.servletapi.SecurityContextHolderAwareRequestFilter@721d1745, org.springframework.security.web.authentication.AnonymousAuthenticationFilter@4beae547, org.springframework.security.web.session.SessionManagementFilter@68e3c9ad, org.springframework.security.web.access.ExceptionTranslationFilter@ec7753c, org.springframework.security.web.access.intercept.FilterSecurityInterceptor@501557ef]
[2023-11-21 02:35:31.031][INFO ][org.springframework.security.web.DefaultSecurityFilterChain][restartedMain][55]Will secure Ant [pattern='/**'] with [org.springframework.security.web.session.DisableEncodeUrlFilter@21597c96, org.springframework.security.web.context.request.async.WebAsyncManagerIntegrationFilter@664075a6, org.springframework.security.web.context.SecurityContextPersistenceFilter@5841996, org.springframework.security.web.header.HeaderWriterFilter@4c2b93fe, org.springframework.web.filter.CorsFilter@22356c85, org.springframework.security.web.authentication.logout.LogoutFilter@562348bc, org.springframework.security.oauth2.provider.authentication.OAuth2AuthenticationProcessingFilter@19868adc, org.springframework.security.web.authentication.UsernamePasswordAuthenticationFilter@7a57ccdf, org.springframework.security.web.authentication.ui.DefaultLoginPageGeneratingFilter@4eff555b, org.springframework.security.web.authentication.ui.DefaultLogoutPageGeneratingFilter@7d2f2181, org.springframework.security.web.savedrequest.RequestCacheAwareFilter@7ae8fc81, org.springframework.security.web.servletapi.SecurityContextHolderAwareRequestFilter@6acc3441, org.springframework.security.web.authentication.AnonymousAuthenticationFilter@17784f7e, org.springframework.security.web.session.SessionManagementFilter@754a3bb8, org.springframework.security.web.access.ExceptionTranslationFilter@5065fed1, org.springframework.security.web.access.intercept.FilterSecurityInterceptor@67e4db6f]
[2023-11-21 02:35:31.031][INFO ][org.springframework.security.web.DefaultSecurityFilterChain][restartedMain][55]Will secure any request with [org.springframework.security.web.session.DisableEncodeUrlFilter@31ee015f, org.springframework.security.web.context.request.async.WebAsyncManagerIntegrationFilter@3c18d726, org.springframework.security.web.context.SecurityContextPersistenceFilter@3a0e5930, org.springframework.security.web.header.HeaderWriterFilter@20fedb35, org.springframework.security.web.csrf.CsrfFilter@1c72eb5b, org.springframework.security.web.authentication.logout.LogoutFilter@379a8e93, org.springframework.security.web.authentication.UsernamePasswordAuthenticationFilter@3c0ec9d3, org.springframework.security.web.authentication.ui.DefaultLoginPageGeneratingFilter@4836e833, org.springframework.security.web.authentication.ui.DefaultLogoutPageGeneratingFilter@7692c127, org.springframework.security.web.authentication.www.BasicAuthenticationFilter@30b147a0, org.springframework.security.web.savedrequest.RequestCacheAwareFilter@5b7d8d3d, org.springframework.security.web.servletapi.SecurityContextHolderAwareRequestFilter@d0cc214, org.springframework.security.web.authentication.AnonymousAuthenticationFilter@4c241412, org.springframework.security.web.session.SessionManagementFilter@2b5dd442, org.springframework.security.web.access.ExceptionTranslationFilter@30da290d, org.springframework.security.web.access.intercept.FilterSecurityInterceptor@f60536f]
[2023-11-21 02:35:31.031][INFO ][org.springframework.boot.devtools.autoconfigure.OptionalLiveReloadServer][restartedMain][59]LiveReload server is running on port 35729
[2023-11-21 02:35:31.031][INFO ][org.apache.juli.logging.DirectJDKLog][restartedMain][173]Starting ProtocolHandler ["http-nio-8081"]
[2023-11-21 02:35:31.031][INFO ][org.springframework.boot.web.embedded.tomcat.TomcatWebServer][restartedMain][220]Tomcat started on port(s): 8081 (http) with context path '/api'
[2023-11-21 02:35:31.031][INFO ][org.springframework.boot.StartupInfoLogger][restartedMain][61]Started KaryawanApplication in 3.122 seconds (JVM running for 3.409)
[2023-11-21 02:35:49.049][INFO ][org.springframework.orm.jpa.AbstractEntityManagerFactoryBean][SpringApplicationShutdownHook][651]Closing JPA EntityManagerFactory for persistence unit 'default'
[2023-11-21 02:35:49.049][INFO ][com.zaxxer.hikari.HikariDataSource][SpringApplicationShutdownHook][350]HikariPool-1 - Shutdown initiated...
[2023-11-21 02:35:49.049][INFO ][com.zaxxer.hikari.HikariDataSource][SpringApplicationShutdownHook][352]HikariPool-1 - Shutdown completed.
[2023-11-21 02:35:51.051][INFO ][org.hibernate.validator.internal.util.Version][background-preinit][21]HV000001: Hibernate Validator 6.0.21.Final
[2023-11-21 02:35:51.051][INFO ][org.springframework.boot.StartupInfoLogger][restartedMain][55]Starting KaryawanApplication using Java 1.8.0_381 on DESKTOP-Q14BGNT with PID 10716 (D:\Andika\BootCamp(SYNERGY)\Project\Testing\karyawan\target\classes started by Andika in D:\Andika\BootCamp(SYNERGY)\Project\Testing\karyawan)
[2023-11-21 02:35:51.051][INFO ][org.springframework.boot.SpringApplication][restartedMain][631]No active profile set, falling back to 1 default profile: "default"
[2023-11-21 02:35:51.051][INFO ][org.springframework.boot.logging.DeferredLog][restartedMain][255]Devtools property defaults active! Set 'spring.devtools.add-properties' to 'false' to disable
[2023-11-21 02:35:51.051][INFO ][org.springframework.boot.logging.DeferredLog][restartedMain][255]For additional web related logging consider setting the 'logging.level.web' property to 'DEBUG'
[2023-11-21 02:35:52.052][INFO ][org.springframework.data.repository.config.RepositoryConfigurationDelegate][restartedMain][132]Bootstrapping Spring Data JPA repositories in DEFAULT mode.
[2023-11-21 02:35:52.052][INFO ][org.springframework.data.repository.config.RepositoryConfigurationDelegate][restartedMain][201]Finished Spring Data repository scanning in 38 ms. Found 9 JPA repository interfaces.
[2023-11-21 02:35:52.052][INFO ][org.springframework.boot.web.embedded.tomcat.TomcatWebServer][restartedMain][108]Tomcat initialized with port(s): 8081 (http)
[2023-11-21 02:35:52.052][INFO ][org.apache.juli.logging.DirectJDKLog][restartedMain][173]Initializing ProtocolHandler ["http-nio-8081"]
[2023-11-21 02:35:52.052][INFO ][org.apache.juli.logging.DirectJDKLog][restartedMain][173]Starting service [Tomcat]
[2023-11-21 02:35:52.052][INFO ][org.apache.juli.logging.DirectJDKLog][restartedMain][173]Starting Servlet engine: [Apache Tomcat/9.0.80]
[2023-11-21 02:35:52.052][INFO ][org.apache.juli.logging.DirectJDKLog][restartedMain][173]Initializing Spring embedded WebApplicationContext
[2023-11-21 02:35:52.052][INFO ][org.springframework.boot.web.servlet.context.ServletWebServerApplicationContext][restartedMain][292]Root WebApplicationContext: initialization completed in 973 ms
[2023-11-21 02:35:52.052][INFO ][org.hibernate.jpa.internal.util.LogHelper][restartedMain][31]HHH000204: Processing PersistenceUnitInfo [name: default]
[2023-11-21 02:35:52.052][INFO ][org.hibernate.Version][restartedMain][44]HHH000412: Hibernate ORM core version 5.6.15.Final
[2023-11-21 02:35:52.052][INFO ][org.hibernate.annotations.common.reflection.java.JavaReflectionManager][restartedMain][56]HCANN000001: Hibernate Commons Annotations {5.1.2.Final}
[2023-11-21 02:35:53.053][INFO ][com.zaxxer.hikari.HikariDataSource][restartedMain][110]HikariPool-1 - Starting...
[2023-11-21 02:35:53.053][INFO ][com.zaxxer.hikari.HikariDataSource][restartedMain][123]HikariPool-1 - Start completed.
[2023-11-21 02:35:53.053][INFO ][org.hibernate.dialect.Dialect][restartedMain][175]HHH000400: Using dialect: org.hibernate.dialect.PostgreSQL10Dialect
[2023-11-21 02:35:53.053][INFO ][org.hibernate.engine.transaction.jta.platform.internal.JtaPlatformInitiator][restartedMain][52]HHH000490: Using JtaPlatform implementation: [org.hibernate.engine.transaction.jta.platform.internal.NoJtaPlatform]
[2023-11-21 02:35:53.053][INFO ][org.springframework.orm.jpa.AbstractEntityManagerFactoryBean][restartedMain][437]Initialized JPA EntityManagerFactory for persistence unit 'default'
[2023-11-21 02:35:54.054][WARN ][org.springframework.boot.autoconfigure.orm.jpa.JpaBaseConfiguration$JpaWebConfiguration][restartedMain][223]spring.jpa.open-in-view is enabled by default. Therefore, database queries may be performed during view rendering. Explicitly configure spring.jpa.open-in-view to disable this warning
[2023-11-21 02:35:54.054][WARN ][org.springframework.security.oauth2.provider.token.store.JwtAccessTokenConverter][restartedMain][306]Unable to create an RSA verifier from verifierKey (ignoreable if using MAC)
[2023-11-21 02:35:54.054][INFO ][org.springframework.security.web.DefaultSecurityFilterChain][restartedMain][55]Will secure Or [Ant [pattern='/oauth/token'], Ant [pattern='/oauth/token_key'], Ant [pattern='/oauth/check_token']] with [org.springframework.security.web.session.DisableEncodeUrlFilter@555ea65a, org.springframework.security.web.context.request.async.WebAsyncManagerIntegrationFilter@37c4e2c4, org.springframework.security.web.context.SecurityContextPersistenceFilter@7c4fa0a3, org.springframework.security.web.header.HeaderWriterFilter@61112ce4, org.springframework.security.web.authentication.logout.LogoutFilter@519e2674, org.springframework.security.oauth2.provider.client.ClientCredentialsTokenEndpointFilter@68d46d5a, org.springframework.security.web.authentication.www.BasicAuthenticationFilter@21248501, org.springframework.security.web.savedrequest.RequestCacheAwareFilter@44ba9ab4, org.springframework.security.web.servletapi.SecurityContextHolderAwareRequestFilter@e8a977c, org.springframework.security.web.authentication.AnonymousAuthenticationFilter@40a5a70a, org.springframework.security.web.session.SessionManagementFilter@6e315a63, org.springframework.security.web.access.ExceptionTranslationFilter@6301b0be, org.springframework.security.web.access.intercept.FilterSecurityInterceptor@32bc8571]
[2023-11-21 02:35:54.054][INFO ][org.springframework.security.web.DefaultSecurityFilterChain][restartedMain][55]Will secure Ant [pattern='/**'] with [org.springframework.security.web.session.DisableEncodeUrlFilter@529cde3a, org.springframework.security.web.context.request.async.WebAsyncManagerIntegrationFilter@24e6783d, org.springframework.security.web.context.SecurityContextPersistenceFilter@4ffcd269, org.springframework.security.web.header.HeaderWriterFilter@53322c95, org.springframework.web.filter.CorsFilter@2a8165fb, org.springframework.security.web.authentication.logout.LogoutFilter@5e8dd962, org.springframework.security.oauth2.provider.authentication.OAuth2AuthenticationProcessingFilter@5c824ee7, org.springframework.security.web.authentication.UsernamePasswordAuthenticationFilter@6f6c30ba, org.springframework.security.web.authentication.ui.DefaultLoginPageGeneratingFilter@5db9ec03, org.springframework.security.web.authentication.ui.DefaultLogoutPageGeneratingFilter@292845d, org.springframework.security.web.savedrequest.RequestCacheAwareFilter@37535a7, org.springframework.security.web.servletapi.SecurityContextHolderAwareRequestFilter@41e1f7d8, org.springframework.security.web.authentication.AnonymousAuthenticationFilter@364be73b, org.springframework.security.web.session.SessionManagementFilter@52f9d7b0, org.springframework.security.web.access.ExceptionTranslationFilter@7997b9a, org.springframework.security.web.access.intercept.FilterSecurityInterceptor@40c5d6bd]
[2023-11-21 02:35:54.054][INFO ][org.springframework.security.web.DefaultSecurityFilterChain][restartedMain][55]Will secure any request with [org.springframework.security.web.session.DisableEncodeUrlFilter@2a1b795f, org.springframework.security.web.context.request.async.WebAsyncManagerIntegrationFilter@2a6b911f, org.springframework.security.web.context.SecurityContextPersistenceFilter@1d509c7e, org.springframework.security.web.header.HeaderWriterFilter@4c17f5e9, org.springframework.security.web.csrf.CsrfFilter@7e476ff, org.springframework.security.web.authentication.logout.LogoutFilter@7d78b356, org.springframework.security.web.authentication.UsernamePasswordAuthenticationFilter@3ed45976, org.springframework.security.web.authentication.ui.DefaultLoginPageGeneratingFilter@6255d99, org.springframework.security.web.authentication.ui.DefaultLogoutPageGeneratingFilter@366862cd, org.springframework.security.web.authentication.www.BasicAuthenticationFilter@452fb152, org.springframework.security.web.savedrequest.RequestCacheAwareFilter@1c6fdf4f, org.springframework.security.web.servletapi.SecurityContextHolderAwareRequestFilter@6f24d996, org.springframework.security.web.authentication.AnonymousAuthenticationFilter@e75e073, org.springframework.security.web.session.SessionManagementFilter@6860211a, org.springframework.security.web.access.ExceptionTranslationFilter@6b8d4675, org.springframework.security.web.access.intercept.FilterSecurityInterceptor@43187d0e]
[2023-11-21 02:35:54.054][INFO ][org.springframework.boot.devtools.autoconfigure.OptionalLiveReloadServer][restartedMain][59]LiveReload server is running on port 35729
[2023-11-21 02:35:54.054][INFO ][org.apache.juli.logging.DirectJDKLog][restartedMain][173]Starting ProtocolHandler ["http-nio-8081"]
[2023-11-21 02:35:54.054][INFO ][org.springframework.boot.web.embedded.tomcat.TomcatWebServer][restartedMain][220]Tomcat started on port(s): 8081 (http) with context path '/api'
[2023-11-21 02:35:54.054][INFO ][org.springframework.boot.StartupInfoLogger][restartedMain][61]Started KaryawanApplication in 3.02 seconds (JVM running for 3.309)
[2023-11-21 03:09:48.048][INFO ][org.springframework.orm.jpa.AbstractEntityManagerFactoryBean][SpringApplicationShutdownHook][651]Closing JPA EntityManagerFactory for persistence unit 'default'
[2023-11-21 03:09:48.048][INFO ][com.zaxxer.hikari.HikariDataSource][SpringApplicationShutdownHook][350]HikariPool-1 - Shutdown initiated...
[2023-11-21 03:09:48.048][INFO ][com.zaxxer.hikari.HikariDataSource][SpringApplicationShutdownHook][352]HikariPool-1 - Shutdown completed.
[2023-11-21 03:11:43.043][INFO ][org.hibernate.validator.internal.util.Version][background-preinit][21]HV000001: Hibernate Validator 6.0.21.Final
[2023-11-21 03:11:43.043][INFO ][org.springframework.boot.StartupInfoLogger][restartedMain][55]Starting KaryawanApplication using Java 1.8.0_381 on DESKTOP-Q14BGNT with PID 31060 (D:\Andika\BootCamp(SYNERGY)\Project\Testing\karyawan\target\classes started by Andika in D:\Andika\BootCamp(SYNERGY)\Project\Testing\karyawan)
[2023-11-21 03:11:43.043][INFO ][org.springframework.boot.SpringApplication][restartedMain][631]No active profile set, falling back to 1 default profile: "default"
[2023-11-21 03:11:43.043][INFO ][org.springframework.boot.logging.DeferredLog][restartedMain][255]Devtools property defaults active! Set 'spring.devtools.add-properties' to 'false' to disable
[2023-11-21 03:11:43.043][INFO ][org.springframework.boot.logging.DeferredLog][restartedMain][255]For additional web related logging consider setting the 'logging.level.web' property to 'DEBUG'
[2023-11-21 03:11:43.043][INFO ][org.springframework.data.repository.config.RepositoryConfigurationDelegate][restartedMain][132]Bootstrapping Spring Data JPA repositories in DEFAULT mode.
[2023-11-21 03:11:43.043][INFO ][org.springframework.data.repository.config.RepositoryConfigurationDelegate][restartedMain][201]Finished Spring Data repository scanning in 36 ms. Found 9 JPA repository interfaces.
[2023-11-21 03:11:44.044][INFO ][org.springframework.boot.web.embedded.tomcat.TomcatWebServer][restartedMain][108]Tomcat initialized with port(s): 8081 (http)
[2023-11-21 03:11:44.044][INFO ][org.apache.juli.logging.DirectJDKLog][restartedMain][173]Initializing ProtocolHandler ["http-nio-8081"]
[2023-11-21 03:11:44.044][INFO ][org.apache.juli.logging.DirectJDKLog][restartedMain][173]Starting service [Tomcat]
[2023-11-21 03:11:44.044][INFO ][org.apache.juli.logging.DirectJDKLog][restartedMain][173]Starting Servlet engine: [Apache Tomcat/9.0.80]
[2023-11-21 03:11:44.044][INFO ][org.apache.juli.logging.DirectJDKLog][restartedMain][173]Initializing Spring embedded WebApplicationContext
[2023-11-21 03:11:44.044][INFO ][org.springframework.boot.web.servlet.context.ServletWebServerApplicationContext][restartedMain][292]Root WebApplicationContext: initialization completed in 968 ms
[2023-11-21 03:11:44.044][INFO ][org.hibernate.jpa.internal.util.LogHelper][restartedMain][31]HHH000204: Processing PersistenceUnitInfo [name: default]
[2023-11-21 03:11:44.044][INFO ][org.hibernate.Version][restartedMain][44]HHH000412: Hibernate ORM core version 5.6.15.Final
[2023-11-21 03:11:44.044][INFO ][org.hibernate.annotations.common.reflection.java.JavaReflectionManager][restartedMain][56]HCANN000001: Hibernate Commons Annotations {5.1.2.Final}
[2023-11-21 03:11:44.044][INFO ][com.zaxxer.hikari.HikariDataSource][restartedMain][110]HikariPool-1 - Starting...
[2023-11-21 03:11:44.044][INFO ][com.zaxxer.hikari.HikariDataSource][restartedMain][123]HikariPool-1 - Start completed.
[2023-11-21 03:11:44.044][INFO ][org.hibernate.dialect.Dialect][restartedMain][175]HHH000400: Using dialect: org.hibernate.dialect.PostgreSQL10Dialect
[2023-11-21 03:11:45.045][INFO ][org.hibernate.engine.transaction.jta.platform.internal.JtaPlatformInitiator][restartedMain][52]HHH000490: Using JtaPlatform implementation: [org.hibernate.engine.transaction.jta.platform.internal.NoJtaPlatform]
[2023-11-21 03:11:45.045][INFO ][org.springframework.orm.jpa.AbstractEntityManagerFactoryBean][restartedMain][437]Initialized JPA EntityManagerFactory for persistence unit 'default'
[2023-11-21 03:11:45.045][WARN ][org.springframework.boot.autoconfigure.orm.jpa.JpaBaseConfiguration$JpaWebConfiguration][restartedMain][223]spring.jpa.open-in-view is enabled by default. Therefore, database queries may be performed during view rendering. Explicitly configure spring.jpa.open-in-view to disable this warning
[2023-11-21 03:11:45.045][WARN ][org.springframework.security.oauth2.provider.token.store.JwtAccessTokenConverter][restartedMain][306]Unable to create an RSA verifier from verifierKey (ignoreable if using MAC)
[2023-11-21 03:11:45.045][INFO ][org.springframework.security.web.DefaultSecurityFilterChain][restartedMain][55]Will secure Or [Ant [pattern='/oauth/token'], Ant [pattern='/oauth/token_key'], Ant [pattern='/oauth/check_token']] with [org.springframework.security.web.session.DisableEncodeUrlFilter@d542b1e, org.springframework.security.web.context.request.async.WebAsyncManagerIntegrationFilter@5eb62444, org.springframework.security.web.context.SecurityContextPersistenceFilter@5b346e3e, org.springframework.security.web.header.HeaderWriterFilter@2b124dd5, org.springframework.security.web.authentication.logout.LogoutFilter@39195b94, org.springframework.security.oauth2.provider.client.ClientCredentialsTokenEndpointFilter@4904435e, org.springframework.security.web.authentication.www.BasicAuthenticationFilter@5898c373, org.springframework.security.web.savedrequest.RequestCacheAwareFilter@379d4cca, org.springframework.security.web.servletapi.SecurityContextHolderAwareRequestFilter@5c08b62e, org.springframework.security.web.authentication.AnonymousAuthenticationFilter@3a0ad76e, org.springframework.security.web.session.SessionManagementFilter@36ce2576, org.springframework.security.web.access.ExceptionTranslationFilter@7a7decc, org.springframework.security.web.access.intercept.FilterSecurityInterceptor@1a6f2daf]
[2023-11-21 03:11:45.045][INFO ][org.springframework.security.web.DefaultSecurityFilterChain][restartedMain][55]Will secure Ant [pattern='/**'] with [org.springframework.security.web.session.DisableEncodeUrlFilter@18ee46d4, org.springframework.security.web.context.request.async.WebAsyncManagerIntegrationFilter@4f326abe, org.springframework.security.web.context.SecurityContextPersistenceFilter@337eb7db, org.springframework.security.web.header.HeaderWriterFilter@faaa2d5, org.springframework.web.filter.CorsFilter@500a9a51, org.springframework.security.web.authentication.logout.LogoutFilter@3374a94c, org.springframework.security.oauth2.provider.authentication.OAuth2AuthenticationProcessingFilter@3683e4f4, org.springframework.security.web.authentication.UsernamePasswordAuthenticationFilter@141166d7, org.springframework.security.web.authentication.ui.DefaultLoginPageGeneratingFilter@78fa76fa, org.springframework.security.web.authentication.ui.DefaultLogoutPageGeneratingFilter@5e0ad06f, org.springframework.security.web.savedrequest.RequestCacheAwareFilter@4d2805af, org.springframework.security.web.servletapi.SecurityContextHolderAwareRequestFilter@174ebad5, org.springframework.security.web.authentication.AnonymousAuthenticationFilter@34b8e59c, org.springframework.security.web.session.SessionManagementFilter@63b19d43, org.springframework.security.web.access.ExceptionTranslationFilter@3b08b417, org.springframework.security.web.access.intercept.FilterSecurityInterceptor@60d31f15]
[2023-11-21 03:11:45.045][INFO ][org.springframework.security.web.DefaultSecurityFilterChain][restartedMain][55]Will secure any request with [org.springframework.security.web.session.DisableEncodeUrlFilter@75d3f4a1, org.springframework.security.web.context.request.async.WebAsyncManagerIntegrationFilter@5cab2410, org.springframework.security.web.context.SecurityContextPersistenceFilter@233e5ee2, org.springframework.security.web.header.HeaderWriterFilter@76d1eb8e, org.springframework.security.web.csrf.CsrfFilter@64db5c3c, org.springframework.security.web.authentication.logout.LogoutFilter@79530dd7, org.springframework.security.web.authentication.UsernamePasswordAuthenticationFilter@1df5991a, org.springframework.security.web.authentication.ui.DefaultLoginPageGeneratingFilter@18da45ca, org.springframework.security.web.authentication.ui.DefaultLogoutPageGeneratingFilter@6da75bd6, org.springframework.security.web.authentication.www.BasicAuthenticationFilter@59b443a8, org.springframework.security.web.savedrequest.RequestCacheAwareFilter@28644e6, org.springframework.security.web.servletapi.SecurityContextHolderAwareRequestFilter@7bf252a3, org.springframework.security.web.authentication.AnonymousAuthenticationFilter@1675fcc9, org.springframework.security.web.session.SessionManagementFilter@48d563d4, org.springframework.security.web.access.ExceptionTranslationFilter@14a6a7e4, org.springframework.security.web.access.intercept.FilterSecurityInterceptor@6429bf14]
[2023-11-21 03:11:46.046][INFO ][org.springframework.boot.devtools.autoconfigure.OptionalLiveReloadServer][restartedMain][59]LiveReload server is running on port 35729
[2023-11-21 03:11:46.046][INFO ][org.apache.juli.logging.DirectJDKLog][restartedMain][173]Starting ProtocolHandler ["http-nio-8081"]
[2023-11-21 03:11:46.046][INFO ][org.springframework.boot.web.embedded.tomcat.TomcatWebServer][restartedMain][220]Tomcat started on port(s): 8081 (http) with context path '/api'
[2023-11-21 03:11:46.046][INFO ][org.springframework.boot.StartupInfoLogger][restartedMain][61]Started KaryawanApplication in 3.015 seconds (JVM running for 3.298)
[2023-11-21 03:11:57.057][INFO ][org.springframework.orm.jpa.AbstractEntityManagerFactoryBean][SpringApplicationShutdownHook][651]Closing JPA EntityManagerFactory for persistence unit 'default'
[2023-11-21 03:11:57.057][INFO ][com.zaxxer.hikari.HikariDataSource][SpringApplicationShutdownHook][350]HikariPool-1 - Shutdown initiated...
[2023-11-21 03:11:57.057][INFO ][com.zaxxer.hikari.HikariDataSource][SpringApplicationShutdownHook][352]HikariPool-1 - Shutdown completed.
[2023-11-21 03:12:02.002][INFO ][org.hibernate.validator.internal.util.Version][background-preinit][21]HV000001: Hibernate Validator 6.0.21.Final
[2023-11-21 03:12:02.002][INFO ][org.springframework.boot.StartupInfoLogger][restartedMain][55]Starting KaryawanApplication using Java 1.8.0_381 on DESKTOP-Q14BGNT with PID 26680 (D:\Andika\BootCamp(SYNERGY)\Project\Testing\karyawan\target\classes started by Andika in D:\Andika\BootCamp(SYNERGY)\Project\Testing\karyawan)
[2023-11-21 03:12:02.002][INFO ][org.springframework.boot.SpringApplication][restartedMain][631]No active profile set, falling back to 1 default profile: "default"
[2023-11-21 03:12:02.002][INFO ][org.springframework.boot.logging.DeferredLog][restartedMain][255]Devtools property defaults active! Set 'spring.devtools.add-properties' to 'false' to disable
[2023-11-21 03:12:02.002][INFO ][org.springframework.boot.logging.DeferredLog][restartedMain][255]For additional web related logging consider setting the 'logging.level.web' property to 'DEBUG'
[2023-11-21 03:12:02.002][INFO ][org.springframework.data.repository.config.RepositoryConfigurationDelegate][restartedMain][132]Bootstrapping Spring Data JPA repositories in DEFAULT mode.
[2023-11-21 03:12:02.002][INFO ][org.springframework.data.repository.config.RepositoryConfigurationDelegate][restartedMain][201]Finished Spring Data repository scanning in 39 ms. Found 9 JPA repository interfaces.
[2023-11-21 03:12:03.003][INFO ][org.springframework.boot.web.embedded.tomcat.TomcatWebServer][restartedMain][108]Tomcat initialized with port(s): 8081 (http)
[2023-11-21 03:12:03.003][INFO ][org.apache.juli.logging.DirectJDKLog][restartedMain][173]Initializing ProtocolHandler ["http-nio-8081"]
[2023-11-21 03:12:03.003][INFO ][org.apache.juli.logging.DirectJDKLog][restartedMain][173]Starting service [Tomcat]
[2023-11-21 03:12:03.003][INFO ][org.apache.juli.logging.DirectJDKLog][restartedMain][173]Starting Servlet engine: [Apache Tomcat/9.0.80]
[2023-11-21 03:12:03.003][INFO ][org.apache.juli.logging.DirectJDKLog][restartedMain][173]Initializing Spring embedded WebApplicationContext
[2023-11-21 03:12:03.003][INFO ][org.springframework.boot.web.servlet.context.ServletWebServerApplicationContext][restartedMain][292]Root WebApplicationContext: initialization completed in 1009 ms
[2023-11-21 03:12:03.003][INFO ][org.hibernate.jpa.internal.util.LogHelper][restartedMain][31]HHH000204: Processing PersistenceUnitInfo [name: default]
[2023-11-21 03:12:03.003][INFO ][org.hibernate.Version][restartedMain][44]HHH000412: Hibernate ORM core version 5.6.15.Final
[2023-11-21 03:12:03.003][INFO ][org.hibernate.annotations.common.reflection.java.JavaReflectionManager][restartedMain][56]HCANN000001: Hibernate Commons Annotations {5.1.2.Final}
[2023-11-21 03:12:03.003][INFO ][com.zaxxer.hikari.HikariDataSource][restartedMain][110]HikariPool-1 - Starting...
[2023-11-21 03:12:03.003][INFO ][com.zaxxer.hikari.HikariDataSource][restartedMain][123]HikariPool-1 - Start completed.
[2023-11-21 03:12:03.003][INFO ][org.hibernate.dialect.Dialect][restartedMain][175]HHH000400: Using dialect: org.hibernate.dialect.PostgreSQL10Dialect
[2023-11-21 03:12:04.004][INFO ][org.hibernate.engine.transaction.jta.platform.internal.JtaPlatformInitiator][restartedMain][52]HHH000490: Using JtaPlatform implementation: [org.hibernate.engine.transaction.jta.platform.internal.NoJtaPlatform]
[2023-11-21 03:12:04.004][INFO ][org.springframework.orm.jpa.AbstractEntityManagerFactoryBean][restartedMain][437]Initialized JPA EntityManagerFactory for persistence unit 'default'
[2023-11-21 03:12:04.004][WARN ][org.springframework.boot.autoconfigure.orm.jpa.JpaBaseConfiguration$JpaWebConfiguration][restartedMain][223]spring.jpa.open-in-view is enabled by default. Therefore, database queries may be performed during view rendering. Explicitly configure spring.jpa.open-in-view to disable this warning
[2023-11-21 03:12:04.004][WARN ][org.springframework.security.oauth2.provider.token.store.JwtAccessTokenConverter][restartedMain][306]Unable to create an RSA verifier from verifierKey (ignoreable if using MAC)
[2023-11-21 03:12:05.005][INFO ][org.springframework.security.web.DefaultSecurityFilterChain][restartedMain][55]Will secure Or [Ant [pattern='/oauth/token'], Ant [pattern='/oauth/token_key'], Ant [pattern='/oauth/check_token']] with [org.springframework.security.web.session.DisableEncodeUrlFilter@14fd9eba, org.springframework.security.web.context.request.async.WebAsyncManagerIntegrationFilter@49e4620b, org.springframework.security.web.context.SecurityContextPersistenceFilter@365705a5, org.springframework.security.web.header.HeaderWriterFilter@5aa187f3, org.springframework.security.web.authentication.logout.LogoutFilter@124a3f4b, org.springframework.security.oauth2.provider.client.ClientCredentialsTokenEndpointFilter@2d0390a7, org.springframework.security.web.authentication.www.BasicAuthenticationFilter@1071fd7c, org.springframework.security.web.savedrequest.RequestCacheAwareFilter@67c90347, org.springframework.security.web.servletapi.SecurityContextHolderAwareRequestFilter@12e5b520, org.springframework.security.web.authentication.AnonymousAuthenticationFilter@2314cd4b, org.springframework.security.web.session.SessionManagementFilter@5f3ad1d6, org.springframework.security.web.access.ExceptionTranslationFilter@194fd8d, org.springframework.security.web.access.intercept.FilterSecurityInterceptor@11cf4418]
[2023-11-21 03:12:05.005][INFO ][org.springframework.security.web.DefaultSecurityFilterChain][restartedMain][55]Will secure Ant [pattern='/**'] with [org.springframework.security.web.session.DisableEncodeUrlFilter@73a21a2c, org.springframework.security.web.context.request.async.WebAsyncManagerIntegrationFilter@54db9d11, org.springframework.security.web.context.SecurityContextPersistenceFilter@24ea5a, org.springframework.security.web.header.HeaderWriterFilter@133fb22e, org.springframework.web.filter.CorsFilter@387b1ad0, org.springframework.security.web.authentication.logout.LogoutFilter@1800decd, org.springframework.security.oauth2.provider.authentication.OAuth2AuthenticationProcessingFilter@5c99de7b, org.springframework.security.web.authentication.UsernamePasswordAuthenticationFilter@4c84090b, org.springframework.security.web.authentication.ui.DefaultLoginPageGeneratingFilter@7c15f2bb, org.springframework.security.web.authentication.ui.DefaultLogoutPageGeneratingFilter@59126462, org.springframework.security.web.savedrequest.RequestCacheAwareFilter@1fdb9b9f, org.springframework.security.web.servletapi.SecurityContextHolderAwareRequestFilter@719be488, org.springframework.security.web.authentication.AnonymousAuthenticationFilter@3a826616, org.springframework.security.web.session.SessionManagementFilter@531bc31b, org.springframework.security.web.access.ExceptionTranslationFilter@6bee91d0, org.springframework.security.web.access.intercept.FilterSecurityInterceptor@4ad91f67]
[2023-11-21 03:12:05.005][INFO ][org.springframework.security.web.DefaultSecurityFilterChain][restartedMain][55]Will secure any request with [org.springframework.security.web.session.DisableEncodeUrlFilter@7f3f0a81, org.springframework.security.web.context.request.async.WebAsyncManagerIntegrationFilter@78c2064c, org.springframework.security.web.context.SecurityContextPersistenceFilter@13687a1c, org.springframework.security.web.header.HeaderWriterFilter@198e39aa, org.springframework.security.web.csrf.CsrfFilter@6431951d, org.springframework.security.web.authentication.logout.LogoutFilter@3a3d8506, org.springframework.security.web.authentication.UsernamePasswordAuthenticationFilter@73afaa3, org.springframework.security.web.authentication.ui.DefaultLoginPageGeneratingFilter@261d0f9b, org.springframework.security.web.authentication.ui.DefaultLogoutPageGeneratingFilter@28fd1415, org.springframework.security.web.authentication.www.BasicAuthenticationFilter@33198d3f, org.springframework.security.web.savedrequest.RequestCacheAwareFilter@4131a6a0, org.springframework.security.web.servletapi.SecurityContextHolderAwareRequestFilter@291a8445, org.springframework.security.web.authentication.AnonymousAuthenticationFilter@57721440, org.springframework.security.web.session.SessionManagementFilter@717fdefb, org.springframework.security.web.access.ExceptionTranslationFilter@4da3f504, org.springframework.security.web.access.intercept.FilterSecurityInterceptor@70e153]
[2023-11-21 03:12:05.005][INFO ][org.springframework.boot.devtools.autoconfigure.OptionalLiveReloadServer][restartedMain][59]LiveReload server is running on port 35729
[2023-11-21 03:12:05.005][INFO ][org.apache.juli.logging.DirectJDKLog][restartedMain][173]Starting ProtocolHandler ["http-nio-8081"]
[2023-11-21 03:12:05.005][INFO ][org.springframework.boot.web.embedded.tomcat.TomcatWebServer][restartedMain][220]Tomcat started on port(s): 8081 (http) with context path '/api'
[2023-11-21 03:12:05.005][INFO ][org.springframework.boot.StartupInfoLogger][restartedMain][61]Started KaryawanApplication in 2.991 seconds (JVM running for 3.273)
[2023-11-21 03:17:46.046][INFO ][org.springframework.orm.jpa.AbstractEntityManagerFactoryBean][SpringApplicationShutdownHook][651]Closing JPA EntityManagerFactory for persistence unit 'default'
[2023-11-21 03:17:46.046][INFO ][com.zaxxer.hikari.HikariDataSource][SpringApplicationShutdownHook][350]HikariPool-1 - Shutdown initiated...
[2023-11-21 03:17:46.046][INFO ][com.zaxxer.hikari.HikariDataSource][SpringApplicationShutdownHook][352]HikariPool-1 - Shutdown completed.
