[2023-11-22 19:35:56.056][INFO ][org.hibernate.validator.internal.util.Version][background-preinit][21]HV000001: Hibernate Validator 6.0.21.Final
[2023-11-22 19:35:56.056][INFO ][org.springframework.boot.StartupInfoLogger][restartedMain][55]Starting KaryawanApplication using Java 1.8.0_381 on DESKTOP-Q14BGNT with PID 26376 (D:\Andika\BootCamp(SYNERGY)\Project\Testing\karyawan\target\classes started by Andika in D:\Andika\BootCamp(SYNERGY)\Project\Testing\karyawan)
[2023-11-22 19:35:56.056][INFO ][org.springframework.boot.SpringApplication][restartedMain][637]The following 1 profile is active: "test"
[2023-11-22 19:35:56.056][INFO ][org.springframework.boot.logging.DeferredLog][restartedMain][255]Devtools property defaults active! Set 'spring.devtools.add-properties' to 'false' to disable
[2023-11-22 19:35:56.056][INFO ][org.springframework.boot.logging.DeferredLog][restartedMain][255]For additional web related logging consider setting the 'logging.level.web' property to 'DEBUG'
[2023-11-22 19:35:57.057][INFO ][org.springframework.data.repository.config.RepositoryConfigurationDelegate][restartedMain][132]Bootstrapping Spring Data JPA repositories in DEFAULT mode.
[2023-11-22 19:35:57.057][INFO ][org.springframework.data.repository.config.RepositoryConfigurationDelegate][restartedMain][201]Finished Spring Data repository scanning in 41 ms. Found 9 JPA repository interfaces.
[2023-11-22 19:35:58.058][INFO ][org.springframework.boot.web.embedded.tomcat.TomcatWebServer][restartedMain][108]Tomcat initialized with port(s): 8081 (http)
[2023-11-22 19:35:58.058][INFO ][org.apache.juli.logging.DirectJDKLog][restartedMain][173]Initializing ProtocolHandler ["http-nio-8081"]
[2023-11-22 19:35:58.058][INFO ][org.apache.juli.logging.DirectJDKLog][restartedMain][173]Starting service [Tomcat]
[2023-11-22 19:35:58.058][INFO ][org.apache.juli.logging.DirectJDKLog][restartedMain][173]Starting Servlet engine: [Apache Tomcat/9.0.80]
[2023-11-22 19:35:58.058][INFO ][org.apache.juli.logging.DirectJDKLog][restartedMain][173]Initializing Spring embedded WebApplicationContext
[2023-11-22 19:35:58.058][INFO ][org.springframework.boot.web.servlet.context.ServletWebServerApplicationContext][restartedMain][292]Root WebApplicationContext: initialization completed in 1437 ms
[2023-11-22 19:35:58.058][INFO ][org.hibernate.jpa.internal.util.LogHelper][restartedMain][31]HHH000204: Processing PersistenceUnitInfo [name: default]
[2023-11-22 19:35:58.058][INFO ][org.hibernate.Version][restartedMain][44]HHH000412: Hibernate ORM core version 5.6.15.Final
[2023-11-22 19:35:58.058][INFO ][org.hibernate.annotations.common.reflection.java.JavaReflectionManager][restartedMain][56]HCANN000001: Hibernate Commons Annotations {5.1.2.Final}
[2023-11-22 19:35:58.058][INFO ][com.zaxxer.hikari.HikariDataSource][restartedMain][110]HikariPool-1 - Starting...
[2023-11-22 19:35:58.058][INFO ][com.zaxxer.hikari.HikariDataSource][restartedMain][123]HikariPool-1 - Start completed.
[2023-11-22 19:35:58.058][INFO ][org.hibernate.dialect.Dialect][restartedMain][175]HHH000400: Using dialect: org.hibernate.dialect.PostgreSQL10Dialect
[2023-11-22 19:35:59.059][INFO ][org.hibernate.engine.transaction.jta.platform.internal.JtaPlatformInitiator][restartedMain][52]HHH000490: Using JtaPlatform implementation: [org.hibernate.engine.transaction.jta.platform.internal.NoJtaPlatform]
[2023-11-22 19:35:59.059][INFO ][org.springframework.orm.jpa.AbstractEntityManagerFactoryBean][restartedMain][437]Initialized JPA EntityManagerFactory for persistence unit 'default'
[2023-11-22 19:35:59.059][WARN ][org.springframework.boot.autoconfigure.orm.jpa.JpaBaseConfiguration$JpaWebConfiguration][restartedMain][223]spring.jpa.open-in-view is enabled by default. Therefore, database queries may be performed during view rendering. Explicitly configure spring.jpa.open-in-view to disable this warning
[2023-11-22 19:35:59.059][WARN ][org.springframework.security.oauth2.provider.token.store.JwtAccessTokenConverter][restartedMain][306]Unable to create an RSA verifier from verifierKey (ignoreable if using MAC)
[2023-11-22 19:36:00.000][INFO ][org.springframework.security.web.DefaultSecurityFilterChain][restartedMain][55]Will secure Or [Ant [pattern='/oauth/token'], Ant [pattern='/oauth/token_key'], Ant [pattern='/oauth/check_token']] with [org.springframework.security.web.session.DisableEncodeUrlFilter@590b481c, org.springframework.security.web.context.request.async.WebAsyncManagerIntegrationFilter@5c973532, org.springframework.security.web.context.SecurityContextPersistenceFilter@244efd37, org.springframework.security.web.header.HeaderWriterFilter@15be8359, org.springframework.security.web.authentication.logout.LogoutFilter@1c0f7696, org.springframework.security.oauth2.provider.client.ClientCredentialsTokenEndpointFilter@53f46406, org.springframework.security.web.authentication.www.BasicAuthenticationFilter@3327393e, org.springframework.security.web.savedrequest.RequestCacheAwareFilter@7d1e9e49, org.springframework.security.web.servletapi.SecurityContextHolderAwareRequestFilter@54dcecb, org.springframework.security.web.authentication.AnonymousAuthenticationFilter@1af8de95, org.springframework.security.web.session.SessionManagementFilter@46a92e39, org.springframework.security.web.access.ExceptionTranslationFilter@52be7208, org.springframework.security.web.access.intercept.FilterSecurityInterceptor@481b86f8]
[2023-11-22 19:36:00.000][INFO ][org.springframework.security.web.DefaultSecurityFilterChain][restartedMain][55]Will secure Ant [pattern='/**'] with [org.springframework.security.web.session.DisableEncodeUrlFilter@3b70d61b, org.springframework.security.web.context.request.async.WebAsyncManagerIntegrationFilter@73727ab3, org.springframework.security.web.context.SecurityContextPersistenceFilter@49954588, org.springframework.security.web.header.HeaderWriterFilter@548850ee, org.springframework.web.filter.CorsFilter@3bf41aed, org.springframework.security.web.authentication.logout.LogoutFilter@205c2b93, org.springframework.security.oauth2.provider.authentication.OAuth2AuthenticationProcessingFilter@7e93bf8f, org.springframework.security.web.authentication.UsernamePasswordAuthenticationFilter@39ce3000, org.springframework.security.web.authentication.ui.DefaultLoginPageGeneratingFilter@690b5dae, org.springframework.security.web.authentication.ui.DefaultLogoutPageGeneratingFilter@1833a162, org.springframework.security.web.savedrequest.RequestCacheAwareFilter@5f2ea12a, org.springframework.security.web.servletapi.SecurityContextHolderAwareRequestFilter@49378501, org.springframework.security.web.authentication.AnonymousAuthenticationFilter@254e7c71, org.springframework.security.web.session.SessionManagementFilter@33f26dc4, org.springframework.security.web.access.ExceptionTranslationFilter@48abc0d0, org.springframework.security.web.access.intercept.FilterSecurityInterceptor@1194b6b8]
[2023-11-22 19:36:00.000][INFO ][org.springframework.security.web.DefaultSecurityFilterChain][restartedMain][55]Will secure any request with [org.springframework.security.web.session.DisableEncodeUrlFilter@2f03cb70, org.springframework.security.web.context.request.async.WebAsyncManagerIntegrationFilter@5496bbe8, org.springframework.security.web.context.SecurityContextPersistenceFilter@2425c0b1, org.springframework.security.web.header.HeaderWriterFilter@3033780c, org.springframework.security.web.csrf.CsrfFilter@5bf64523, org.springframework.security.web.authentication.logout.LogoutFilter@2d2b6e99, org.springframework.security.web.authentication.UsernamePasswordAuthenticationFilter@189a4f08, org.springframework.security.web.authentication.ui.DefaultLoginPageGeneratingFilter@3af71ed2, org.springframework.security.web.authentication.ui.DefaultLogoutPageGeneratingFilter@1ebe4c7d, org.springframework.security.web.authentication.www.BasicAuthenticationFilter@6d4a1ffc, org.springframework.security.web.savedrequest.RequestCacheAwareFilter@67bf5a85, org.springframework.security.web.servletapi.SecurityContextHolderAwareRequestFilter@4ce7bd66, org.springframework.security.web.authentication.AnonymousAuthenticationFilter@233605a9, org.springframework.security.web.session.SessionManagementFilter@5905fc74, org.springframework.security.web.access.ExceptionTranslationFilter@7426fff7, org.springframework.security.web.access.intercept.FilterSecurityInterceptor@737113f3]
[2023-11-22 19:36:00.000][INFO ][org.springframework.boot.devtools.autoconfigure.OptionalLiveReloadServer][restartedMain][59]LiveReload server is running on port 35729
[2023-11-22 19:36:00.000][INFO ][org.apache.juli.logging.DirectJDKLog][restartedMain][173]Starting ProtocolHandler ["http-nio-8081"]
[2023-11-22 19:36:00.000][INFO ][org.springframework.boot.web.embedded.tomcat.TomcatWebServer][restartedMain][220]Tomcat started on port(s): 8081 (http) with context path '/api'
[2023-11-22 19:36:00.000][INFO ][org.springframework.boot.StartupInfoLogger][restartedMain][61]Started KaryawanApplication in 4.041 seconds (JVM running for 4.411)
[2023-11-22 19:40:57.057][INFO ][org.springframework.orm.jpa.AbstractEntityManagerFactoryBean][SpringApplicationShutdownHook][651]Closing JPA EntityManagerFactory for persistence unit 'default'
[2023-11-22 19:40:57.057][INFO ][com.zaxxer.hikari.HikariDataSource][SpringApplicationShutdownHook][350]HikariPool-1 - Shutdown initiated...
[2023-11-22 19:40:57.057][INFO ][com.zaxxer.hikari.HikariDataSource][SpringApplicationShutdownHook][352]HikariPool-1 - Shutdown completed.
[2023-11-22 19:41:00.000][INFO ][org.hibernate.validator.internal.util.Version][background-preinit][21]HV000001: Hibernate Validator 6.0.21.Final
[2023-11-22 19:41:00.000][INFO ][org.springframework.boot.StartupInfoLogger][restartedMain][55]Starting KaryawanApplication using Java 1.8.0_381 on DESKTOP-Q14BGNT with PID 28888 (D:\Andika\BootCamp(SYNERGY)\Project\Testing\karyawan\target\classes started by Andika in D:\Andika\BootCamp(SYNERGY)\Project\Testing\karyawan)
[2023-11-22 19:41:00.000][INFO ][org.springframework.boot.SpringApplication][restartedMain][637]The following 1 profile is active: "test"
[2023-11-22 19:41:00.000][INFO ][org.springframework.boot.logging.DeferredLog][restartedMain][255]Devtools property defaults active! Set 'spring.devtools.add-properties' to 'false' to disable
[2023-11-22 19:41:00.000][INFO ][org.springframework.boot.logging.DeferredLog][restartedMain][255]For additional web related logging consider setting the 'logging.level.web' property to 'DEBUG'
[2023-11-22 19:41:00.000][INFO ][org.springframework.data.repository.config.RepositoryConfigurationDelegate][restartedMain][132]Bootstrapping Spring Data JPA repositories in DEFAULT mode.
[2023-11-22 19:41:00.000][INFO ][org.springframework.data.repository.config.RepositoryConfigurationDelegate][restartedMain][201]Finished Spring Data repository scanning in 48 ms. Found 9 JPA repository interfaces.
[2023-11-22 19:41:01.001][INFO ][org.springframework.boot.web.embedded.tomcat.TomcatWebServer][restartedMain][108]Tomcat initialized with port(s): 8081 (http)
[2023-11-22 19:41:01.001][INFO ][org.apache.juli.logging.DirectJDKLog][restartedMain][173]Initializing ProtocolHandler ["http-nio-8081"]
[2023-11-22 19:41:01.001][INFO ][org.apache.juli.logging.DirectJDKLog][restartedMain][173]Starting service [Tomcat]
[2023-11-22 19:41:01.001][INFO ][org.apache.juli.logging.DirectJDKLog][restartedMain][173]Starting Servlet engine: [Apache Tomcat/9.0.80]
[2023-11-22 19:41:01.001][INFO ][org.apache.juli.logging.DirectJDKLog][restartedMain][173]Initializing Spring embedded WebApplicationContext
[2023-11-22 19:41:01.001][INFO ][org.springframework.boot.web.servlet.context.ServletWebServerApplicationContext][restartedMain][292]Root WebApplicationContext: initialization completed in 1229 ms
[2023-11-22 19:41:01.001][INFO ][org.hibernate.jpa.internal.util.LogHelper][restartedMain][31]HHH000204: Processing PersistenceUnitInfo [name: default]
[2023-11-22 19:41:01.001][INFO ][org.hibernate.Version][restartedMain][44]HHH000412: Hibernate ORM core version 5.6.15.Final
[2023-11-22 19:41:01.001][INFO ][org.hibernate.annotations.common.reflection.java.JavaReflectionManager][restartedMain][56]HCANN000001: Hibernate Commons Annotations {5.1.2.Final}
[2023-11-22 19:41:01.001][INFO ][com.zaxxer.hikari.HikariDataSource][restartedMain][110]HikariPool-1 - Starting...
[2023-11-22 19:41:02.002][INFO ][com.zaxxer.hikari.HikariDataSource][restartedMain][123]HikariPool-1 - Start completed.
[2023-11-22 19:41:02.002][INFO ][org.hibernate.dialect.Dialect][restartedMain][175]HHH000400: Using dialect: org.hibernate.dialect.PostgreSQL10Dialect
[2023-11-22 19:41:02.002][INFO ][org.hibernate.engine.transaction.jta.platform.internal.JtaPlatformInitiator][restartedMain][52]HHH000490: Using JtaPlatform implementation: [org.hibernate.engine.transaction.jta.platform.internal.NoJtaPlatform]
[2023-11-22 19:41:02.002][INFO ][org.springframework.orm.jpa.AbstractEntityManagerFactoryBean][restartedMain][437]Initialized JPA EntityManagerFactory for persistence unit 'default'
[2023-11-22 19:41:03.003][WARN ][org.springframework.boot.autoconfigure.orm.jpa.JpaBaseConfiguration$JpaWebConfiguration][restartedMain][223]spring.jpa.open-in-view is enabled by default. Therefore, database queries may be performed during view rendering. Explicitly configure spring.jpa.open-in-view to disable this warning
[2023-11-22 19:41:03.003][WARN ][org.springframework.security.oauth2.provider.token.store.JwtAccessTokenConverter][restartedMain][306]Unable to create an RSA verifier from verifierKey (ignoreable if using MAC)
[2023-11-22 19:41:03.003][INFO ][org.springframework.security.web.DefaultSecurityFilterChain][restartedMain][55]Will secure Or [Ant [pattern='/oauth/token'], Ant [pattern='/oauth/token_key'], Ant [pattern='/oauth/check_token']] with [org.springframework.security.web.session.DisableEncodeUrlFilter@36c6d156, org.springframework.security.web.context.request.async.WebAsyncManagerIntegrationFilter@4e22ddf, org.springframework.security.web.context.SecurityContextPersistenceFilter@7a61e39e, org.springframework.security.web.header.HeaderWriterFilter@1d3e4f83, org.springframework.security.web.authentication.logout.LogoutFilter@5f2595d9, org.springframework.security.oauth2.provider.client.ClientCredentialsTokenEndpointFilter@246df681, org.springframework.security.web.authentication.www.BasicAuthenticationFilter@2aee0013, org.springframework.security.web.savedrequest.RequestCacheAwareFilter@5e9f7126, org.springframework.security.web.servletapi.SecurityContextHolderAwareRequestFilter@3c87ba89, org.springframework.security.web.authentication.AnonymousAuthenticationFilter@724de371, org.springframework.security.web.session.SessionManagementFilter@17630027, org.springframework.security.web.access.ExceptionTranslationFilter@3b058c91, org.springframework.security.web.access.intercept.FilterSecurityInterceptor@47274399]
[2023-11-22 19:41:03.003][INFO ][org.springframework.security.web.DefaultSecurityFilterChain][restartedMain][55]Will secure Ant [pattern='/**'] with [org.springframework.security.web.session.DisableEncodeUrlFilter@36746b9a, org.springframework.security.web.context.request.async.WebAsyncManagerIntegrationFilter@311881b5, org.springframework.security.web.context.SecurityContextPersistenceFilter@13f3b9c9, org.springframework.security.web.header.HeaderWriterFilter@632173dd, org.springframework.web.filter.CorsFilter@4be2e7b6, org.springframework.security.web.authentication.logout.LogoutFilter@6cfba6a, org.springframework.security.oauth2.provider.authentication.OAuth2AuthenticationProcessingFilter@4801dd5a, org.springframework.security.web.authentication.UsernamePasswordAuthenticationFilter@490670d0, org.springframework.security.web.authentication.ui.DefaultLoginPageGeneratingFilter@2e6fdb33, org.springframework.security.web.authentication.ui.DefaultLogoutPageGeneratingFilter@3facc963, org.springframework.security.web.savedrequest.RequestCacheAwareFilter@6178f9be, org.springframework.security.web.servletapi.SecurityContextHolderAwareRequestFilter@9afd1d7, org.springframework.security.web.authentication.AnonymousAuthenticationFilter@2a915db7, org.springframework.security.web.session.SessionManagementFilter@334284bd, org.springframework.security.web.access.ExceptionTranslationFilter@53a42bb2, org.springframework.security.web.access.intercept.FilterSecurityInterceptor@57210b37]
[2023-11-22 19:41:03.003][INFO ][org.springframework.security.web.DefaultSecurityFilterChain][restartedMain][55]Will secure any request with [org.springframework.security.web.session.DisableEncodeUrlFilter@1f7e9151, org.springframework.security.web.context.request.async.WebAsyncManagerIntegrationFilter@6e33cb8a, org.springframework.security.web.context.SecurityContextPersistenceFilter@14eed5b3, org.springframework.security.web.header.HeaderWriterFilter@3d7ab921, org.springframework.security.web.csrf.CsrfFilter@6da151a3, org.springframework.security.web.authentication.logout.LogoutFilter@79883ae, org.springframework.security.web.authentication.UsernamePasswordAuthenticationFilter@27645eb5, org.springframework.security.web.authentication.ui.DefaultLoginPageGeneratingFilter@3d4ebe80, org.springframework.security.web.authentication.ui.DefaultLogoutPageGeneratingFilter@6ba7a10f, org.springframework.security.web.authentication.www.BasicAuthenticationFilter@1e32a4d2, org.springframework.security.web.savedrequest.RequestCacheAwareFilter@1ab3084, org.springframework.security.web.servletapi.SecurityContextHolderAwareRequestFilter@69702221, org.springframework.security.web.authentication.AnonymousAuthenticationFilter@60b88c9d, org.springframework.security.web.session.SessionManagementFilter@5a31cb64, org.springframework.security.web.access.ExceptionTranslationFilter@732cdf9d, org.springframework.security.web.access.intercept.FilterSecurityInterceptor@4656ed51]
[2023-11-22 19:41:04.004][INFO ][org.springframework.boot.devtools.autoconfigure.OptionalLiveReloadServer][restartedMain][59]LiveReload server is running on port 35729
[2023-11-22 19:41:04.004][INFO ][org.apache.juli.logging.DirectJDKLog][restartedMain][173]Starting ProtocolHandler ["http-nio-8081"]
[2023-11-22 19:41:04.004][INFO ][org.springframework.boot.web.embedded.tomcat.TomcatWebServer][restartedMain][220]Tomcat started on port(s): 8081 (http) with context path '/api'
[2023-11-22 19:41:04.004][INFO ][org.springframework.boot.StartupInfoLogger][restartedMain][61]Started KaryawanApplication in 4.097 seconds (JVM running for 4.415)
[2023-11-22 19:41:08.008][INFO ][org.springframework.orm.jpa.AbstractEntityManagerFactoryBean][SpringApplicationShutdownHook][651]Closing JPA EntityManagerFactory for persistence unit 'default'
[2023-11-22 19:41:08.008][INFO ][com.zaxxer.hikari.HikariDataSource][SpringApplicationShutdownHook][350]HikariPool-1 - Shutdown initiated...
[2023-11-22 19:41:08.008][INFO ][com.zaxxer.hikari.HikariDataSource][SpringApplicationShutdownHook][352]HikariPool-1 - Shutdown completed.
[2023-11-22 19:41:10.010][INFO ][org.hibernate.validator.internal.util.Version][background-preinit][21]HV000001: Hibernate Validator 6.0.21.Final
[2023-11-22 19:41:10.010][INFO ][org.springframework.boot.StartupInfoLogger][restartedMain][55]Starting KaryawanApplication using Java 1.8.0_381 on DESKTOP-Q14BGNT with PID 30964 (D:\Andika\BootCamp(SYNERGY)\Project\Testing\karyawan\target\classes started by Andika in D:\Andika\BootCamp(SYNERGY)\Project\Testing\karyawan)
[2023-11-22 19:41:10.010][INFO ][org.springframework.boot.SpringApplication][restartedMain][637]The following 1 profile is active: "test123"
[2023-11-22 19:41:10.010][INFO ][org.springframework.boot.logging.DeferredLog][restartedMain][255]Devtools property defaults active! Set 'spring.devtools.add-properties' to 'false' to disable
[2023-11-22 19:41:10.010][INFO ][org.springframework.boot.logging.DeferredLog][restartedMain][255]For additional web related logging consider setting the 'logging.level.web' property to 'DEBUG'
[2023-11-22 19:41:10.010][INFO ][org.springframework.data.repository.config.RepositoryConfigurationDelegate][restartedMain][132]Bootstrapping Spring Data JPA repositories in DEFAULT mode.
[2023-11-22 19:41:10.010][INFO ][org.springframework.data.repository.config.RepositoryConfigurationDelegate][restartedMain][201]Finished Spring Data repository scanning in 53 ms. Found 9 JPA repository interfaces.
[2023-11-22 19:41:11.011][INFO ][org.springframework.boot.web.embedded.tomcat.TomcatWebServer][restartedMain][108]Tomcat initialized with port(s): 8080 (http)
[2023-11-22 19:41:11.011][INFO ][org.apache.juli.logging.DirectJDKLog][restartedMain][173]Initializing ProtocolHandler ["http-nio-8080"]
[2023-11-22 19:41:11.011][INFO ][org.apache.juli.logging.DirectJDKLog][restartedMain][173]Starting service [Tomcat]
[2023-11-22 19:41:11.011][INFO ][org.apache.juli.logging.DirectJDKLog][restartedMain][173]Starting Servlet engine: [Apache Tomcat/9.0.80]
[2023-11-22 19:41:11.011][INFO ][org.apache.juli.logging.DirectJDKLog][restartedMain][173]Initializing Spring embedded WebApplicationContext
[2023-11-22 19:41:11.011][INFO ][org.springframework.boot.web.servlet.context.ServletWebServerApplicationContext][restartedMain][292]Root WebApplicationContext: initialization completed in 1140 ms
[2023-11-22 19:41:11.011][WARN ][org.springframework.context.support.AbstractApplicationContext][restartedMain][591]Exception encountered during context initialization - cancelling refresh attempt: org.springframework.beans.factory.UnsatisfiedDependencyException: Error creating bean with name 'dataSourceScriptDatabaseInitializer' defined in class path resource [org/springframework/boot/autoconfigure/sql/init/DataSourceInitializationConfiguration.class]: Unsatisfied dependency expressed through method 'dataSourceScriptDatabaseInitializer' parameter 0; nested exception is org.springframework.beans.factory.BeanCreationException: Error creating bean with name 'dataSource' defined in class path resource [org/springframework/boot/autoconfigure/jdbc/DataSourceConfiguration$Hikari.class]: Bean instantiation via factory method failed; nested exception is org.springframework.beans.BeanInstantiationException: Failed to instantiate [com.zaxxer.hikari.HikariDataSource]: Factory method 'dataSource' threw exception; nested exception is org.springframework.boot.autoconfigure.jdbc.DataSourceProperties$DataSourceBeanCreationException: Failed to determine a suitable driver class
[2023-11-22 19:41:11.011][INFO ][org.apache.juli.logging.DirectJDKLog][restartedMain][173]Stopping service [Tomcat]
[2023-11-22 19:41:11.011][INFO ][org.springframework.boot.autoconfigure.logging.ConditionEvaluationReportLoggingListener][restartedMain][136]

Error starting ApplicationContext. To display the conditions report re-run your application with 'debug' enabled.
[2023-11-22 19:41:11.011][ERROR][org.springframework.boot.diagnostics.LoggingFailureAnalysisReporter][restartedMain][40]

***************************
APPLICATION FAILED TO START
***************************

Description:

Failed to configure a DataSource: 'url' attribute is not specified and no embedded datasource could be configured.

Reason: Failed to determine a suitable driver class


Action:

Consider the following:
	If you want an embedded database (H2, HSQL or Derby), please put it on the classpath.
	If you have database settings to be loaded from a particular profile you may need to activate it (the profiles test123 are currently active).

[2023-11-22 21:03:57.057][INFO ][org.hibernate.validator.internal.util.Version][background-preinit][21]HV000001: Hibernate Validator 6.0.21.Final
[2023-11-22 21:03:57.057][INFO ][org.springframework.boot.StartupInfoLogger][restartedMain][55]Starting KaryawanApplication using Java 1.8.0_381 on DESKTOP-Q14BGNT with PID 2380 (D:\Andika\BootCamp(SYNERGY)\Project\Testing\Karyawan_Railway\target\classes started by Andika in D:\Andika\BootCamp(SYNERGY)\Project\Testing\Karyawan_Railway)
[2023-11-22 21:03:57.057][INFO ][org.springframework.boot.SpringApplication][restartedMain][637]The following 1 profile is active: "rw"
[2023-11-22 21:03:57.057][INFO ][org.springframework.boot.logging.DeferredLog][restartedMain][255]Devtools property defaults active! Set 'spring.devtools.add-properties' to 'false' to disable
[2023-11-22 21:03:57.057][INFO ][org.springframework.boot.logging.DeferredLog][restartedMain][255]For additional web related logging consider setting the 'logging.level.web' property to 'DEBUG'
[2023-11-22 21:03:57.057][INFO ][org.springframework.data.repository.config.RepositoryConfigurationDelegate][restartedMain][132]Bootstrapping Spring Data JPA repositories in DEFAULT mode.
[2023-11-22 21:03:58.058][INFO ][org.springframework.data.repository.config.RepositoryConfigurationDelegate][restartedMain][201]Finished Spring Data repository scanning in 56 ms. Found 9 JPA repository interfaces.
[2023-11-22 21:03:58.058][INFO ][org.springframework.boot.web.embedded.tomcat.TomcatWebServer][restartedMain][108]Tomcat initialized with port(s): 8081 (http)
[2023-11-22 21:03:58.058][INFO ][org.apache.juli.logging.DirectJDKLog][restartedMain][173]Initializing ProtocolHandler ["http-nio-8081"]
[2023-11-22 21:03:58.058][INFO ][org.apache.juli.logging.DirectJDKLog][restartedMain][173]Starting service [Tomcat]
[2023-11-22 21:03:58.058][INFO ][org.apache.juli.logging.DirectJDKLog][restartedMain][173]Starting Servlet engine: [Apache Tomcat/9.0.80]
[2023-11-22 21:03:58.058][INFO ][org.apache.juli.logging.DirectJDKLog][restartedMain][173]Initializing Spring embedded WebApplicationContext
[2023-11-22 21:03:58.058][INFO ][org.springframework.boot.web.servlet.context.ServletWebServerApplicationContext][restartedMain][292]Root WebApplicationContext: initialization completed in 1195 ms
[2023-11-22 21:03:58.058][INFO ][org.hibernate.jpa.internal.util.LogHelper][restartedMain][31]HHH000204: Processing PersistenceUnitInfo [name: default]
[2023-11-22 21:03:58.058][INFO ][org.hibernate.Version][restartedMain][44]HHH000412: Hibernate ORM core version 5.6.15.Final
[2023-11-22 21:03:58.058][INFO ][org.hibernate.annotations.common.reflection.java.JavaReflectionManager][restartedMain][56]HCANN000001: Hibernate Commons Annotations {5.1.2.Final}
[2023-11-22 21:03:59.059][INFO ][com.zaxxer.hikari.HikariDataSource][restartedMain][110]HikariPool-1 - Starting...
[2023-11-22 21:04:01.001][INFO ][com.zaxxer.hikari.HikariDataSource][restartedMain][123]HikariPool-1 - Start completed.
[2023-11-22 21:04:01.001][INFO ][org.hibernate.dialect.Dialect][restartedMain][175]HHH000400: Using dialect: org.hibernate.dialect.PostgreSQL10Dialect
[2023-11-22 21:04:09.009][INFO ][org.hibernate.engine.transaction.jta.platform.internal.JtaPlatformInitiator][restartedMain][52]HHH000490: Using JtaPlatform implementation: [org.hibernate.engine.transaction.jta.platform.internal.NoJtaPlatform]
[2023-11-22 21:04:09.009][INFO ][org.springframework.orm.jpa.AbstractEntityManagerFactoryBean][restartedMain][437]Initialized JPA EntityManagerFactory for persistence unit 'default'
[2023-11-22 21:04:09.009][WARN ][org.springframework.boot.autoconfigure.orm.jpa.JpaBaseConfiguration$JpaWebConfiguration][restartedMain][223]spring.jpa.open-in-view is enabled by default. Therefore, database queries may be performed during view rendering. Explicitly configure spring.jpa.open-in-view to disable this warning
[2023-11-22 21:04:09.009][WARN ][org.springframework.security.oauth2.provider.token.store.JwtAccessTokenConverter][restartedMain][306]Unable to create an RSA verifier from verifierKey (ignoreable if using MAC)
[2023-11-22 21:04:10.010][INFO ][org.springframework.security.web.DefaultSecurityFilterChain][restartedMain][55]Will secure Or [Ant [pattern='/oauth/token'], Ant [pattern='/oauth/token_key'], Ant [pattern='/oauth/check_token']] with [org.springframework.security.web.session.DisableEncodeUrlFilter@2dec4eb2, org.springframework.security.web.context.request.async.WebAsyncManagerIntegrationFilter@74ba89f5, org.springframework.security.web.context.SecurityContextPersistenceFilter@6c147071, org.springframework.security.web.header.HeaderWriterFilter@33e17a0b, org.springframework.security.web.authentication.logout.LogoutFilter@7e684c49, org.springframework.security.oauth2.provider.client.ClientCredentialsTokenEndpointFilter@7fe86a77, org.springframework.security.web.authentication.www.BasicAuthenticationFilter@4448f8a9, org.springframework.security.web.savedrequest.RequestCacheAwareFilter@1c4b5bb6, org.springframework.security.web.servletapi.SecurityContextHolderAwareRequestFilter@3953284c, org.springframework.security.web.authentication.AnonymousAuthenticationFilter@57210b37, org.springframework.security.web.session.SessionManagementFilter@2bb6008d, org.springframework.security.web.access.ExceptionTranslationFilter@67b076dc, org.springframework.security.web.access.intercept.FilterSecurityInterceptor@7c43df02]
[2023-11-22 21:04:10.010][INFO ][org.springframework.security.web.DefaultSecurityFilterChain][restartedMain][55]Will secure Ant [pattern='/**'] with [org.springframework.security.web.session.DisableEncodeUrlFilter@3d797666, org.springframework.security.web.context.request.async.WebAsyncManagerIntegrationFilter@c0d67f0, org.springframework.security.web.context.SecurityContextPersistenceFilter@732cdf9d, org.springframework.security.web.header.HeaderWriterFilter@6da151a3, org.springframework.web.filter.CorsFilter@243f2276, org.springframework.security.web.authentication.logout.LogoutFilter@69702221, org.springframework.security.oauth2.provider.authentication.OAuth2AuthenticationProcessingFilter@24693b67, org.springframework.security.web.authentication.UsernamePasswordAuthenticationFilter@6ca89659, org.springframework.security.web.authentication.ui.DefaultLoginPageGeneratingFilter@14eed5b3, org.springframework.security.web.authentication.ui.DefaultLogoutPageGeneratingFilter@5539818f, org.springframework.security.web.savedrequest.RequestCacheAwareFilter@3d7ab921, org.springframework.security.web.servletapi.SecurityContextHolderAwareRequestFilter@5a31cb64, org.springframework.security.web.authentication.AnonymousAuthenticationFilter@23050708, org.springframework.security.web.session.SessionManagementFilter@67f53c85, org.springframework.security.web.access.ExceptionTranslationFilter@235da8b9, org.springframework.security.web.access.intercept.FilterSecurityInterceptor@5e90e85e]
[2023-11-22 21:04:10.010][INFO ][org.springframework.security.web.DefaultSecurityFilterChain][restartedMain][55]Will secure any request with [org.springframework.security.web.session.DisableEncodeUrlFilter@360b80eb, org.springframework.security.web.context.request.async.WebAsyncManagerIntegrationFilter@13be2e55, org.springframework.security.web.context.SecurityContextPersistenceFilter@3beac3ae, org.springframework.security.web.header.HeaderWriterFilter@3b29bf01, org.springframework.security.web.csrf.CsrfFilter@771c8a81, org.springframework.security.web.authentication.logout.LogoutFilter@48347493, org.springframework.security.web.authentication.UsernamePasswordAuthenticationFilter@3fb6d4d8, org.springframework.security.web.authentication.ui.DefaultLoginPageGeneratingFilter@65e0c123, org.springframework.security.web.authentication.ui.DefaultLogoutPageGeneratingFilter@1aa738ee, org.springframework.security.web.authentication.www.BasicAuthenticationFilter@23ecad28, org.springframework.security.web.savedrequest.RequestCacheAwareFilter@289d026c, org.springframework.security.web.servletapi.SecurityContextHolderAwareRequestFilter@5eba71c9, org.springframework.security.web.authentication.AnonymousAuthenticationFilter@5ce4437f, org.springframework.security.web.session.SessionManagementFilter@28f26267, org.springframework.security.web.access.ExceptionTranslationFilter@35b4da0d, org.springframework.security.web.access.intercept.FilterSecurityInterceptor@111680c7]
[2023-11-22 21:04:10.010][INFO ][org.springframework.boot.devtools.autoconfigure.OptionalLiveReloadServer][restartedMain][59]LiveReload server is running on port 35729
[2023-11-22 21:04:10.010][INFO ][org.apache.juli.logging.DirectJDKLog][restartedMain][173]Starting ProtocolHandler ["http-nio-8081"]
[2023-11-22 21:04:10.010][INFO ][org.springframework.boot.web.embedded.tomcat.TomcatWebServer][restartedMain][220]Tomcat started on port(s): 8081 (http) with context path '/api'
[2023-11-22 21:04:10.010][INFO ][org.springframework.boot.StartupInfoLogger][restartedMain][61]Started KaryawanApplication in 13.2 seconds (JVM running for 13.611)
[2023-11-22 21:04:23.023][INFO ][org.springframework.orm.jpa.AbstractEntityManagerFactoryBean][SpringApplicationShutdownHook][651]Closing JPA EntityManagerFactory for persistence unit 'default'
[2023-11-22 21:04:23.023][INFO ][com.zaxxer.hikari.HikariDataSource][SpringApplicationShutdownHook][350]HikariPool-1 - Shutdown initiated...
[2023-11-22 21:04:23.023][INFO ][com.zaxxer.hikari.HikariDataSource][SpringApplicationShutdownHook][352]HikariPool-1 - Shutdown completed.
[2023-11-22 21:09:17.017][INFO ][org.hibernate.validator.internal.util.Version][background-preinit][21]HV000001: Hibernate Validator 6.0.21.Final
[2023-11-22 21:09:17.017][INFO ][org.springframework.boot.StartupInfoLogger][restartedMain][55]Starting KaryawanApplication using Java 1.8.0_381 on DESKTOP-Q14BGNT with PID 47988 (D:\Andika\BootCamp(SYNERGY)\Project\Testing\Karyawan_Railway\target\classes started by Andika in D:\Andika\BootCamp(SYNERGY)\Project\Testing\Karyawan_Railway)
[2023-11-22 21:09:17.017][INFO ][org.springframework.boot.SpringApplication][restartedMain][637]The following 1 profile is active: "rw"
[2023-11-22 21:09:17.017][INFO ][org.springframework.boot.logging.DeferredLog][restartedMain][255]Devtools property defaults active! Set 'spring.devtools.add-properties' to 'false' to disable
[2023-11-22 21:09:17.017][INFO ][org.springframework.boot.logging.DeferredLog][restartedMain][255]For additional web related logging consider setting the 'logging.level.web' property to 'DEBUG'
[2023-11-22 21:09:17.017][INFO ][org.springframework.data.repository.config.RepositoryConfigurationDelegate][restartedMain][132]Bootstrapping Spring Data JPA repositories in DEFAULT mode.
[2023-11-22 21:09:18.018][INFO ][org.springframework.data.repository.config.RepositoryConfigurationDelegate][restartedMain][201]Finished Spring Data repository scanning in 48 ms. Found 9 JPA repository interfaces.
[2023-11-22 21:09:18.018][INFO ][org.springframework.boot.web.embedded.tomcat.TomcatWebServer][restartedMain][108]Tomcat initialized with port(s): 8081 (http)
[2023-11-22 21:09:18.018][INFO ][org.apache.juli.logging.DirectJDKLog][restartedMain][173]Initializing ProtocolHandler ["http-nio-8081"]
[2023-11-22 21:09:18.018][INFO ][org.apache.juli.logging.DirectJDKLog][restartedMain][173]Starting service [Tomcat]
[2023-11-22 21:09:18.018][INFO ][org.apache.juli.logging.DirectJDKLog][restartedMain][173]Starting Servlet engine: [Apache Tomcat/9.0.80]
[2023-11-22 21:09:18.018][INFO ][org.apache.juli.logging.DirectJDKLog][restartedMain][173]Initializing Spring embedded WebApplicationContext
[2023-11-22 21:09:18.018][INFO ][org.springframework.boot.web.servlet.context.ServletWebServerApplicationContext][restartedMain][292]Root WebApplicationContext: initialization completed in 1141 ms
[2023-11-22 21:09:18.018][INFO ][org.hibernate.jpa.internal.util.LogHelper][restartedMain][31]HHH000204: Processing PersistenceUnitInfo [name: default]
[2023-11-22 21:09:18.018][INFO ][org.hibernate.Version][restartedMain][44]HHH000412: Hibernate ORM core version 5.6.15.Final
[2023-11-22 21:09:18.018][INFO ][org.hibernate.annotations.common.reflection.java.JavaReflectionManager][restartedMain][56]HCANN000001: Hibernate Commons Annotations {5.1.2.Final}
[2023-11-22 21:09:18.018][INFO ][com.zaxxer.hikari.HikariDataSource][restartedMain][110]HikariPool-1 - Starting...
[2023-11-22 21:09:21.021][INFO ][com.zaxxer.hikari.HikariDataSource][restartedMain][123]HikariPool-1 - Start completed.
[2023-11-22 21:09:21.021][INFO ][org.hibernate.dialect.Dialect][restartedMain][175]HHH000400: Using dialect: org.hibernate.dialect.PostgreSQL10Dialect
[2023-11-22 21:09:28.028][INFO ][org.hibernate.engine.transaction.jta.platform.internal.JtaPlatformInitiator][restartedMain][52]HHH000490: Using JtaPlatform implementation: [org.hibernate.engine.transaction.jta.platform.internal.NoJtaPlatform]
[2023-11-22 21:09:28.028][INFO ][org.springframework.orm.jpa.AbstractEntityManagerFactoryBean][restartedMain][437]Initialized JPA EntityManagerFactory for persistence unit 'default'
[2023-11-22 21:09:28.028][WARN ][org.springframework.boot.autoconfigure.orm.jpa.JpaBaseConfiguration$JpaWebConfiguration][restartedMain][223]spring.jpa.open-in-view is enabled by default. Therefore, database queries may be performed during view rendering. Explicitly configure spring.jpa.open-in-view to disable this warning
[2023-11-22 21:09:28.028][WARN ][org.springframework.security.oauth2.provider.token.store.JwtAccessTokenConverter][restartedMain][306]Unable to create an RSA verifier from verifierKey (ignoreable if using MAC)
[2023-11-22 21:09:29.029][INFO ][org.springframework.security.web.DefaultSecurityFilterChain][restartedMain][55]Will secure Or [Ant [pattern='/oauth/token'], Ant [pattern='/oauth/token_key'], Ant [pattern='/oauth/check_token']] with [org.springframework.security.web.session.DisableEncodeUrlFilter@7d558eb3, org.springframework.security.web.context.request.async.WebAsyncManagerIntegrationFilter@2dec4eb2, org.springframework.security.web.context.SecurityContextPersistenceFilter@549d79cb, org.springframework.security.web.header.HeaderWriterFilter@5c947808, org.springframework.security.web.authentication.logout.LogoutFilter@283fc04b, org.springframework.security.oauth2.provider.client.ClientCredentialsTokenEndpointFilter@271f84b6, org.springframework.security.web.authentication.www.BasicAuthenticationFilter@17e0f1bb, org.springframework.security.web.savedrequest.RequestCacheAwareFilter@7e281af, org.springframework.security.web.servletapi.SecurityContextHolderAwareRequestFilter@7f834ae1, org.springframework.security.web.authentication.AnonymousAuthenticationFilter@74ba89f5, org.springframework.security.web.session.SessionManagementFilter@4fd4893d, org.springframework.security.web.access.ExceptionTranslationFilter@8ae9ce6, org.springframework.security.web.access.intercept.FilterSecurityInterceptor@6b437322]
[2023-11-22 21:09:29.029][INFO ][org.springframework.security.web.DefaultSecurityFilterChain][restartedMain][55]Will secure Ant [pattern='/**'] with [org.springframework.security.web.session.DisableEncodeUrlFilter@6472a0ae, org.springframework.security.web.context.request.async.WebAsyncManagerIntegrationFilter@3d797666, org.springframework.security.web.context.SecurityContextPersistenceFilter@67f53c85, org.springframework.security.web.header.HeaderWriterFilter@235da8b9, org.springframework.web.filter.CorsFilter@c0d67f0, org.springframework.security.web.authentication.logout.LogoutFilter@1ab3084, org.springframework.security.oauth2.provider.authentication.OAuth2AuthenticationProcessingFilter@60223f0, org.springframework.security.web.authentication.UsernamePasswordAuthenticationFilter@415e036a, org.springframework.security.web.authentication.ui.DefaultLoginPageGeneratingFilter@5a31cb64, org.springframework.security.web.authentication.ui.DefaultLogoutPageGeneratingFilter@243f2276, org.springframework.security.web.savedrequest.RequestCacheAwareFilter@732cdf9d, org.springframework.security.web.servletapi.SecurityContextHolderAwareRequestFilter@3d7ab921, org.springframework.security.web.authentication.AnonymousAuthenticationFilter@5539818f, org.springframework.security.web.session.SessionManagementFilter@6da151a3, org.springframework.security.web.access.ExceptionTranslationFilter@685f8244, org.springframework.security.web.access.intercept.FilterSecurityInterceptor@59da310b]
[2023-11-22 21:09:29.029][INFO ][org.springframework.security.web.DefaultSecurityFilterChain][restartedMain][55]Will secure any request with [org.springframework.security.web.session.DisableEncodeUrlFilter@23ecad28, org.springframework.security.web.context.request.async.WebAsyncManagerIntegrationFilter@360b80eb, org.springframework.security.web.context.SecurityContextPersistenceFilter@28f26267, org.springframework.security.web.header.HeaderWriterFilter@35b4da0d, org.springframework.security.web.csrf.CsrfFilter@711305a, org.springframework.security.web.authentication.logout.LogoutFilter@8fa9982, org.springframework.security.web.authentication.UsernamePasswordAuthenticationFilter@111680c7, org.springframework.security.web.authentication.ui.DefaultLoginPageGeneratingFilter@5eba71c9, org.springframework.security.web.authentication.ui.DefaultLogoutPageGeneratingFilter@13be2e55, org.springframework.security.web.authentication.www.BasicAuthenticationFilter@3fb6d4d8, org.springframework.security.web.savedrequest.RequestCacheAwareFilter@3beac3ae, org.springframework.security.web.servletapi.SecurityContextHolderAwareRequestFilter@289d026c, org.springframework.security.web.authentication.AnonymousAuthenticationFilter@1aa738ee, org.springframework.security.web.session.SessionManagementFilter@3b29bf01, org.springframework.security.web.access.ExceptionTranslationFilter@34f4eff8, org.springframework.security.web.access.intercept.FilterSecurityInterceptor@7a6de3f5]
[2023-11-22 21:09:29.029][INFO ][org.springframework.boot.devtools.autoconfigure.OptionalLiveReloadServer][restartedMain][59]LiveReload server is running on port 35729
[2023-11-22 21:09:29.029][INFO ][org.apache.juli.logging.DirectJDKLog][restartedMain][173]Starting ProtocolHandler ["http-nio-8081"]
[2023-11-22 21:09:29.029][INFO ][org.springframework.boot.web.embedded.tomcat.TomcatWebServer][restartedMain][220]Tomcat started on port(s): 8081 (http) with context path '/api'
[2023-11-22 21:09:29.029][INFO ][org.springframework.boot.StartupInfoLogger][restartedMain][61]Started KaryawanApplication in 12.494 seconds (JVM running for 12.817)
[2023-11-22 21:10:30.030][INFO ][org.springframework.orm.jpa.AbstractEntityManagerFactoryBean][SpringApplicationShutdownHook][651]Closing JPA EntityManagerFactory for persistence unit 'default'
[2023-11-22 21:10:30.030][INFO ][com.zaxxer.hikari.HikariDataSource][SpringApplicationShutdownHook][350]HikariPool-1 - Shutdown initiated...
[2023-11-22 21:10:30.030][INFO ][com.zaxxer.hikari.HikariDataSource][SpringApplicationShutdownHook][352]HikariPool-1 - Shutdown completed.
