[2023-10-27 15:49:02,976][INFO ][org.springframework.boot.StartupInfoLogger][main][51]Starting KaryawanApplication using Java 20 with PID 21508 (D:\Andika\BootCamp(SYNERGY)\Project\Testing\karyawan\target\classes started by Andika in D:\Andika\BootCamp(SYNERGY)\Project\Testing\karyawan)
[2023-10-27 15:49:02,977][INFO ][org.springframework.boot.SpringApplication][main][637]No active profile set, falling back to 1 default profile: "default"
[2023-10-27 15:49:03,413][INFO ][org.springframework.data.repository.config.RepositoryConfigurationDelegate][main][138]Bootstrapping Spring Data JPA repositories in DEFAULT mode.
[2023-10-27 15:49:03,451][INFO ][org.springframework.data.repository.config.RepositoryConfigurationDelegate][main][208]Finished Spring Data repository scanning in 32 ms. Found 1 JPA repository interfaces.
[2023-10-27 15:49:03,766][INFO ][org.springframework.boot.web.embedded.tomcat.TomcatWebServer][main][108]Tomcat initialized with port(s): 8081 (http)
[2023-10-27 15:49:03,771][INFO ][org.apache.juli.logging.DirectJDKLog][main][173]Initializing ProtocolHandler ["http-nio-8081"]
[2023-10-27 15:49:03,772][INFO ][org.apache.juli.logging.DirectJDKLog][main][173]Starting service [Tomcat]
[2023-10-27 15:49:03,772][INFO ][org.apache.juli.logging.DirectJDKLog][main][173]Starting Servlet engine: [Apache Tomcat/10.1.13]
[2023-10-27 15:49:03,821][INFO ][org.apache.juli.logging.DirectJDKLog][main][173]Initializing Spring embedded WebApplicationContext
[2023-10-27 15:49:03,822][INFO ][org.springframework.boot.web.servlet.context.ServletWebServerApplicationContext][main][291]Root WebApplicationContext: initialization completed in 821 ms
[2023-10-27 15:49:03,925][INFO ][org.hibernate.jpa.internal.util.LogHelper][main][31]HHH000204: Processing PersistenceUnitInfo [name: default]
[2023-10-27 15:49:03,971][INFO ][org.hibernate.Version][main][44]HHH000412: Hibernate ORM core version 6.2.9.Final
[2023-10-27 15:49:03,972][INFO ][org.hibernate.cfg.Environment][main][191]HHH000406: Using bytecode reflection optimizer
[2023-10-27 15:49:04,061][INFO ][org.hibernate.bytecode.internal.BytecodeProviderInitiator][main][53]HHH000021: Bytecode provider name : bytebuddy
[2023-10-27 15:49:04,142][INFO ][org.springframework.orm.jpa.persistenceunit.SpringPersistenceUnitInfo][main][87]No LoadTimeWeaver setup: ignoring JPA class transformer
[2023-10-27 15:49:04,151][INFO ][com.zaxxer.hikari.HikariDataSource][main][110]HikariPool-1 - Starting...
[2023-10-27 15:49:04,254][INFO ][com.zaxxer.hikari.pool.HikariPool][main][565]HikariPool-1 - Added connection org.postgresql.jdbc.PgConnection@7e18ced7
[2023-10-27 15:49:04,254][INFO ][com.zaxxer.hikari.HikariDataSource][main][123]HikariPool-1 - Start completed.
[2023-10-27 15:49:04,524][INFO ][org.hibernate.bytecode.internal.BytecodeProviderInitiator][main][53]HHH000021: Bytecode provider name : bytebuddy
[2023-10-27 15:49:04,885][INFO ][org.hibernate.engine.transaction.jta.platform.internal.JtaPlatformInitiator][main][51]HHH000490: Using JtaPlatform implementation: [org.hibernate.engine.transaction.jta.platform.internal.NoJtaPlatform]
[2023-10-27 15:49:04,999][INFO ][org.springframework.orm.jpa.AbstractEntityManagerFactoryBean][main][437]Initialized JPA EntityManagerFactory for persistence unit 'default'
[2023-10-27 15:49:05,153][INFO ][org.springframework.data.jpa.repository.query.QueryEnhancerFactory][main][47]Hibernate is in classpath; If applicable, HQL parser will be used.
[2023-10-27 15:49:05,350][WARN ][org.springframework.boot.autoconfigure.orm.jpa.JpaBaseConfiguration$JpaWebConfiguration][main][231]spring.jpa.open-in-view is enabled by default. Therefore, database queries may be performed during view rendering. Explicitly configure spring.jpa.open-in-view to disable this warning
[2023-10-27 15:49:05,528][INFO ][org.apache.juli.logging.DirectJDKLog][main][173]Starting ProtocolHandler ["http-nio-8081"]
[2023-10-27 15:49:05,541][INFO ][org.springframework.boot.web.embedded.tomcat.TomcatWebServer][main][220]Tomcat started on port(s): 8081 (http) with context path '/api'
[2023-10-27 15:49:05,547][INFO ][org.springframework.boot.StartupInfoLogger][main][57]Started KaryawanApplication in 2.871 seconds (process running for 3.1)
[2023-10-27 15:49:09,926][INFO ][org.springframework.orm.jpa.AbstractEntityManagerFactoryBean][SpringApplicationShutdownHook][650]Closing JPA EntityManagerFactory for persistence unit 'default'
[2023-10-27 15:49:09,927][INFO ][com.zaxxer.hikari.HikariDataSource][SpringApplicationShutdownHook][350]HikariPool-1 - Shutdown initiated...
[2023-10-27 15:49:09,928][INFO ][com.zaxxer.hikari.HikariDataSource][SpringApplicationShutdownHook][352]HikariPool-1 - Shutdown completed.
[2023-10-27 16:20:18,792][INFO ][org.springframework.boot.StartupInfoLogger][main][51]Starting KaryawanApplication using Java 20 with PID 2684 (D:\Andika\BootCamp(SYNERGY)\Project\Testing\karyawan\target\classes started by Andika in D:\Andika\BootCamp(SYNERGY)\Project\Testing\karyawan)
[2023-10-27 16:20:18,793][INFO ][org.springframework.boot.SpringApplication][main][637]No active profile set, falling back to 1 default profile: "default"
[2023-10-27 16:20:19,101][INFO ][org.springframework.data.repository.config.RepositoryConfigurationDelegate][main][138]Bootstrapping Spring Data JPA repositories in DEFAULT mode.
[2023-10-27 16:20:19,133][INFO ][org.springframework.data.repository.config.RepositoryConfigurationDelegate][main][208]Finished Spring Data repository scanning in 26 ms. Found 1 JPA repository interfaces.
[2023-10-27 16:20:19,434][INFO ][org.springframework.boot.web.embedded.tomcat.TomcatWebServer][main][108]Tomcat initialized with port(s): 8081 (http)
[2023-10-27 16:20:19,441][INFO ][org.apache.juli.logging.DirectJDKLog][main][173]Initializing ProtocolHandler ["http-nio-8081"]
[2023-10-27 16:20:19,442][INFO ][org.apache.juli.logging.DirectJDKLog][main][173]Starting service [Tomcat]
[2023-10-27 16:20:19,443][INFO ][org.apache.juli.logging.DirectJDKLog][main][173]Starting Servlet engine: [Apache Tomcat/10.1.13]
[2023-10-27 16:20:19,494][INFO ][org.apache.juli.logging.DirectJDKLog][main][173]Initializing Spring embedded WebApplicationContext
[2023-10-27 16:20:19,494][INFO ][org.springframework.boot.web.servlet.context.ServletWebServerApplicationContext][main][291]Root WebApplicationContext: initialization completed in 679 ms
[2023-10-27 16:20:19,571][INFO ][org.hibernate.jpa.internal.util.LogHelper][main][31]HHH000204: Processing PersistenceUnitInfo [name: default]
[2023-10-27 16:20:19,598][INFO ][org.hibernate.Version][main][44]HHH000412: Hibernate ORM core version 6.2.9.Final
[2023-10-27 16:20:19,599][INFO ][org.hibernate.cfg.Environment][main][191]HHH000406: Using bytecode reflection optimizer
[2023-10-27 16:20:19,658][INFO ][org.hibernate.bytecode.internal.BytecodeProviderInitiator][main][53]HHH000021: Bytecode provider name : bytebuddy
[2023-10-27 16:20:19,728][INFO ][org.springframework.orm.jpa.persistenceunit.SpringPersistenceUnitInfo][main][87]No LoadTimeWeaver setup: ignoring JPA class transformer
[2023-10-27 16:20:19,737][INFO ][com.zaxxer.hikari.HikariDataSource][main][110]HikariPool-1 - Starting...
[2023-10-27 16:20:19,837][INFO ][com.zaxxer.hikari.pool.HikariPool][main][565]HikariPool-1 - Added connection org.postgresql.jdbc.PgConnection@54c11750
[2023-10-27 16:20:19,838][INFO ][com.zaxxer.hikari.HikariDataSource][main][123]HikariPool-1 - Start completed.
[2023-10-27 16:20:20,007][INFO ][org.hibernate.bytecode.internal.BytecodeProviderInitiator][main][53]HHH000021: Bytecode provider name : bytebuddy
[2023-10-27 16:20:20,380][INFO ][org.hibernate.engine.transaction.jta.platform.internal.JtaPlatformInitiator][main][51]HHH000490: Using JtaPlatform implementation: [org.hibernate.engine.transaction.jta.platform.internal.NoJtaPlatform]
[2023-10-27 16:20:20,428][INFO ][org.springframework.orm.jpa.AbstractEntityManagerFactoryBean][main][437]Initialized JPA EntityManagerFactory for persistence unit 'default'
[2023-10-27 16:20:20,575][INFO ][org.springframework.data.jpa.repository.query.QueryEnhancerFactory][main][47]Hibernate is in classpath; If applicable, HQL parser will be used.
[2023-10-27 16:20:20,783][WARN ][org.springframework.boot.autoconfigure.orm.jpa.JpaBaseConfiguration$JpaWebConfiguration][main][231]spring.jpa.open-in-view is enabled by default. Therefore, database queries may be performed during view rendering. Explicitly configure spring.jpa.open-in-view to disable this warning
[2023-10-27 16:20:20,984][INFO ][org.apache.juli.logging.DirectJDKLog][main][173]Starting ProtocolHandler ["http-nio-8081"]
[2023-10-27 16:20:21,007][INFO ][org.springframework.boot.web.embedded.tomcat.TomcatWebServer][main][220]Tomcat started on port(s): 8081 (http) with context path '/api'
[2023-10-27 16:20:21,015][INFO ][org.springframework.boot.StartupInfoLogger][main][57]Started KaryawanApplication in 2.479 seconds (process running for 2.661)
[2023-10-27 16:20:34,261][INFO ][org.apache.juli.logging.DirectJDKLog][http-nio-8081-exec-2][173]Initializing Spring DispatcherServlet 'dispatcherServlet'
[2023-10-27 16:20:34,261][INFO ][org.springframework.web.servlet.FrameworkServlet][http-nio-8081-exec-2][532]Initializing Servlet 'dispatcherServlet'
[2023-10-27 16:20:34,262][INFO ][org.springframework.web.servlet.FrameworkServlet][http-nio-8081-exec-2][554]Completed initialization in 1 ms
[2023-10-27 16:27:44,315][INFO ][org.springframework.orm.jpa.AbstractEntityManagerFactoryBean][SpringApplicationShutdownHook][650]Closing JPA EntityManagerFactory for persistence unit 'default'
[2023-10-27 16:27:44,316][INFO ][com.zaxxer.hikari.HikariDataSource][SpringApplicationShutdownHook][350]HikariPool-1 - Shutdown initiated...
[2023-10-27 16:27:44,317][INFO ][com.zaxxer.hikari.HikariDataSource][SpringApplicationShutdownHook][352]HikariPool-1 - Shutdown completed.
